[0.012s] Invoking command in '/home/marcus/ros2_ws/src/urdf_tutorial/build/urdf_tutorial': CMAKE_PREFIX_PATH=${CMAKE_PREFIX_PATH}:/home/marcus/ros2_ws/install/joint_state_publisher_gui:/home/marcus/ros2_ws/install/joint_state_publisher:/opt/ros/humble /usr/bin/cmake /home/marcus/ros2_ws/src/urdf_tutorial -DCMAKE_INSTALL_PREFIX=/home/marcus/ros2_ws/src/urdf_tutorial/install/urdf_tutorial
[0.060s] -- The C compiler identification is GNU 11.3.0
[0.108s] -- The CXX compiler identification is GNU 11.3.0
[0.115s] -- Detecting C compiler ABI info
[0.172s] -- Detecting C compiler ABI info - done
[0.179s] -- Check for working C compiler: /usr/bin/cc - skipped
[0.180s] -- Detecting C compile features
[0.180s] -- Detecting C compile features - done
[0.183s] -- Detecting CXX compiler ABI info
[0.249s] -- Detecting CXX compiler ABI info - done
[0.256s] -- Check for working CXX compiler: /usr/bin/c++ - skipped
[0.256s] -- Detecting CXX compile features
[0.256s] -- Detecting CXX compile features - done
[0.258s] -- Found ament_cmake: 1.3.3 (/opt/ros/humble/share/ament_cmake/cmake)
[0.413s] -- Found Python3: /usr/bin/python3.10 (found version "3.10.6") found components: Interpreter 
[0.488s] -- Found ament_lint_auto: 0.12.5 (/opt/ros/humble/share/ament_lint_auto/cmake)
[0.548s] -- Configuring done
[0.551s] -- Generating done
[0.551s] -- Build files have been written to: /home/marcus/ros2_ws/src/urdf_tutorial/build/urdf_tutorial
[0.556s] Invoked command in '/home/marcus/ros2_ws/src/urdf_tutorial/build/urdf_tutorial' returned '0': CMAKE_PREFIX_PATH=${CMAKE_PREFIX_PATH}:/home/marcus/ros2_ws/install/joint_state_publisher_gui:/home/marcus/ros2_ws/install/joint_state_publisher:/opt/ros/humble /usr/bin/cmake /home/marcus/ros2_ws/src/urdf_tutorial -DCMAKE_INSTALL_PREFIX=/home/marcus/ros2_ws/src/urdf_tutorial/install/urdf_tutorial
[0.559s] Invoking command in '/home/marcus/ros2_ws/src/urdf_tutorial/build/urdf_tutorial': CMAKE_PREFIX_PATH=${CMAKE_PREFIX_PATH}:/home/marcus/ros2_ws/install/joint_state_publisher_gui:/home/marcus/ros2_ws/install/joint_state_publisher:/opt/ros/humble /usr/bin/cmake --build /home/marcus/ros2_ws/src/urdf_tutorial/build/urdf_tutorial -- -j8 -l8
[0.589s] Invoked command in '/home/marcus/ros2_ws/src/urdf_tutorial/build/urdf_tutorial' returned '0': CMAKE_PREFIX_PATH=${CMAKE_PREFIX_PATH}:/home/marcus/ros2_ws/install/joint_state_publisher_gui:/home/marcus/ros2_ws/install/joint_state_publisher:/opt/ros/humble /usr/bin/cmake --build /home/marcus/ros2_ws/src/urdf_tutorial/build/urdf_tutorial -- -j8 -l8
[0.617s] Invoking command in '/home/marcus/ros2_ws/src/urdf_tutorial/build/urdf_tutorial': CMAKE_PREFIX_PATH=${CMAKE_PREFIX_PATH}:/home/marcus/ros2_ws/install/joint_state_publisher_gui:/home/marcus/ros2_ws/install/joint_state_publisher:/opt/ros/humble /usr/bin/cmake --install /home/marcus/ros2_ws/src/urdf_tutorial/build/urdf_tutorial
[0.623s] -- Install configuration: ""
[0.623s] -- Installing: /home/marcus/ros2_ws/src/urdf_tutorial/install/urdf_tutorial/share/urdf_tutorial/images
[0.623s] -- Installing: /home/marcus/ros2_ws/src/urdf_tutorial/install/urdf_tutorial/share/urdf_tutorial/images/multipleshapes.png
[0.623s] -- Installing: /home/marcus/ros2_ws/src/urdf_tutorial/install/urdf_tutorial/share/urdf_tutorial/images/myfirst.png
[0.624s] -- Installing: /home/marcus/ros2_ws/src/urdf_tutorial/install/urdf_tutorial/share/urdf_tutorial/images/visual.png
[0.624s] -- Installing: /home/marcus/ros2_ws/src/urdf_tutorial/install/urdf_tutorial/share/urdf_tutorial/images/flexible.png
[0.624s] -- Installing: /home/marcus/ros2_ws/src/urdf_tutorial/install/urdf_tutorial/share/urdf_tutorial/images/materials.png
[0.624s] -- Installing: /home/marcus/ros2_ws/src/urdf_tutorial/install/urdf_tutorial/share/urdf_tutorial/images/origins.png
[0.624s] -- Installing: /home/marcus/ros2_ws/src/urdf_tutorial/install/urdf_tutorial/share/urdf_tutorial/launch
[0.625s] -- Installing: /home/marcus/ros2_ws/src/urdf_tutorial/install/urdf_tutorial/share/urdf_tutorial/launch/display.launch.py
[0.625s] -- Installing: /home/marcus/ros2_ws/src/urdf_tutorial/install/urdf_tutorial/share/urdf_tutorial/meshes
[0.625s] -- Installing: /home/marcus/ros2_ws/src/urdf_tutorial/install/urdf_tutorial/share/urdf_tutorial/meshes/l_finger_tip_color.png
[0.625s] -- Installing: /home/marcus/ros2_ws/src/urdf_tutorial/install/urdf_tutorial/share/urdf_tutorial/meshes/l_finger.dae
[0.625s] -- Installing: /home/marcus/ros2_ws/src/urdf_tutorial/install/urdf_tutorial/share/urdf_tutorial/meshes/l_finger_tip.dae
[0.625s] -- Installing: /home/marcus/ros2_ws/src/urdf_tutorial/install/urdf_tutorial/share/urdf_tutorial/meshes/l_finger_color.png
[0.625s] -- Installing: /home/marcus/ros2_ws/src/urdf_tutorial/install/urdf_tutorial/share/urdf_tutorial/rviz
[0.625s] -- Installing: /home/marcus/ros2_ws/src/urdf_tutorial/install/urdf_tutorial/share/urdf_tutorial/rviz/urdf.rviz
[0.625s] -- Installing: /home/marcus/ros2_ws/src/urdf_tutorial/install/urdf_tutorial/share/urdf_tutorial/urdf
[0.626s] -- Installing: /home/marcus/ros2_ws/src/urdf_tutorial/install/urdf_tutorial/share/urdf_tutorial/urdf/07-physics.urdf
[0.626s] -- Installing: /home/marcus/ros2_ws/src/urdf_tutorial/install/urdf_tutorial/share/urdf_tutorial/urdf/05-visual.urdf
[0.626s] -- Installing: /home/marcus/ros2_ws/src/urdf_tutorial/install/urdf_tutorial/share/urdf_tutorial/urdf/08-macroed.urdf.xacro
[0.626s] -- Installing: /home/marcus/ros2_ws/src/urdf_tutorial/install/urdf_tutorial/share/urdf_tutorial/urdf/04-materials.urdf
[0.626s] -- Installing: /home/marcus/ros2_ws/src/urdf_tutorial/install/urdf_tutorial/share/urdf_tutorial/urdf/02-multipleshapes.urdf
[0.626s] -- Installing: /home/marcus/ros2_ws/src/urdf_tutorial/install/urdf_tutorial/share/urdf_tutorial/urdf/01-myfirst.urdf
[0.626s] -- Installing: /home/marcus/ros2_ws/src/urdf_tutorial/install/urdf_tutorial/share/urdf_tutorial/urdf/06-flexible.urdf
[0.627s] -- Installing: /home/marcus/ros2_ws/src/urdf_tutorial/install/urdf_tutorial/share/urdf_tutorial/urdf/03-origins.urdf
[0.627s] -- Installing: /home/marcus/ros2_ws/src/urdf_tutorial/install/urdf_tutorial/share/ament_index/resource_index/package_run_dependencies/urdf_tutorial
[0.627s] -- Installing: /home/marcus/ros2_ws/src/urdf_tutorial/install/urdf_tutorial/share/ament_index/resource_index/parent_prefix_path/urdf_tutorial
[0.627s] -- Installing: /home/marcus/ros2_ws/src/urdf_tutorial/install/urdf_tutorial/share/urdf_tutorial/environment/ament_prefix_path.sh
[0.627s] -- Installing: /home/marcus/ros2_ws/src/urdf_tutorial/install/urdf_tutorial/share/urdf_tutorial/environment/ament_prefix_path.dsv
[0.627s] -- Installing: /home/marcus/ros2_ws/src/urdf_tutorial/install/urdf_tutorial/share/urdf_tutorial/environment/path.sh
[0.628s] -- Installing: /home/marcus/ros2_ws/src/urdf_tutorial/install/urdf_tutorial/share/urdf_tutorial/environment/path.dsv
[0.628s] -- Installing: /home/marcus/ros2_ws/src/urdf_tutorial/install/urdf_tutorial/share/urdf_tutorial/local_setup.bash
[0.628s] -- Installing: /home/marcus/ros2_ws/src/urdf_tutorial/install/urdf_tutorial/share/urdf_tutorial/local_setup.sh
[0.628s] -- Installing: /home/marcus/ros2_ws/src/urdf_tutorial/install/urdf_tutorial/share/urdf_tutorial/local_setup.zsh
[0.628s] -- Installing: /home/marcus/ros2_ws/src/urdf_tutorial/install/urdf_tutorial/share/urdf_tutorial/local_setup.dsv
[0.628s] -- Installing: /home/marcus/ros2_ws/src/urdf_tutorial/install/urdf_tutorial/share/urdf_tutorial/package.dsv
[0.628s] -- Installing: /home/marcus/ros2_ws/src/urdf_tutorial/install/urdf_tutorial/share/ament_index/resource_index/packages/urdf_tutorial
[0.628s] -- Installing: /home/marcus/ros2_ws/src/urdf_tutorial/install/urdf_tutorial/share/urdf_tutorial/cmake/urdf_tutorialConfig.cmake
[0.629s] -- Installing: /home/marcus/ros2_ws/src/urdf_tutorial/install/urdf_tutorial/share/urdf_tutorial/cmake/urdf_tutorialConfig-version.cmake
[0.629s] -- Installing: /home/marcus/ros2_ws/src/urdf_tutorial/install/urdf_tutorial/share/urdf_tutorial/package.xml
[0.630s] Invoked command in '/home/marcus/ros2_ws/src/urdf_tutorial/build/urdf_tutorial' returned '0': CMAKE_PREFIX_PATH=${CMAKE_PREFIX_PATH}:/home/marcus/ros2_ws/install/joint_state_publisher_gui:/home/marcus/ros2_ws/install/joint_state_publisher:/opt/ros/humble /usr/bin/cmake --install /home/marcus/ros2_ws/src/urdf_tutorial/build/urdf_tutorial
