[0.043s] Invoking command in '/home/marcus/ros2_ws/build/crane_cpp': CMAKE_PREFIX_PATH=${CMAKE_PREFIX_PATH}:/home/marcus/second_ros2_ws/install/urdf_tutorial_r2d2:/home/marcus/ros2_ws_urdf_sim/install/urdf_tutorial_r2d2:/home/marcus/ros2_humble/install/rqt_bag_plugins:/home/marcus/ros2_humble/install/rqt_bag:/home/marcus/ros2_humble/install/ros2bag:/home/marcus/ros2_humble/install/tracetools_test:/home/marcus/ros2_humble/install/tracetools_launch:/home/marcus/ros2_humble/install/topic_monitor:/home/marcus/ros2_humble/install/tf2_tools:/home/marcus/ros2_humble/install/examples_tf2_py:/home/marcus/ros2_humble/install/tf2_ros_py:/home/marcus/ros2_humble/install/sros2:/home/marcus/ros2_humble/install/rqt_topic:/home/marcus/ros2_humble/install/rqt_srv:/home/marcus/ros2_humble/install/rqt_shell:/home/marcus/ros2_humble/install/rqt_service_caller:/home/marcus/ros2_humble/install/rqt_reconfigure:/home/marcus/ros2_humble/install/rqt_py_console:/home/marcus/ros2_humble/install/rqt_publisher:/home/marcus/ros2_humble/install/rqt_plot:/home/marcus/ros2_humble/install/rqt_action:/home/marcus/ros2_humble/install/rqt_msg:/home/marcus/ros2_humble/install/rqt_console:/home/marcus/ros2_humble/install/rqt:/home/marcus/ros2_humble/install/rqt_graph:/home/marcus/ros2_humble/install/rqt_gui_py:/home/marcus/ros2_humble/install/rqt_gui:/home/marcus/ros2_humble/install/ros2trace:/home/marcus/ros2_humble/install/ros2topic:/home/marcus/ros2_humble/install/ros2test:/home/marcus/ros2_humble/install/ros2component:/home/marcus/ros2_humble/install/ros2param:/home/marcus/ros2_humble/install/ros2lifecycle:/home/marcus/ros2_humble/install/ros2service:/home/marcus/ros2_humble/install/ros2run:/home/marcus/ros2_humble/install/ros2launch:/home/marcus/ros2_humble/install/ros2pkg:/home/marcus/ros2_humble/install/ros2node:/home/marcus/ros2_humble/install/ros2multicast:/home/marcus/ros2_humble/install/ros2interface:/home/marcus/ros2_humble/install/ros2doctor:/home/marcus/ros2_humble/install/ros2action:/home/marcus/ros2_humble/install/ros2cli:/home/marcus/ros2_humble/install/quality_of_service_demo_py:/home/marcus/ros2_humble/install/lifecycle_py:/home/marcus/ros2_humble/install/launch_testing_ros:/home/marcus/ros2_humble/install/launch_ros:/home/marcus/ros2_humble/install/examples_rclpy_pointcloud_publisher:/home/marcus/ros2_humble/install/examples_rclpy_minimal_subscriber:/home/marcus/ros2_humble/install/examples_rclpy_minimal_service:/home/marcus/ros2_humble/install/examples_rclpy_minimal_publisher:/home/marcus/ros2_humble/install/examples_rclpy_minimal_client:/home/marcus/ros2_humble/install/examples_rclpy_minimal_action_server:/home/marcus/ros2_humble/install/examples_rclpy_minimal_action_client:/home/marcus/ros2_humble/install/examples_rclpy_guard_conditions:/home/marcus/ros2_humble/install/examples_rclpy_executors:/home/marcus/ros2_humble/install/demo_nodes_py:/home/marcus/ros2_humble/install/action_tutorials_py:/home/marcus/ros2_humble/install/ament_uncrustify:/home/marcus/ros2_humble/install/tracetools_trace:/home/marcus/ros2_humble/install/tracetools_read:/home/marcus/ros2_humble/install/test_tracetools_launch:/home/marcus/ros2_humble/install/test_launch_ros:/home/marcus/ros2_humble/install/sensor_msgs_py:/home/marcus/ros2_humble/install/rpyutils:/home/marcus/ros2_humble/install/rosidl_runtime_py:/home/marcus/ros2_humble/install/rosidl_cli:/home/marcus/ros2_humble/install/launch_pytest:/home/marcus/ros2_humble/install/launch_testing:/home/marcus/ros2_humble/install/launch_yaml:/home/marcus/ros2_humble/install/launch_xml:/home/marcus/ros2_humble/install/launch:/home/marcus/ros2_humble/install/osrf_pycommon:/home/marcus/ros2_humble/install/launch_testing_examples:/home/marcus/ros2_humble/install/domain_coordinator:/home/marcus/ros2_humble/install/ament_xmllint:/home/marcus/ros2_humble/install/ament_pyflakes:/home/marcus/ros2_humble/install/ament_pycodestyle:/home/marcus/ros2_humble/install/ament_pep257:/home/marcus/ros2_humble/install/ament_pclint:/home/marcus/ros2_humble/install/ament_package:/home/marcus/ros2_humble/install/ament_mypy:/home/marcus/ros2_humble/install/ament_lint_cmake:/home/marcus/ros2_humble/install/ament_flake8:/home/marcus/ros2_humble/install/ament_copyright:/home/marcus/ros2_humble/install/ament_lint:/home/marcus/ros2_humble/install/ament_index_python:/home/marcus/ros2_humble/install/ament_cpplint:/home/marcus/ros2_humble/install/ament_cppcheck:/home/marcus/ros2_humble/install/ament_clang_tidy:/home/marcus/ros2_humble/install/ament_clang_format:/home/marcus/ros2_ws/install/joint_state_publisher_gui:/home/marcus/ros2_ws/install/joint_state_publisher:/opt/ros/humble /usr/bin/cmake /home/marcus/ros2_ws/src/crane_cpp -DCMAKE_INSTALL_PREFIX=/home/marcus/ros2_ws/install/crane_cpp
[0.153s] -- The C compiler identification is GNU 11.3.0
[0.221s] -- The CXX compiler identification is GNU 11.3.0
[0.231s] -- Detecting C compiler ABI info
[0.347s] -- Detecting C compiler ABI info - done
[0.354s] -- Check for working C compiler: /usr/bin/cc - skipped
[0.355s] -- Detecting C compile features
[0.355s] -- Detecting C compile features - done
[0.358s] -- Detecting CXX compiler ABI info
[0.484s] -- Detecting CXX compiler ABI info - done
[0.491s] -- Check for working CXX compiler: /usr/bin/c++ - skipped
[0.492s] -- Detecting CXX compile features
[0.492s] -- Detecting CXX compile features - done
[0.516s] -- Found ament_cmake: 1.3.3 (/home/marcus/ros2_humble/install/ament_cmake/share/ament_cmake/cmake)
[1.221s] -- Found Python3: /usr/bin/python3.10 (found version "3.10.6") found components: Interpreter 
[1.744s] -- Found rclcpp: 16.0.3 (/home/marcus/ros2_humble/install/rclcpp/share/rclcpp/cmake)
[1.990s] -- Found rosidl_generator_c: 3.1.4 (/home/marcus/ros2_humble/install/rosidl_generator_c/share/rosidl_generator_c/cmake)
[2.028s] -- Found rosidl_adapter: 3.1.4 (/home/marcus/ros2_humble/install/rosidl_adapter/share/rosidl_adapter/cmake)
[2.075s] -- Found rosidl_generator_cpp: 3.1.4 (/home/marcus/ros2_humble/install/rosidl_generator_cpp/share/rosidl_generator_cpp/cmake)
[2.164s] -- Using all available rosidl_typesupport_c: rosidl_typesupport_introspection_c;rosidl_typesupport_fastrtps_c
[2.269s] -- Using all available rosidl_typesupport_cpp: rosidl_typesupport_introspection_cpp;rosidl_typesupport_fastrtps_cpp
[2.545s] -- Found rmw_implementation_cmake: 6.1.1 (/home/marcus/ros2_humble/install/rmw_implementation_cmake/share/rmw_implementation_cmake/cmake)
[2.590s] -- Found rmw_fastrtps_cpp: 6.2.2 (/home/marcus/ros2_humble/install/rmw_fastrtps_cpp/share/rmw_fastrtps_cpp/cmake)
[2.923s] -- Found OpenSSL: /usr/lib/x86_64-linux-gnu/libcrypto.so (found version "3.0.2")  
[2.993s] -- Found FastRTPS: /home/marcus/ros2_humble/install/fastrtps/include  
[3.131s] -- Using RMW implementation 'rmw_fastrtps_cpp' as default
[3.196s] -- Looking for pthread.h
[3.327s] -- Looking for pthread.h - found
[3.327s] -- Performing Test CMAKE_HAVE_LIBC_PTHREAD
[3.447s] -- Performing Test CMAKE_HAVE_LIBC_PTHREAD - Success
[3.448s] -- Found Threads: TRUE  
[3.744s] [31mCMake Error at CMakeLists.txt:12 (find_package):
[3.744s]   By not providing "Findcrane_interfaces.cmake" in CMAKE_MODULE_PATH this
[3.744s]   project has asked CMake to find a package configuration file provided by
[3.744s]   "crane_interfaces", but CMake did not find one.
[3.744s] 
[3.744s]   Could not find a package configuration file provided by "crane_interfaces"
[3.744s]   with any of the following names:
[3.745s] 
[3.745s]     crane_interfacesConfig.cmake
[3.745s]     crane_interfaces-config.cmake
[3.745s] 
[3.745s]   Add the installation prefix of "crane_interfaces" to CMAKE_PREFIX_PATH or
[3.745s]   set "crane_interfaces_DIR" to a directory containing one of the above
[3.745s]   files.  If "crane_interfaces" provides a separate development package or
[3.745s]   SDK, be sure it has been installed.
[3.745s] 
[3.745s] [0m
[3.745s] -- Configuring incomplete, errors occurred!
[3.745s] See also "/home/marcus/ros2_ws/build/crane_cpp/CMakeFiles/CMakeOutput.log".
[3.754s] Invoked command in '/home/marcus/ros2_ws/build/crane_cpp' returned '1': CMAKE_PREFIX_PATH=${CMAKE_PREFIX_PATH}:/home/marcus/second_ros2_ws/install/urdf_tutorial_r2d2:/home/marcus/ros2_ws_urdf_sim/install/urdf_tutorial_r2d2:/home/marcus/ros2_humble/install/rqt_bag_plugins:/home/marcus/ros2_humble/install/rqt_bag:/home/marcus/ros2_humble/install/ros2bag:/home/marcus/ros2_humble/install/tracetools_test:/home/marcus/ros2_humble/install/tracetools_launch:/home/marcus/ros2_humble/install/topic_monitor:/home/marcus/ros2_humble/install/tf2_tools:/home/marcus/ros2_humble/install/examples_tf2_py:/home/marcus/ros2_humble/install/tf2_ros_py:/home/marcus/ros2_humble/install/sros2:/home/marcus/ros2_humble/install/rqt_topic:/home/marcus/ros2_humble/install/rqt_srv:/home/marcus/ros2_humble/install/rqt_shell:/home/marcus/ros2_humble/install/rqt_service_caller:/home/marcus/ros2_humble/install/rqt_reconfigure:/home/marcus/ros2_humble/install/rqt_py_console:/home/marcus/ros2_humble/install/rqt_publisher:/home/marcus/ros2_humble/install/rqt_plot:/home/marcus/ros2_humble/install/rqt_action:/home/marcus/ros2_humble/install/rqt_msg:/home/marcus/ros2_humble/install/rqt_console:/home/marcus/ros2_humble/install/rqt:/home/marcus/ros2_humble/install/rqt_graph:/home/marcus/ros2_humble/install/rqt_gui_py:/home/marcus/ros2_humble/install/rqt_gui:/home/marcus/ros2_humble/install/ros2trace:/home/marcus/ros2_humble/install/ros2topic:/home/marcus/ros2_humble/install/ros2test:/home/marcus/ros2_humble/install/ros2component:/home/marcus/ros2_humble/install/ros2param:/home/marcus/ros2_humble/install/ros2lifecycle:/home/marcus/ros2_humble/install/ros2service:/home/marcus/ros2_humble/install/ros2run:/home/marcus/ros2_humble/install/ros2launch:/home/marcus/ros2_humble/install/ros2pkg:/home/marcus/ros2_humble/install/ros2node:/home/marcus/ros2_humble/install/ros2multicast:/home/marcus/ros2_humble/install/ros2interface:/home/marcus/ros2_humble/install/ros2doctor:/home/marcus/ros2_humble/install/ros2action:/home/marcus/ros2_humble/install/ros2cli:/home/marcus/ros2_humble/install/quality_of_service_demo_py:/home/marcus/ros2_humble/install/lifecycle_py:/home/marcus/ros2_humble/install/launch_testing_ros:/home/marcus/ros2_humble/install/launch_ros:/home/marcus/ros2_humble/install/examples_rclpy_pointcloud_publisher:/home/marcus/ros2_humble/install/examples_rclpy_minimal_subscriber:/home/marcus/ros2_humble/install/examples_rclpy_minimal_service:/home/marcus/ros2_humble/install/examples_rclpy_minimal_publisher:/home/marcus/ros2_humble/install/examples_rclpy_minimal_client:/home/marcus/ros2_humble/install/examples_rclpy_minimal_action_server:/home/marcus/ros2_humble/install/examples_rclpy_minimal_action_client:/home/marcus/ros2_humble/install/examples_rclpy_guard_conditions:/home/marcus/ros2_humble/install/examples_rclpy_executors:/home/marcus/ros2_humble/install/demo_nodes_py:/home/marcus/ros2_humble/install/action_tutorials_py:/home/marcus/ros2_humble/install/ament_uncrustify:/home/marcus/ros2_humble/install/tracetools_trace:/home/marcus/ros2_humble/install/tracetools_read:/home/marcus/ros2_humble/install/test_tracetools_launch:/home/marcus/ros2_humble/install/test_launch_ros:/home/marcus/ros2_humble/install/sensor_msgs_py:/home/marcus/ros2_humble/install/rpyutils:/home/marcus/ros2_humble/install/rosidl_runtime_py:/home/marcus/ros2_humble/install/rosidl_cli:/home/marcus/ros2_humble/install/launch_pytest:/home/marcus/ros2_humble/install/launch_testing:/home/marcus/ros2_humble/install/launch_yaml:/home/marcus/ros2_humble/install/launch_xml:/home/marcus/ros2_humble/install/launch:/home/marcus/ros2_humble/install/osrf_pycommon:/home/marcus/ros2_humble/install/launch_testing_examples:/home/marcus/ros2_humble/install/domain_coordinator:/home/marcus/ros2_humble/install/ament_xmllint:/home/marcus/ros2_humble/install/ament_pyflakes:/home/marcus/ros2_humble/install/ament_pycodestyle:/home/marcus/ros2_humble/install/ament_pep257:/home/marcus/ros2_humble/install/ament_pclint:/home/marcus/ros2_humble/install/ament_package:/home/marcus/ros2_humble/install/ament_mypy:/home/marcus/ros2_humble/install/ament_lint_cmake:/home/marcus/ros2_humble/install/ament_flake8:/home/marcus/ros2_humble/install/ament_copyright:/home/marcus/ros2_humble/install/ament_lint:/home/marcus/ros2_humble/install/ament_index_python:/home/marcus/ros2_humble/install/ament_cpplint:/home/marcus/ros2_humble/install/ament_cppcheck:/home/marcus/ros2_humble/install/ament_clang_tidy:/home/marcus/ros2_humble/install/ament_clang_format:/home/marcus/ros2_ws/install/joint_state_publisher_gui:/home/marcus/ros2_ws/install/joint_state_publisher:/opt/ros/humble /usr/bin/cmake /home/marcus/ros2_ws/src/crane_cpp -DCMAKE_INSTALL_PREFIX=/home/marcus/ros2_ws/install/crane_cpp
