[0.099s] Invoking command in '/home/marcus/ros2_ws/build/crane_interfaces': CMAKE_PREFIX_PATH=${CMAKE_PREFIX_PATH}:/home/marcus/second_ros2_ws/install/urdf_tutorial_r2d2:/home/marcus/ros2_ws_urdf_sim/install/urdf_tutorial_r2d2:/home/marcus/ros2_humble/install/rqt_bag_plugins:/home/marcus/ros2_humble/install/rqt_bag:/home/marcus/ros2_humble/install/ros2bag:/home/marcus/ros2_humble/install/tracetools_test:/home/marcus/ros2_humble/install/tracetools_launch:/home/marcus/ros2_humble/install/topic_monitor:/home/marcus/ros2_humble/install/tf2_tools:/home/marcus/ros2_humble/install/examples_tf2_py:/home/marcus/ros2_humble/install/tf2_ros_py:/home/marcus/ros2_humble/install/sros2:/home/marcus/ros2_humble/install/rqt_topic:/home/marcus/ros2_humble/install/rqt_srv:/home/marcus/ros2_humble/install/rqt_shell:/home/marcus/ros2_humble/install/rqt_service_caller:/home/marcus/ros2_humble/install/rqt_reconfigure:/home/marcus/ros2_humble/install/rqt_py_console:/home/marcus/ros2_humble/install/rqt_publisher:/home/marcus/ros2_humble/install/rqt_plot:/home/marcus/ros2_humble/install/rqt_action:/home/marcus/ros2_humble/install/rqt_msg:/home/marcus/ros2_humble/install/rqt_console:/home/marcus/ros2_humble/install/rqt:/home/marcus/ros2_humble/install/rqt_graph:/home/marcus/ros2_humble/install/rqt_gui_py:/home/marcus/ros2_humble/install/rqt_gui:/home/marcus/ros2_humble/install/ros2trace:/home/marcus/ros2_humble/install/ros2topic:/home/marcus/ros2_humble/install/ros2test:/home/marcus/ros2_humble/install/ros2component:/home/marcus/ros2_humble/install/ros2param:/home/marcus/ros2_humble/install/ros2lifecycle:/home/marcus/ros2_humble/install/ros2service:/home/marcus/ros2_humble/install/ros2run:/home/marcus/ros2_humble/install/ros2launch:/home/marcus/ros2_humble/install/ros2pkg:/home/marcus/ros2_humble/install/ros2node:/home/marcus/ros2_humble/install/ros2multicast:/home/marcus/ros2_humble/install/ros2interface:/home/marcus/ros2_humble/install/ros2doctor:/home/marcus/ros2_humble/install/ros2action:/home/marcus/ros2_humble/install/ros2cli:/home/marcus/ros2_humble/install/quality_of_service_demo_py:/home/marcus/ros2_humble/install/lifecycle_py:/home/marcus/ros2_humble/install/launch_testing_ros:/home/marcus/ros2_humble/install/launch_ros:/home/marcus/ros2_humble/install/examples_rclpy_pointcloud_publisher:/home/marcus/ros2_humble/install/examples_rclpy_minimal_subscriber:/home/marcus/ros2_humble/install/examples_rclpy_minimal_service:/home/marcus/ros2_humble/install/examples_rclpy_minimal_publisher:/home/marcus/ros2_humble/install/examples_rclpy_minimal_client:/home/marcus/ros2_humble/install/examples_rclpy_minimal_action_server:/home/marcus/ros2_humble/install/examples_rclpy_minimal_action_client:/home/marcus/ros2_humble/install/examples_rclpy_guard_conditions:/home/marcus/ros2_humble/install/examples_rclpy_executors:/home/marcus/ros2_humble/install/demo_nodes_py:/home/marcus/ros2_humble/install/action_tutorials_py:/home/marcus/ros2_humble/install/ament_uncrustify:/home/marcus/ros2_humble/install/tracetools_trace:/home/marcus/ros2_humble/install/tracetools_read:/home/marcus/ros2_humble/install/test_tracetools_launch:/home/marcus/ros2_humble/install/test_launch_ros:/home/marcus/ros2_humble/install/sensor_msgs_py:/home/marcus/ros2_humble/install/rpyutils:/home/marcus/ros2_humble/install/rosidl_runtime_py:/home/marcus/ros2_humble/install/rosidl_cli:/home/marcus/ros2_humble/install/launch_pytest:/home/marcus/ros2_humble/install/launch_testing:/home/marcus/ros2_humble/install/launch_yaml:/home/marcus/ros2_humble/install/launch_xml:/home/marcus/ros2_humble/install/launch:/home/marcus/ros2_humble/install/osrf_pycommon:/home/marcus/ros2_humble/install/launch_testing_examples:/home/marcus/ros2_humble/install/domain_coordinator:/home/marcus/ros2_humble/install/ament_xmllint:/home/marcus/ros2_humble/install/ament_pyflakes:/home/marcus/ros2_humble/install/ament_pycodestyle:/home/marcus/ros2_humble/install/ament_pep257:/home/marcus/ros2_humble/install/ament_pclint:/home/marcus/ros2_humble/install/ament_package:/home/marcus/ros2_humble/install/ament_mypy:/home/marcus/ros2_humble/install/ament_lint_cmake:/home/marcus/ros2_humble/install/ament_flake8:/home/marcus/ros2_humble/install/ament_copyright:/home/marcus/ros2_humble/install/ament_lint:/home/marcus/ros2_humble/install/ament_index_python:/home/marcus/ros2_humble/install/ament_cpplint:/home/marcus/ros2_humble/install/ament_cppcheck:/home/marcus/ros2_humble/install/ament_clang_tidy:/home/marcus/ros2_humble/install/ament_clang_format:/home/marcus/ros2_ws/install/joint_state_publisher_gui:/home/marcus/ros2_ws/install/joint_state_publisher:/opt/ros/humble /usr/bin/cmake --build /home/marcus/ros2_ws/build/crane_interfaces -- -j8 -l8
[0.749s] [ 12%] Built target crane_interfaces__cpp
[0.749s] [ 12%] Built target crane_interfaces__rosidl_generator_c
[0.749s] [ 12%] Built target ament_cmake_python_copy_crane_interfaces
[0.749s] [ 22%] Built target crane_interfaces__rosidl_typesupport_fastrtps_c
[0.749s] [ 32%] Built target crane_interfaces__rosidl_typesupport_c
[0.750s] [ 48%] Built target crane_interfaces__rosidl_typesupport_introspection_cpp
[0.750s] [ 51%] Built target crane_interfaces__rosidl_typesupport_cpp
[0.750s] [ 61%] Built target crane_interfaces__rosidl_typesupport_fastrtps_cpp
[0.750s] [ 70%] Built target crane_interfaces__rosidl_typesupport_introspection_c
[0.750s] [ 70%] Built target crane_interfaces
[0.751s] [ 74%] Built target crane_interfaces__py
[0.751s] [ 80%] Built target crane_interfaces__rosidl_generator_py
[0.751s] [ 87%] Built target crane_interfaces__rosidl_typesupport_introspection_c__pyext
[0.752s] [ 93%] Built target crane_interfaces__rosidl_typesupport_fastrtps_c__pyext
[0.752s] [100%] Built target crane_interfaces__rosidl_typesupport_c__pyext
[0.841s] running egg_info
[0.842s] writing crane_interfaces.egg-info/PKG-INFO
[0.842s] writing dependency_links to crane_interfaces.egg-info/dependency_links.txt
[0.842s] writing top-level names to crane_interfaces.egg-info/top_level.txt
[0.844s] reading manifest file 'crane_interfaces.egg-info/SOURCES.txt'
[0.845s] writing manifest file 'crane_interfaces.egg-info/SOURCES.txt'
[0.884s] [100%] Built target ament_cmake_python_build_crane_interfaces_egg
[0.903s] Invoked command in '/home/marcus/ros2_ws/build/crane_interfaces' returned '0': CMAKE_PREFIX_PATH=${CMAKE_PREFIX_PATH}:/home/marcus/second_ros2_ws/install/urdf_tutorial_r2d2:/home/marcus/ros2_ws_urdf_sim/install/urdf_tutorial_r2d2:/home/marcus/ros2_humble/install/rqt_bag_plugins:/home/marcus/ros2_humble/install/rqt_bag:/home/marcus/ros2_humble/install/ros2bag:/home/marcus/ros2_humble/install/tracetools_test:/home/marcus/ros2_humble/install/tracetools_launch:/home/marcus/ros2_humble/install/topic_monitor:/home/marcus/ros2_humble/install/tf2_tools:/home/marcus/ros2_humble/install/examples_tf2_py:/home/marcus/ros2_humble/install/tf2_ros_py:/home/marcus/ros2_humble/install/sros2:/home/marcus/ros2_humble/install/rqt_topic:/home/marcus/ros2_humble/install/rqt_srv:/home/marcus/ros2_humble/install/rqt_shell:/home/marcus/ros2_humble/install/rqt_service_caller:/home/marcus/ros2_humble/install/rqt_reconfigure:/home/marcus/ros2_humble/install/rqt_py_console:/home/marcus/ros2_humble/install/rqt_publisher:/home/marcus/ros2_humble/install/rqt_plot:/home/marcus/ros2_humble/install/rqt_action:/home/marcus/ros2_humble/install/rqt_msg:/home/marcus/ros2_humble/install/rqt_console:/home/marcus/ros2_humble/install/rqt:/home/marcus/ros2_humble/install/rqt_graph:/home/marcus/ros2_humble/install/rqt_gui_py:/home/marcus/ros2_humble/install/rqt_gui:/home/marcus/ros2_humble/install/ros2trace:/home/marcus/ros2_humble/install/ros2topic:/home/marcus/ros2_humble/install/ros2test:/home/marcus/ros2_humble/install/ros2component:/home/marcus/ros2_humble/install/ros2param:/home/marcus/ros2_humble/install/ros2lifecycle:/home/marcus/ros2_humble/install/ros2service:/home/marcus/ros2_humble/install/ros2run:/home/marcus/ros2_humble/install/ros2launch:/home/marcus/ros2_humble/install/ros2pkg:/home/marcus/ros2_humble/install/ros2node:/home/marcus/ros2_humble/install/ros2multicast:/home/marcus/ros2_humble/install/ros2interface:/home/marcus/ros2_humble/install/ros2doctor:/home/marcus/ros2_humble/install/ros2action:/home/marcus/ros2_humble/install/ros2cli:/home/marcus/ros2_humble/install/quality_of_service_demo_py:/home/marcus/ros2_humble/install/lifecycle_py:/home/marcus/ros2_humble/install/launch_testing_ros:/home/marcus/ros2_humble/install/launch_ros:/home/marcus/ros2_humble/install/examples_rclpy_pointcloud_publisher:/home/marcus/ros2_humble/install/examples_rclpy_minimal_subscriber:/home/marcus/ros2_humble/install/examples_rclpy_minimal_service:/home/marcus/ros2_humble/install/examples_rclpy_minimal_publisher:/home/marcus/ros2_humble/install/examples_rclpy_minimal_client:/home/marcus/ros2_humble/install/examples_rclpy_minimal_action_server:/home/marcus/ros2_humble/install/examples_rclpy_minimal_action_client:/home/marcus/ros2_humble/install/examples_rclpy_guard_conditions:/home/marcus/ros2_humble/install/examples_rclpy_executors:/home/marcus/ros2_humble/install/demo_nodes_py:/home/marcus/ros2_humble/install/action_tutorials_py:/home/marcus/ros2_humble/install/ament_uncrustify:/home/marcus/ros2_humble/install/tracetools_trace:/home/marcus/ros2_humble/install/tracetools_read:/home/marcus/ros2_humble/install/test_tracetools_launch:/home/marcus/ros2_humble/install/test_launch_ros:/home/marcus/ros2_humble/install/sensor_msgs_py:/home/marcus/ros2_humble/install/rpyutils:/home/marcus/ros2_humble/install/rosidl_runtime_py:/home/marcus/ros2_humble/install/rosidl_cli:/home/marcus/ros2_humble/install/launch_pytest:/home/marcus/ros2_humble/install/launch_testing:/home/marcus/ros2_humble/install/launch_yaml:/home/marcus/ros2_humble/install/launch_xml:/home/marcus/ros2_humble/install/launch:/home/marcus/ros2_humble/install/osrf_pycommon:/home/marcus/ros2_humble/install/launch_testing_examples:/home/marcus/ros2_humble/install/domain_coordinator:/home/marcus/ros2_humble/install/ament_xmllint:/home/marcus/ros2_humble/install/ament_pyflakes:/home/marcus/ros2_humble/install/ament_pycodestyle:/home/marcus/ros2_humble/install/ament_pep257:/home/marcus/ros2_humble/install/ament_pclint:/home/marcus/ros2_humble/install/ament_package:/home/marcus/ros2_humble/install/ament_mypy:/home/marcus/ros2_humble/install/ament_lint_cmake:/home/marcus/ros2_humble/install/ament_flake8:/home/marcus/ros2_humble/install/ament_copyright:/home/marcus/ros2_humble/install/ament_lint:/home/marcus/ros2_humble/install/ament_index_python:/home/marcus/ros2_humble/install/ament_cpplint:/home/marcus/ros2_humble/install/ament_cppcheck:/home/marcus/ros2_humble/install/ament_clang_tidy:/home/marcus/ros2_humble/install/ament_clang_format:/home/marcus/ros2_ws/install/joint_state_publisher_gui:/home/marcus/ros2_ws/install/joint_state_publisher:/opt/ros/humble /usr/bin/cmake --build /home/marcus/ros2_ws/build/crane_interfaces -- -j8 -l8
[1.151s] Invoking command in '/home/marcus/ros2_ws/build/crane_interfaces': CMAKE_PREFIX_PATH=${CMAKE_PREFIX_PATH}:/home/marcus/second_ros2_ws/install/urdf_tutorial_r2d2:/home/marcus/ros2_ws_urdf_sim/install/urdf_tutorial_r2d2:/home/marcus/ros2_humble/install/rqt_bag_plugins:/home/marcus/ros2_humble/install/rqt_bag:/home/marcus/ros2_humble/install/ros2bag:/home/marcus/ros2_humble/install/tracetools_test:/home/marcus/ros2_humble/install/tracetools_launch:/home/marcus/ros2_humble/install/topic_monitor:/home/marcus/ros2_humble/install/tf2_tools:/home/marcus/ros2_humble/install/examples_tf2_py:/home/marcus/ros2_humble/install/tf2_ros_py:/home/marcus/ros2_humble/install/sros2:/home/marcus/ros2_humble/install/rqt_topic:/home/marcus/ros2_humble/install/rqt_srv:/home/marcus/ros2_humble/install/rqt_shell:/home/marcus/ros2_humble/install/rqt_service_caller:/home/marcus/ros2_humble/install/rqt_reconfigure:/home/marcus/ros2_humble/install/rqt_py_console:/home/marcus/ros2_humble/install/rqt_publisher:/home/marcus/ros2_humble/install/rqt_plot:/home/marcus/ros2_humble/install/rqt_action:/home/marcus/ros2_humble/install/rqt_msg:/home/marcus/ros2_humble/install/rqt_console:/home/marcus/ros2_humble/install/rqt:/home/marcus/ros2_humble/install/rqt_graph:/home/marcus/ros2_humble/install/rqt_gui_py:/home/marcus/ros2_humble/install/rqt_gui:/home/marcus/ros2_humble/install/ros2trace:/home/marcus/ros2_humble/install/ros2topic:/home/marcus/ros2_humble/install/ros2test:/home/marcus/ros2_humble/install/ros2component:/home/marcus/ros2_humble/install/ros2param:/home/marcus/ros2_humble/install/ros2lifecycle:/home/marcus/ros2_humble/install/ros2service:/home/marcus/ros2_humble/install/ros2run:/home/marcus/ros2_humble/install/ros2launch:/home/marcus/ros2_humble/install/ros2pkg:/home/marcus/ros2_humble/install/ros2node:/home/marcus/ros2_humble/install/ros2multicast:/home/marcus/ros2_humble/install/ros2interface:/home/marcus/ros2_humble/install/ros2doctor:/home/marcus/ros2_humble/install/ros2action:/home/marcus/ros2_humble/install/ros2cli:/home/marcus/ros2_humble/install/quality_of_service_demo_py:/home/marcus/ros2_humble/install/lifecycle_py:/home/marcus/ros2_humble/install/launch_testing_ros:/home/marcus/ros2_humble/install/launch_ros:/home/marcus/ros2_humble/install/examples_rclpy_pointcloud_publisher:/home/marcus/ros2_humble/install/examples_rclpy_minimal_subscriber:/home/marcus/ros2_humble/install/examples_rclpy_minimal_service:/home/marcus/ros2_humble/install/examples_rclpy_minimal_publisher:/home/marcus/ros2_humble/install/examples_rclpy_minimal_client:/home/marcus/ros2_humble/install/examples_rclpy_minimal_action_server:/home/marcus/ros2_humble/install/examples_rclpy_minimal_action_client:/home/marcus/ros2_humble/install/examples_rclpy_guard_conditions:/home/marcus/ros2_humble/install/examples_rclpy_executors:/home/marcus/ros2_humble/install/demo_nodes_py:/home/marcus/ros2_humble/install/action_tutorials_py:/home/marcus/ros2_humble/install/ament_uncrustify:/home/marcus/ros2_humble/install/tracetools_trace:/home/marcus/ros2_humble/install/tracetools_read:/home/marcus/ros2_humble/install/test_tracetools_launch:/home/marcus/ros2_humble/install/test_launch_ros:/home/marcus/ros2_humble/install/sensor_msgs_py:/home/marcus/ros2_humble/install/rpyutils:/home/marcus/ros2_humble/install/rosidl_runtime_py:/home/marcus/ros2_humble/install/rosidl_cli:/home/marcus/ros2_humble/install/launch_pytest:/home/marcus/ros2_humble/install/launch_testing:/home/marcus/ros2_humble/install/launch_yaml:/home/marcus/ros2_humble/install/launch_xml:/home/marcus/ros2_humble/install/launch:/home/marcus/ros2_humble/install/osrf_pycommon:/home/marcus/ros2_humble/install/launch_testing_examples:/home/marcus/ros2_humble/install/domain_coordinator:/home/marcus/ros2_humble/install/ament_xmllint:/home/marcus/ros2_humble/install/ament_pyflakes:/home/marcus/ros2_humble/install/ament_pycodestyle:/home/marcus/ros2_humble/install/ament_pep257:/home/marcus/ros2_humble/install/ament_pclint:/home/marcus/ros2_humble/install/ament_package:/home/marcus/ros2_humble/install/ament_mypy:/home/marcus/ros2_humble/install/ament_lint_cmake:/home/marcus/ros2_humble/install/ament_flake8:/home/marcus/ros2_humble/install/ament_copyright:/home/marcus/ros2_humble/install/ament_lint:/home/marcus/ros2_humble/install/ament_index_python:/home/marcus/ros2_humble/install/ament_cpplint:/home/marcus/ros2_humble/install/ament_cppcheck:/home/marcus/ros2_humble/install/ament_clang_tidy:/home/marcus/ros2_humble/install/ament_clang_format:/home/marcus/ros2_ws/install/joint_state_publisher_gui:/home/marcus/ros2_ws/install/joint_state_publisher:/opt/ros/humble /usr/bin/cmake --install /home/marcus/ros2_ws/build/crane_interfaces
[1.169s] -- Install configuration: ""
[1.170s] -- Up-to-date: /home/marcus/ros2_ws/install/crane_interfaces/share/ament_index/resource_index/rosidl_interfaces/crane_interfaces
[1.170s] -- Up-to-date: /home/marcus/ros2_ws/install/crane_interfaces/include/crane_interfaces/crane_interfaces
[1.170s] -- Up-to-date: /home/marcus/ros2_ws/install/crane_interfaces/include/crane_interfaces/crane_interfaces/msg
[1.170s] -- Up-to-date: /home/marcus/ros2_ws/install/crane_interfaces/include/crane_interfaces/crane_interfaces/msg/crane_reference.h
[1.170s] -- Up-to-date: /home/marcus/ros2_ws/install/crane_interfaces/include/crane_interfaces/crane_interfaces/msg/rosidl_generator_c__visibility_control.h
[1.171s] -- Up-to-date: /home/marcus/ros2_ws/install/crane_interfaces/include/crane_interfaces/crane_interfaces/msg/detail
[1.171s] -- Up-to-date: /home/marcus/ros2_ws/install/crane_interfaces/include/crane_interfaces/crane_interfaces/msg/detail/crane_reference__functions.h
[1.171s] -- Up-to-date: /home/marcus/ros2_ws/install/crane_interfaces/include/crane_interfaces/crane_interfaces/msg/detail/crane_reference__functions.c
[1.171s] -- Up-to-date: /home/marcus/ros2_ws/install/crane_interfaces/include/crane_interfaces/crane_interfaces/msg/detail/crane_reference__struct.h
[1.171s] -- Up-to-date: /home/marcus/ros2_ws/install/crane_interfaces/include/crane_interfaces/crane_interfaces/msg/detail/crane_reference__type_support.h
[1.171s] -- Up-to-date: /home/marcus/ros2_ws/install/crane_interfaces/share/crane_interfaces/environment/library_path.sh
[1.172s] -- Up-to-date: /home/marcus/ros2_ws/install/crane_interfaces/share/crane_interfaces/environment/library_path.dsv
[1.172s] -- Up-to-date: /home/marcus/ros2_ws/install/crane_interfaces/lib/libcrane_interfaces__rosidl_generator_c.so
[1.172s] -- Up-to-date: /home/marcus/ros2_ws/install/crane_interfaces/include/crane_interfaces/crane_interfaces
[1.172s] -- Up-to-date: /home/marcus/ros2_ws/install/crane_interfaces/include/crane_interfaces/crane_interfaces/msg
[1.172s] -- Up-to-date: /home/marcus/ros2_ws/install/crane_interfaces/include/crane_interfaces/crane_interfaces/msg/rosidl_typesupport_introspection_c__visibility_control.h
[1.172s] -- Up-to-date: /home/marcus/ros2_ws/install/crane_interfaces/include/crane_interfaces/crane_interfaces/msg/detail
[1.172s] -- Up-to-date: /home/marcus/ros2_ws/install/crane_interfaces/include/crane_interfaces/crane_interfaces/msg/detail/crane_reference__type_support.c
[1.173s] -- Up-to-date: /home/marcus/ros2_ws/install/crane_interfaces/include/crane_interfaces/crane_interfaces/msg/detail/crane_reference__rosidl_typesupport_introspection_c.h
[1.173s] -- Up-to-date: /home/marcus/ros2_ws/install/crane_interfaces/lib/libcrane_interfaces__rosidl_typesupport_introspection_c.so
[1.173s] -- Up-to-date: /home/marcus/ros2_ws/install/crane_interfaces/include/crane_interfaces/crane_interfaces
[1.173s] -- Up-to-date: /home/marcus/ros2_ws/install/crane_interfaces/include/crane_interfaces/crane_interfaces/msg
[1.173s] -- Up-to-date: /home/marcus/ros2_ws/install/crane_interfaces/include/crane_interfaces/crane_interfaces/msg/rosidl_typesupport_fastrtps_c__visibility_control.h
[1.173s] -- Up-to-date: /home/marcus/ros2_ws/install/crane_interfaces/include/crane_interfaces/crane_interfaces/msg/detail
[1.173s] -- Up-to-date: /home/marcus/ros2_ws/install/crane_interfaces/include/crane_interfaces/crane_interfaces/msg/detail/crane_reference__rosidl_typesupport_fastrtps_c.h
[1.174s] -- Up-to-date: /home/marcus/ros2_ws/install/crane_interfaces/lib/libcrane_interfaces__rosidl_typesupport_fastrtps_c.so
[1.174s] -- Up-to-date: /home/marcus/ros2_ws/install/crane_interfaces/lib/libcrane_interfaces__rosidl_typesupport_c.so
[1.174s] -- Up-to-date: /home/marcus/ros2_ws/install/crane_interfaces/include/crane_interfaces/crane_interfaces
[1.174s] -- Up-to-date: /home/marcus/ros2_ws/install/crane_interfaces/include/crane_interfaces/crane_interfaces/msg
[1.174s] -- Up-to-date: /home/marcus/ros2_ws/install/crane_interfaces/include/crane_interfaces/crane_interfaces/msg/crane_reference.hpp
[1.174s] -- Up-to-date: /home/marcus/ros2_ws/install/crane_interfaces/include/crane_interfaces/crane_interfaces/msg/detail
[1.174s] -- Up-to-date: /home/marcus/ros2_ws/install/crane_interfaces/include/crane_interfaces/crane_interfaces/msg/detail/crane_reference__struct.hpp
[1.174s] -- Up-to-date: /home/marcus/ros2_ws/install/crane_interfaces/include/crane_interfaces/crane_interfaces/msg/detail/crane_reference__traits.hpp
[1.174s] -- Up-to-date: /home/marcus/ros2_ws/install/crane_interfaces/include/crane_interfaces/crane_interfaces/msg/detail/crane_reference__builder.hpp
[1.175s] -- Up-to-date: /home/marcus/ros2_ws/install/crane_interfaces/include/crane_interfaces/crane_interfaces
[1.175s] -- Up-to-date: /home/marcus/ros2_ws/install/crane_interfaces/include/crane_interfaces/crane_interfaces/msg
[1.175s] -- Up-to-date: /home/marcus/ros2_ws/install/crane_interfaces/include/crane_interfaces/crane_interfaces/msg/detail
[1.175s] -- Up-to-date: /home/marcus/ros2_ws/install/crane_interfaces/include/crane_interfaces/crane_interfaces/msg/detail/crane_reference__rosidl_typesupport_introspection_cpp.hpp
[1.175s] -- Up-to-date: /home/marcus/ros2_ws/install/crane_interfaces/include/crane_interfaces/crane_interfaces/msg/detail/crane_reference__type_support.cpp
[1.175s] -- Up-to-date: /home/marcus/ros2_ws/install/crane_interfaces/lib/libcrane_interfaces__rosidl_typesupport_introspection_cpp.so
[1.175s] -- Up-to-date: /home/marcus/ros2_ws/install/crane_interfaces/include/crane_interfaces/crane_interfaces
[1.175s] -- Up-to-date: /home/marcus/ros2_ws/install/crane_interfaces/include/crane_interfaces/crane_interfaces/msg
[1.175s] -- Up-to-date: /home/marcus/ros2_ws/install/crane_interfaces/include/crane_interfaces/crane_interfaces/msg/detail
[1.176s] -- Up-to-date: /home/marcus/ros2_ws/install/crane_interfaces/include/crane_interfaces/crane_interfaces/msg/detail/dds_fastrtps
[1.176s] -- Up-to-date: /home/marcus/ros2_ws/install/crane_interfaces/include/crane_interfaces/crane_interfaces/msg/detail/crane_reference__rosidl_typesupport_fastrtps_cpp.hpp
[1.176s] -- Up-to-date: /home/marcus/ros2_ws/install/crane_interfaces/include/crane_interfaces/crane_interfaces/msg/rosidl_typesupport_fastrtps_cpp__visibility_control.h
[1.176s] -- Up-to-date: /home/marcus/ros2_ws/install/crane_interfaces/lib/libcrane_interfaces__rosidl_typesupport_fastrtps_cpp.so
[1.176s] -- Up-to-date: /home/marcus/ros2_ws/install/crane_interfaces/lib/libcrane_interfaces__rosidl_typesupport_cpp.so
[1.176s] -- Up-to-date: /home/marcus/ros2_ws/install/crane_interfaces/share/crane_interfaces/environment/pythonpath.sh
[1.176s] -- Up-to-date: /home/marcus/ros2_ws/install/crane_interfaces/share/crane_interfaces/environment/pythonpath.dsv
[1.176s] -- Up-to-date: /home/marcus/ros2_ws/install/crane_interfaces/local/lib/python3.10/dist-packages/crane_interfaces-0.0.0-py3.10.egg-info
[1.176s] -- Installing: /home/marcus/ros2_ws/install/crane_interfaces/local/lib/python3.10/dist-packages/crane_interfaces-0.0.0-py3.10.egg-info/top_level.txt
[1.177s] -- Installing: /home/marcus/ros2_ws/install/crane_interfaces/local/lib/python3.10/dist-packages/crane_interfaces-0.0.0-py3.10.egg-info/dependency_links.txt
[1.177s] -- Installing: /home/marcus/ros2_ws/install/crane_interfaces/local/lib/python3.10/dist-packages/crane_interfaces-0.0.0-py3.10.egg-info/SOURCES.txt
[1.177s] -- Installing: /home/marcus/ros2_ws/install/crane_interfaces/local/lib/python3.10/dist-packages/crane_interfaces-0.0.0-py3.10.egg-info/PKG-INFO
[1.177s] -- Up-to-date: /home/marcus/ros2_ws/install/crane_interfaces/local/lib/python3.10/dist-packages/crane_interfaces
[1.177s] -- Up-to-date: /home/marcus/ros2_ws/install/crane_interfaces/local/lib/python3.10/dist-packages/crane_interfaces/_crane_interfaces_s.ep.rosidl_typesupport_fastrtps_c.c
[1.177s] -- Up-to-date: /home/marcus/ros2_ws/install/crane_interfaces/local/lib/python3.10/dist-packages/crane_interfaces/msg
[1.177s] -- Up-to-date: /home/marcus/ros2_ws/install/crane_interfaces/local/lib/python3.10/dist-packages/crane_interfaces/msg/_crane_reference.py
[1.177s] -- Up-to-date: /home/marcus/ros2_ws/install/crane_interfaces/local/lib/python3.10/dist-packages/crane_interfaces/msg/_crane_reference_s.c
[1.178s] -- Up-to-date: /home/marcus/ros2_ws/install/crane_interfaces/local/lib/python3.10/dist-packages/crane_interfaces/msg/__init__.py
[1.178s] -- Up-to-date: /home/marcus/ros2_ws/install/crane_interfaces/local/lib/python3.10/dist-packages/crane_interfaces/crane_interfaces_s__rosidl_typesupport_fastrtps_c.cpython-310-x86_64-linux-gnu.so
[1.178s] -- Up-to-date: /home/marcus/ros2_ws/install/crane_interfaces/local/lib/python3.10/dist-packages/crane_interfaces/_crane_interfaces_s.ep.rosidl_typesupport_introspection_c.c
[1.178s] -- Up-to-date: /home/marcus/ros2_ws/install/crane_interfaces/local/lib/python3.10/dist-packages/crane_interfaces/libcrane_interfaces__rosidl_generator_py.so
[1.178s] -- Up-to-date: /home/marcus/ros2_ws/install/crane_interfaces/local/lib/python3.10/dist-packages/crane_interfaces/_crane_interfaces_s.ep.rosidl_typesupport_c.c
[1.178s] -- Up-to-date: /home/marcus/ros2_ws/install/crane_interfaces/local/lib/python3.10/dist-packages/crane_interfaces/crane_interfaces_s__rosidl_typesupport_c.cpython-310-x86_64-linux-gnu.so
[1.178s] -- Up-to-date: /home/marcus/ros2_ws/install/crane_interfaces/local/lib/python3.10/dist-packages/crane_interfaces/__init__.py
[1.178s] -- Up-to-date: /home/marcus/ros2_ws/install/crane_interfaces/local/lib/python3.10/dist-packages/crane_interfaces/crane_interfaces_s__rosidl_typesupport_introspection_c.cpython-310-x86_64-linux-gnu.so
[1.321s] Listing '/home/marcus/ros2_ws/install/crane_interfaces/local/lib/python3.10/dist-packages/crane_interfaces'...
[1.321s] Listing '/home/marcus/ros2_ws/install/crane_interfaces/local/lib/python3.10/dist-packages/crane_interfaces/msg'...
[1.326s] -- Up-to-date: /home/marcus/ros2_ws/install/crane_interfaces/local/lib/python3.10/dist-packages/crane_interfaces/crane_interfaces_s__rosidl_typesupport_introspection_c.cpython-310-x86_64-linux-gnu.so
[1.326s] -- Up-to-date: /home/marcus/ros2_ws/install/crane_interfaces/local/lib/python3.10/dist-packages/crane_interfaces/crane_interfaces_s__rosidl_typesupport_fastrtps_c.cpython-310-x86_64-linux-gnu.so
[1.326s] -- Up-to-date: /home/marcus/ros2_ws/install/crane_interfaces/local/lib/python3.10/dist-packages/crane_interfaces/crane_interfaces_s__rosidl_typesupport_c.cpython-310-x86_64-linux-gnu.so
[1.327s] -- Up-to-date: /home/marcus/ros2_ws/install/crane_interfaces/lib/libcrane_interfaces__rosidl_generator_py.so
[1.327s] -- Up-to-date: /home/marcus/ros2_ws/install/crane_interfaces/share/crane_interfaces/msg/CraneReference.idl
[1.327s] -- Up-to-date: /home/marcus/ros2_ws/install/crane_interfaces/share/crane_interfaces/msg/CraneReference.msg
[1.327s] -- Up-to-date: /home/marcus/ros2_ws/install/crane_interfaces/share/ament_index/resource_index/package_run_dependencies/crane_interfaces
[1.327s] -- Up-to-date: /home/marcus/ros2_ws/install/crane_interfaces/share/ament_index/resource_index/parent_prefix_path/crane_interfaces
[1.328s] -- Up-to-date: /home/marcus/ros2_ws/install/crane_interfaces/share/crane_interfaces/environment/ament_prefix_path.dsv
[1.328s] -- Up-to-date: /home/marcus/ros2_ws/install/crane_interfaces/share/crane_interfaces/environment/path.dsv
[1.328s] -- Up-to-date: /home/marcus/ros2_ws/install/crane_interfaces/share/crane_interfaces/local_setup.bash
[1.328s] -- Up-to-date: /home/marcus/ros2_ws/install/crane_interfaces/share/crane_interfaces/local_setup.sh
[1.328s] -- Up-to-date: /home/marcus/ros2_ws/install/crane_interfaces/share/crane_interfaces/local_setup.zsh
[1.329s] -- Up-to-date: /home/marcus/ros2_ws/install/crane_interfaces/share/crane_interfaces/local_setup.dsv
[1.329s] -- Installing: /home/marcus/ros2_ws/install/crane_interfaces/share/crane_interfaces/package.dsv
[1.329s] -- Up-to-date: /home/marcus/ros2_ws/install/crane_interfaces/share/ament_index/resource_index/packages/crane_interfaces
[1.329s] -- Up-to-date: /home/marcus/ros2_ws/install/crane_interfaces/share/crane_interfaces/cmake/export_crane_interfaces__rosidl_generator_cExport.cmake
[1.329s] -- Up-to-date: /home/marcus/ros2_ws/install/crane_interfaces/share/crane_interfaces/cmake/export_crane_interfaces__rosidl_generator_cExport-noconfig.cmake
[1.329s] -- Up-to-date: /home/marcus/ros2_ws/install/crane_interfaces/share/crane_interfaces/cmake/crane_interfaces__rosidl_typesupport_introspection_cExport.cmake
[1.329s] -- Up-to-date: /home/marcus/ros2_ws/install/crane_interfaces/share/crane_interfaces/cmake/crane_interfaces__rosidl_typesupport_introspection_cExport-noconfig.cmake
[1.330s] -- Up-to-date: /home/marcus/ros2_ws/install/crane_interfaces/share/crane_interfaces/cmake/export_crane_interfaces__rosidl_typesupport_fastrtps_cExport.cmake
[1.330s] -- Up-to-date: /home/marcus/ros2_ws/install/crane_interfaces/share/crane_interfaces/cmake/export_crane_interfaces__rosidl_typesupport_fastrtps_cExport-noconfig.cmake
[1.330s] -- Up-to-date: /home/marcus/ros2_ws/install/crane_interfaces/share/crane_interfaces/cmake/crane_interfaces__rosidl_typesupport_cExport.cmake
[1.330s] -- Up-to-date: /home/marcus/ros2_ws/install/crane_interfaces/share/crane_interfaces/cmake/crane_interfaces__rosidl_typesupport_cExport-noconfig.cmake
[1.330s] -- Up-to-date: /home/marcus/ros2_ws/install/crane_interfaces/share/crane_interfaces/cmake/export_crane_interfaces__rosidl_generator_cppExport.cmake
[1.330s] -- Up-to-date: /home/marcus/ros2_ws/install/crane_interfaces/share/crane_interfaces/cmake/crane_interfaces__rosidl_typesupport_introspection_cppExport.cmake
[1.330s] -- Up-to-date: /home/marcus/ros2_ws/install/crane_interfaces/share/crane_interfaces/cmake/crane_interfaces__rosidl_typesupport_introspection_cppExport-noconfig.cmake
[1.330s] -- Up-to-date: /home/marcus/ros2_ws/install/crane_interfaces/share/crane_interfaces/cmake/export_crane_interfaces__rosidl_typesupport_fastrtps_cppExport.cmake
[1.331s] -- Up-to-date: /home/marcus/ros2_ws/install/crane_interfaces/share/crane_interfaces/cmake/export_crane_interfaces__rosidl_typesupport_fastrtps_cppExport-noconfig.cmake
[1.331s] -- Up-to-date: /home/marcus/ros2_ws/install/crane_interfaces/share/crane_interfaces/cmake/crane_interfaces__rosidl_typesupport_cppExport.cmake
[1.331s] -- Up-to-date: /home/marcus/ros2_ws/install/crane_interfaces/share/crane_interfaces/cmake/crane_interfaces__rosidl_typesupport_cppExport-noconfig.cmake
[1.332s] -- Up-to-date: /home/marcus/ros2_ws/install/crane_interfaces/share/crane_interfaces/cmake/export_crane_interfaces__rosidl_generator_pyExport.cmake
[1.333s] -- Up-to-date: /home/marcus/ros2_ws/install/crane_interfaces/share/crane_interfaces/cmake/export_crane_interfaces__rosidl_generator_pyExport-noconfig.cmake
[1.334s] -- Up-to-date: /home/marcus/ros2_ws/install/crane_interfaces/share/crane_interfaces/cmake/rosidl_cmake-extras.cmake
[1.335s] -- Up-to-date: /home/marcus/ros2_ws/install/crane_interfaces/share/crane_interfaces/cmake/ament_cmake_export_include_directories-extras.cmake
[1.337s] -- Up-to-date: /home/marcus/ros2_ws/install/crane_interfaces/share/crane_interfaces/cmake/ament_cmake_export_libraries-extras.cmake
[1.337s] -- Up-to-date: /home/marcus/ros2_ws/install/crane_interfaces/share/crane_interfaces/cmake/ament_cmake_export_targets-extras.cmake
[1.337s] -- Up-to-date: /home/marcus/ros2_ws/install/crane_interfaces/share/crane_interfaces/cmake/rosidl_cmake_export_typesupport_targets-extras.cmake
[1.337s] -- Up-to-date: /home/marcus/ros2_ws/install/crane_interfaces/share/crane_interfaces/cmake/ament_cmake_export_dependencies-extras.cmake
[1.337s] -- Up-to-date: /home/marcus/ros2_ws/install/crane_interfaces/share/crane_interfaces/cmake/rosidl_cmake_export_typesupport_libraries-extras.cmake
[1.337s] -- Up-to-date: /home/marcus/ros2_ws/install/crane_interfaces/share/crane_interfaces/cmake/crane_interfacesConfig.cmake
[1.337s] -- Up-to-date: /home/marcus/ros2_ws/install/crane_interfaces/share/crane_interfaces/cmake/crane_interfacesConfig-version.cmake
[1.337s] -- Up-to-date: /home/marcus/ros2_ws/install/crane_interfaces/share/crane_interfaces/package.xml
[1.338s] Invoked command in '/home/marcus/ros2_ws/build/crane_interfaces' returned '0': CMAKE_PREFIX_PATH=${CMAKE_PREFIX_PATH}:/home/marcus/second_ros2_ws/install/urdf_tutorial_r2d2:/home/marcus/ros2_ws_urdf_sim/install/urdf_tutorial_r2d2:/home/marcus/ros2_humble/install/rqt_bag_plugins:/home/marcus/ros2_humble/install/rqt_bag:/home/marcus/ros2_humble/install/ros2bag:/home/marcus/ros2_humble/install/tracetools_test:/home/marcus/ros2_humble/install/tracetools_launch:/home/marcus/ros2_humble/install/topic_monitor:/home/marcus/ros2_humble/install/tf2_tools:/home/marcus/ros2_humble/install/examples_tf2_py:/home/marcus/ros2_humble/install/tf2_ros_py:/home/marcus/ros2_humble/install/sros2:/home/marcus/ros2_humble/install/rqt_topic:/home/marcus/ros2_humble/install/rqt_srv:/home/marcus/ros2_humble/install/rqt_shell:/home/marcus/ros2_humble/install/rqt_service_caller:/home/marcus/ros2_humble/install/rqt_reconfigure:/home/marcus/ros2_humble/install/rqt_py_console:/home/marcus/ros2_humble/install/rqt_publisher:/home/marcus/ros2_humble/install/rqt_plot:/home/marcus/ros2_humble/install/rqt_action:/home/marcus/ros2_humble/install/rqt_msg:/home/marcus/ros2_humble/install/rqt_console:/home/marcus/ros2_humble/install/rqt:/home/marcus/ros2_humble/install/rqt_graph:/home/marcus/ros2_humble/install/rqt_gui_py:/home/marcus/ros2_humble/install/rqt_gui:/home/marcus/ros2_humble/install/ros2trace:/home/marcus/ros2_humble/install/ros2topic:/home/marcus/ros2_humble/install/ros2test:/home/marcus/ros2_humble/install/ros2component:/home/marcus/ros2_humble/install/ros2param:/home/marcus/ros2_humble/install/ros2lifecycle:/home/marcus/ros2_humble/install/ros2service:/home/marcus/ros2_humble/install/ros2run:/home/marcus/ros2_humble/install/ros2launch:/home/marcus/ros2_humble/install/ros2pkg:/home/marcus/ros2_humble/install/ros2node:/home/marcus/ros2_humble/install/ros2multicast:/home/marcus/ros2_humble/install/ros2interface:/home/marcus/ros2_humble/install/ros2doctor:/home/marcus/ros2_humble/install/ros2action:/home/marcus/ros2_humble/install/ros2cli:/home/marcus/ros2_humble/install/quality_of_service_demo_py:/home/marcus/ros2_humble/install/lifecycle_py:/home/marcus/ros2_humble/install/launch_testing_ros:/home/marcus/ros2_humble/install/launch_ros:/home/marcus/ros2_humble/install/examples_rclpy_pointcloud_publisher:/home/marcus/ros2_humble/install/examples_rclpy_minimal_subscriber:/home/marcus/ros2_humble/install/examples_rclpy_minimal_service:/home/marcus/ros2_humble/install/examples_rclpy_minimal_publisher:/home/marcus/ros2_humble/install/examples_rclpy_minimal_client:/home/marcus/ros2_humble/install/examples_rclpy_minimal_action_server:/home/marcus/ros2_humble/install/examples_rclpy_minimal_action_client:/home/marcus/ros2_humble/install/examples_rclpy_guard_conditions:/home/marcus/ros2_humble/install/examples_rclpy_executors:/home/marcus/ros2_humble/install/demo_nodes_py:/home/marcus/ros2_humble/install/action_tutorials_py:/home/marcus/ros2_humble/install/ament_uncrustify:/home/marcus/ros2_humble/install/tracetools_trace:/home/marcus/ros2_humble/install/tracetools_read:/home/marcus/ros2_humble/install/test_tracetools_launch:/home/marcus/ros2_humble/install/test_launch_ros:/home/marcus/ros2_humble/install/sensor_msgs_py:/home/marcus/ros2_humble/install/rpyutils:/home/marcus/ros2_humble/install/rosidl_runtime_py:/home/marcus/ros2_humble/install/rosidl_cli:/home/marcus/ros2_humble/install/launch_pytest:/home/marcus/ros2_humble/install/launch_testing:/home/marcus/ros2_humble/install/launch_yaml:/home/marcus/ros2_humble/install/launch_xml:/home/marcus/ros2_humble/install/launch:/home/marcus/ros2_humble/install/osrf_pycommon:/home/marcus/ros2_humble/install/launch_testing_examples:/home/marcus/ros2_humble/install/domain_coordinator:/home/marcus/ros2_humble/install/ament_xmllint:/home/marcus/ros2_humble/install/ament_pyflakes:/home/marcus/ros2_humble/install/ament_pycodestyle:/home/marcus/ros2_humble/install/ament_pep257:/home/marcus/ros2_humble/install/ament_pclint:/home/marcus/ros2_humble/install/ament_package:/home/marcus/ros2_humble/install/ament_mypy:/home/marcus/ros2_humble/install/ament_lint_cmake:/home/marcus/ros2_humble/install/ament_flake8:/home/marcus/ros2_humble/install/ament_copyright:/home/marcus/ros2_humble/install/ament_lint:/home/marcus/ros2_humble/install/ament_index_python:/home/marcus/ros2_humble/install/ament_cpplint:/home/marcus/ros2_humble/install/ament_cppcheck:/home/marcus/ros2_humble/install/ament_clang_tidy:/home/marcus/ros2_humble/install/ament_clang_format:/home/marcus/ros2_ws/install/joint_state_publisher_gui:/home/marcus/ros2_ws/install/joint_state_publisher:/opt/ros/humble /usr/bin/cmake --install /home/marcus/ros2_ws/build/crane_interfaces
