[0.238s] Invoking command in '/home/marcus/ros2_ws/build/xacro': CMAKE_PREFIX_PATH=${CMAKE_PREFIX_PATH}:/home/marcus/ros2_ws/install/joint_state_publisher_gui:/home/marcus/ros2_ws/install/joint_state_publisher:/opt/ros/humble /usr/bin/cmake --build /home/marcus/ros2_ws/build/xacro -- -j8 -l8
[0.281s] Built target ament_cmake_python_copy_xacro_setup
[0.281s] Built target ament_cmake_python_copy_xacro
[0.511s] running egg_info
[0.511s] running install_scripts
[0.511s] writing xacro.egg-info/PKG-INFO
[0.511s] writing dependency_links to xacro.egg-info/dependency_links.txt
[0.511s] writing entry points to xacro.egg-info/entry_points.txt
[0.512s] writing top-level names to xacro.egg-info/top_level.txt
[0.513s] /usr/lib/python3/dist-packages/setuptools/command/install.py:34: SetuptoolsDeprecationWarning: setup.py install is deprecated. Use build and pip and other standards-based tools.
[0.514s]   warnings.warn(
[0.514s] reading manifest file 'xacro.egg-info/SOURCES.txt'
[0.514s] writing manifest file 'xacro.egg-info/SOURCES.txt'
[0.537s] running egg_info
[0.538s] writing xacro.egg-info/PKG-INFO
[0.538s] Built target ament_cmake_python_build_xacro_egg
[0.538s] writing dependency_links to xacro.egg-info/dependency_links.txt
[0.539s] writing entry points to xacro.egg-info/entry_points.txt
[0.539s] writing top-level names to xacro.egg-info/top_level.txt
[0.540s] reading manifest file 'xacro.egg-info/SOURCES.txt'
[0.541s] writing manifest file 'xacro.egg-info/SOURCES.txt'
[0.542s] Installing xacro script to scripts
[0.569s] Built target ament_cmake_python_build_xacro_scripts
[0.577s] Invoked command in '/home/marcus/ros2_ws/build/xacro' returned '0': CMAKE_PREFIX_PATH=${CMAKE_PREFIX_PATH}:/home/marcus/ros2_ws/install/joint_state_publisher_gui:/home/marcus/ros2_ws/install/joint_state_publisher:/opt/ros/humble /usr/bin/cmake --build /home/marcus/ros2_ws/build/xacro -- -j8 -l8
[0.604s] Invoking command in '/home/marcus/ros2_ws/build/xacro': CMAKE_PREFIX_PATH=${CMAKE_PREFIX_PATH}:/home/marcus/ros2_ws/install/joint_state_publisher_gui:/home/marcus/ros2_ws/install/joint_state_publisher:/opt/ros/humble /usr/bin/cmake --install /home/marcus/ros2_ws/build/xacro
[0.610s] -- Install configuration: ""
[0.610s] -- Up-to-date: /home/marcus/ros2_ws/install/xacro/share/xacro/environment/completion.bash
[0.610s] -- Up-to-date: /home/marcus/ros2_ws/install/xacro/share/xacro/environment/pythonpath.sh
[0.610s] -- Up-to-date: /home/marcus/ros2_ws/install/xacro/share/xacro/environment/pythonpath.dsv
[0.610s] -- Up-to-date: /home/marcus/ros2_ws/install/xacro/local/lib/python3.10/dist-packages/xacro-2.0.9-py3.10.egg-info
[0.610s] -- Installing: /home/marcus/ros2_ws/install/xacro/local/lib/python3.10/dist-packages/xacro-2.0.9-py3.10.egg-info/top_level.txt
[0.610s] -- Installing: /home/marcus/ros2_ws/install/xacro/local/lib/python3.10/dist-packages/xacro-2.0.9-py3.10.egg-info/entry_points.txt
[0.610s] -- Installing: /home/marcus/ros2_ws/install/xacro/local/lib/python3.10/dist-packages/xacro-2.0.9-py3.10.egg-info/dependency_links.txt
[0.610s] -- Installing: /home/marcus/ros2_ws/install/xacro/local/lib/python3.10/dist-packages/xacro-2.0.9-py3.10.egg-info/SOURCES.txt
[0.610s] -- Installing: /home/marcus/ros2_ws/install/xacro/local/lib/python3.10/dist-packages/xacro-2.0.9-py3.10.egg-info/PKG-INFO
[0.611s] -- Up-to-date: /home/marcus/ros2_ws/install/xacro/lib/xacro/
[0.611s] -- Installing: /home/marcus/ros2_ws/install/xacro/lib/xacro//xacro
[0.611s] -- Up-to-date: /home/marcus/ros2_ws/install/xacro/local/lib/python3.10/dist-packages/xacro
[0.611s] -- Up-to-date: /home/marcus/ros2_ws/install/xacro/local/lib/python3.10/dist-packages/xacro/xmlutils.py
[0.611s] -- Up-to-date: /home/marcus/ros2_ws/install/xacro/local/lib/python3.10/dist-packages/xacro/cli.py
[0.611s] -- Up-to-date: /home/marcus/ros2_ws/install/xacro/local/lib/python3.10/dist-packages/xacro/substitution_args.py
[0.611s] -- Up-to-date: /home/marcus/ros2_ws/install/xacro/local/lib/python3.10/dist-packages/xacro/color.py
[0.611s] -- Up-to-date: /home/marcus/ros2_ws/install/xacro/local/lib/python3.10/dist-packages/xacro/__init__.py
[0.639s] Listing '/home/marcus/ros2_ws/install/xacro/local/lib/python3.10/dist-packages/xacro'...
[0.643s] -- Up-to-date: /home/marcus/ros2_ws/install/xacro/bin/
[0.644s] -- Installing: /home/marcus/ros2_ws/install/xacro/bin//xacro
[0.644s] -- Up-to-date: /home/marcus/ros2_ws/install/xacro/share/ament_index/resource_index/package_run_dependencies/xacro
[0.644s] -- Up-to-date: /home/marcus/ros2_ws/install/xacro/share/ament_index/resource_index/parent_prefix_path/xacro
[0.644s] -- Up-to-date: /home/marcus/ros2_ws/install/xacro/share/xacro/environment/ament_prefix_path.sh
[0.644s] -- Up-to-date: /home/marcus/ros2_ws/install/xacro/share/xacro/environment/ament_prefix_path.dsv
[0.644s] -- Up-to-date: /home/marcus/ros2_ws/install/xacro/share/xacro/environment/path.sh
[0.644s] -- Up-to-date: /home/marcus/ros2_ws/install/xacro/share/xacro/environment/path.dsv
[0.644s] -- Up-to-date: /home/marcus/ros2_ws/install/xacro/share/xacro/local_setup.bash
[0.644s] -- Up-to-date: /home/marcus/ros2_ws/install/xacro/share/xacro/local_setup.sh
[0.644s] -- Up-to-date: /home/marcus/ros2_ws/install/xacro/share/xacro/local_setup.zsh
[0.644s] -- Up-to-date: /home/marcus/ros2_ws/install/xacro/share/xacro/local_setup.dsv
[0.645s] -- Installing: /home/marcus/ros2_ws/install/xacro/share/xacro/package.dsv
[0.645s] -- Up-to-date: /home/marcus/ros2_ws/install/xacro/share/ament_index/resource_index/packages/xacro
[0.645s] -- Up-to-date: /home/marcus/ros2_ws/install/xacro/share/xacro/cmake/xacro-extras.cmake
[0.645s] -- Up-to-date: /home/marcus/ros2_ws/install/xacro/share/xacro/cmake/xacroConfig.cmake
[0.645s] -- Up-to-date: /home/marcus/ros2_ws/install/xacro/share/xacro/cmake/xacroConfig-version.cmake
[0.645s] -- Up-to-date: /home/marcus/ros2_ws/install/xacro/share/xacro/package.xml
[0.646s] Invoked command in '/home/marcus/ros2_ws/build/xacro' returned '0': CMAKE_PREFIX_PATH=${CMAKE_PREFIX_PATH}:/home/marcus/ros2_ws/install/joint_state_publisher_gui:/home/marcus/ros2_ws/install/joint_state_publisher:/opt/ros/humble /usr/bin/cmake --install /home/marcus/ros2_ws/build/xacro
