[0.554s] Invoking command in '/home/marcus/ros2_ws/src/joint_state_publisher/joint_state_publisher': PYTHONPATH=/home/marcus/ros2_ws/build/joint_state_publisher/prefix_override:/home/marcus/ros2_ws/install/joint_state_publisher/lib/python3.10/site-packages:${PYTHONPATH} /usr/bin/python3 setup.py egg_info --egg-base ../../../build/joint_state_publisher build --build-base /home/marcus/ros2_ws/build/joint_state_publisher/build install --record /home/marcus/ros2_ws/build/joint_state_publisher/install.log --single-version-externally-managed
[0.765s] running egg_info
[0.766s] creating ../../../build/joint_state_publisher/joint_state_publisher.egg-info
[0.766s] writing ../../../build/joint_state_publisher/joint_state_publisher.egg-info/PKG-INFO
[0.766s] writing dependency_links to ../../../build/joint_state_publisher/joint_state_publisher.egg-info/dependency_links.txt
[0.766s] writing entry points to ../../../build/joint_state_publisher/joint_state_publisher.egg-info/entry_points.txt
[0.767s] writing requirements to ../../../build/joint_state_publisher/joint_state_publisher.egg-info/requires.txt
[0.767s] writing top-level names to ../../../build/joint_state_publisher/joint_state_publisher.egg-info/top_level.txt
[0.767s] writing manifest file '../../../build/joint_state_publisher/joint_state_publisher.egg-info/SOURCES.txt'
[0.769s] reading manifest file '../../../build/joint_state_publisher/joint_state_publisher.egg-info/SOURCES.txt'
[0.769s] adding license file 'LICENSE'
[0.769s] writing manifest file '../../../build/joint_state_publisher/joint_state_publisher.egg-info/SOURCES.txt'
[0.769s] running build
[0.770s] running build_py
[0.770s] creating /home/marcus/ros2_ws/build/joint_state_publisher/build
[0.770s] creating /home/marcus/ros2_ws/build/joint_state_publisher/build/lib
[0.770s] creating /home/marcus/ros2_ws/build/joint_state_publisher/build/lib/joint_state_publisher
[0.770s] copying joint_state_publisher/joint_state_publisher.py -> /home/marcus/ros2_ws/build/joint_state_publisher/build/lib/joint_state_publisher
[0.770s] copying joint_state_publisher/__init__.py -> /home/marcus/ros2_ws/build/joint_state_publisher/build/lib/joint_state_publisher
[0.770s] running install
[0.770s] /usr/lib/python3/dist-packages/setuptools/command/install.py:34: SetuptoolsDeprecationWarning: setup.py install is deprecated. Use build and pip and other standards-based tools.
[0.770s]   warnings.warn(
[0.771s] running install_lib
[0.771s] creating /home/marcus/ros2_ws/install/joint_state_publisher/lib/python3.10/site-packages/joint_state_publisher
[0.771s] copying /home/marcus/ros2_ws/build/joint_state_publisher/build/lib/joint_state_publisher/joint_state_publisher.py -> /home/marcus/ros2_ws/install/joint_state_publisher/lib/python3.10/site-packages/joint_state_publisher
[0.771s] copying /home/marcus/ros2_ws/build/joint_state_publisher/build/lib/joint_state_publisher/__init__.py -> /home/marcus/ros2_ws/install/joint_state_publisher/lib/python3.10/site-packages/joint_state_publisher
[0.772s] byte-compiling /home/marcus/ros2_ws/install/joint_state_publisher/lib/python3.10/site-packages/joint_state_publisher/joint_state_publisher.py to joint_state_publisher.cpython-310.pyc
[0.774s] byte-compiling /home/marcus/ros2_ws/install/joint_state_publisher/lib/python3.10/site-packages/joint_state_publisher/__init__.py to __init__.cpython-310.pyc
[0.774s] running install_data
[0.775s] creating /home/marcus/ros2_ws/install/joint_state_publisher/share/ament_index
[0.775s] creating /home/marcus/ros2_ws/install/joint_state_publisher/share/ament_index/resource_index
[0.775s] creating /home/marcus/ros2_ws/install/joint_state_publisher/share/ament_index/resource_index/packages
[0.775s] copying resource/joint_state_publisher -> /home/marcus/ros2_ws/install/joint_state_publisher/share/ament_index/resource_index/packages
[0.775s] copying package.xml -> /home/marcus/ros2_ws/install/joint_state_publisher/share/joint_state_publisher
[0.775s] running install_egg_info
[0.776s] Copying ../../../build/joint_state_publisher/joint_state_publisher.egg-info to /home/marcus/ros2_ws/install/joint_state_publisher/lib/python3.10/site-packages/joint_state_publisher-2.3.0-py3.10.egg-info
[0.777s] running install_scripts
[0.797s] Installing joint_state_publisher script to /home/marcus/ros2_ws/install/joint_state_publisher/lib/joint_state_publisher
[0.798s] writing list of installed files to '/home/marcus/ros2_ws/build/joint_state_publisher/install.log'
