[0.576s] Invoking command in '/home/marcus/ros2_ws/src/joint_state_publisher/joint_state_publisher': PYTHONPATH=/home/marcus/ros2_ws/build/joint_state_publisher/prefix_override:/home/marcus/ros2_ws/install/joint_state_publisher/lib/python3.10/site-packages:${PYTHONPATH} /usr/bin/python3 setup.py egg_info --egg-base ../../../build/joint_state_publisher build --build-base /home/marcus/ros2_ws/build/joint_state_publisher/build install --record /home/marcus/ros2_ws/build/joint_state_publisher/install.log --single-version-externally-managed
[0.811s] running egg_info
[0.812s] writing ../../../build/joint_state_publisher/joint_state_publisher.egg-info/PKG-INFO
[0.812s] writing dependency_links to ../../../build/joint_state_publisher/joint_state_publisher.egg-info/dependency_links.txt
[0.812s] writing entry points to ../../../build/joint_state_publisher/joint_state_publisher.egg-info/entry_points.txt
[0.812s] writing requirements to ../../../build/joint_state_publisher/joint_state_publisher.egg-info/requires.txt
[0.812s] writing top-level names to ../../../build/joint_state_publisher/joint_state_publisher.egg-info/top_level.txt
[0.814s] reading manifest file '../../../build/joint_state_publisher/joint_state_publisher.egg-info/SOURCES.txt'
[0.814s] adding license file 'LICENSE'
[0.815s] writing manifest file '../../../build/joint_state_publisher/joint_state_publisher.egg-info/SOURCES.txt'
[0.815s] running build
[0.815s] running build_py
[0.816s] running install
[0.816s] /usr/lib/python3/dist-packages/setuptools/command/install.py:34: SetuptoolsDeprecationWarning: setup.py install is deprecated. Use build and pip and other standards-based tools.
[0.816s]   warnings.warn(
[0.816s] running install_lib
[0.817s] running install_data
[0.817s] running install_egg_info
[0.819s] removing '/home/marcus/ros2_ws/install/joint_state_publisher/lib/python3.10/site-packages/joint_state_publisher-2.3.0-py3.10.egg-info' (and everything under it)
[0.819s] Copying ../../../build/joint_state_publisher/joint_state_publisher.egg-info to /home/marcus/ros2_ws/install/joint_state_publisher/lib/python3.10/site-packages/joint_state_publisher-2.3.0-py3.10.egg-info
[0.820s] running install_scripts
[0.840s] Installing joint_state_publisher script to /home/marcus/ros2_ws/install/joint_state_publisher/lib/joint_state_publisher
[0.840s] writing list of installed files to '/home/marcus/ros2_ws/build/joint_state_publisher/install.log'
[0.864s] Invoked command in '/home/marcus/ros2_ws/src/joint_state_publisher/joint_state_publisher' returned '0': PYTHONPATH=/home/marcus/ros2_ws/build/joint_state_publisher/prefix_override:/home/marcus/ros2_ws/install/joint_state_publisher/lib/python3.10/site-packages:${PYTHONPATH} /usr/bin/python3 setup.py egg_info --egg-base ../../../build/joint_state_publisher build --build-base /home/marcus/ros2_ws/build/joint_state_publisher/build install --record /home/marcus/ros2_ws/build/joint_state_publisher/install.log --single-version-externally-managed
