-- Found ament_cmake: 1.3.3 (/home/marcus/ros2_humble/install/ament_cmake/share/ament_cmake/cmake)
-- Found rclcpp: 16.0.3 (/home/marcus/ros2_humble/install/rclcpp/share/rclcpp/cmake)
-- Found rosidl_generator_c: 3.1.4 (/home/marcus/ros2_humble/install/rosidl_generator_c/share/rosidl_generator_c/cmake)
-- Found rosidl_adapter: 3.1.4 (/home/marcus/ros2_humble/install/rosidl_adapter/share/rosidl_adapter/cmake)
-- Found rosidl_generator_cpp: 3.1.4 (/home/marcus/ros2_humble/install/rosidl_generator_cpp/share/rosidl_generator_cpp/cmake)
-- Using all available rosidl_typesupport_c: rosidl_typesupport_introspection_c;rosidl_typesupport_fastrtps_c
-- Using all available rosidl_typesupport_cpp: rosidl_typesupport_introspection_cpp;rosidl_typesupport_fastrtps_cpp
-- Found rmw_implementation_cmake: 6.1.1 (/home/marcus/ros2_humble/install/rmw_implementation_cmake/share/rmw_implementation_cmake/cmake)
-- Found rmw_fastrtps_cpp: 6.2.2 (/home/marcus/ros2_humble/install/rmw_fastrtps_cpp/share/rmw_fastrtps_cpp/cmake)
-- Using RMW implementation 'rmw_fastrtps_cpp' as default
-- Found crane_interfaces: 0.0.0 (/home/marcus/ros2_ws/install/crane_interfaces/share/crane_interfaces/cmake)
-- Configuring done
-- Generating done
-- Build files have been written to: /home/marcus/ros2_ws/build/crane_cpp
[ 50%] [32mBuilding CXX object CMakeFiles/crane_commander.dir/src/crane_commander.cpp.o[0m
[100%] [32m[1mLinking CXX executable crane_commander[0m
[100%] Built target crane_commander
-- Install configuration: ""
-- Installing: /home/marcus/ros2_ws/install/crane_cpp/lib/crane_cpp/crane_commander
-- Set runtime path of "/home/marcus/ros2_ws/install/crane_cpp/lib/crane_cpp/crane_commander" to ""
-- Installing: /home/marcus/ros2_ws/install/crane_cpp/share/crane_cpp//launch
-- Installing: /home/marcus/ros2_ws/install/crane_cpp/share/crane_cpp//launch/crane.launch.py
-- Installing: /home/marcus/ros2_ws/install/crane_cpp/share/ament_index/resource_index/package_run_dependencies/crane_cpp
-- Installing: /home/marcus/ros2_ws/install/crane_cpp/share/ament_index/resource_index/parent_prefix_path/crane_cpp
-- Installing: /home/marcus/ros2_ws/install/crane_cpp/share/crane_cpp/environment/ament_prefix_path.sh
-- Installing: /home/marcus/ros2_ws/install/crane_cpp/share/crane_cpp/environment/ament_prefix_path.dsv
-- Installing: /home/marcus/ros2_ws/install/crane_cpp/share/crane_cpp/environment/path.sh
-- Installing: /home/marcus/ros2_ws/install/crane_cpp/share/crane_cpp/environment/path.dsv
-- Installing: /home/marcus/ros2_ws/install/crane_cpp/share/crane_cpp/local_setup.bash
-- Installing: /home/marcus/ros2_ws/install/crane_cpp/share/crane_cpp/local_setup.sh
-- Installing: /home/marcus/ros2_ws/install/crane_cpp/share/crane_cpp/local_setup.zsh
-- Installing: /home/marcus/ros2_ws/install/crane_cpp/share/crane_cpp/local_setup.dsv
-- Installing: /home/marcus/ros2_ws/install/crane_cpp/share/crane_cpp/package.dsv
-- Installing: /home/marcus/ros2_ws/install/crane_cpp/share/ament_index/resource_index/packages/crane_cpp
-- Installing: /home/marcus/ros2_ws/install/crane_cpp/share/crane_cpp/cmake/crane_cppConfig.cmake
-- Installing: /home/marcus/ros2_ws/install/crane_cpp/share/crane_cpp/cmake/crane_cppConfig-version.cmake
-- Installing: /home/marcus/ros2_ws/install/crane_cpp/share/crane_cpp/package.xml
