[0.044s] Invoking command in '/home/marcus/ros2_ws/build/crane_interfaces': CMAKE_PREFIX_PATH=${CMAKE_PREFIX_PATH}:/home/marcus/second_ros2_ws/install/urdf_tutorial_r2d2:/home/marcus/ros2_ws_urdf_sim/install/urdf_tutorial_r2d2:/home/marcus/ros2_humble/install/rqt_bag_plugins:/home/marcus/ros2_humble/install/rqt_bag:/home/marcus/ros2_humble/install/ros2bag:/home/marcus/ros2_humble/install/tracetools_test:/home/marcus/ros2_humble/install/tracetools_launch:/home/marcus/ros2_humble/install/topic_monitor:/home/marcus/ros2_humble/install/tf2_tools:/home/marcus/ros2_humble/install/examples_tf2_py:/home/marcus/ros2_humble/install/tf2_ros_py:/home/marcus/ros2_humble/install/sros2:/home/marcus/ros2_humble/install/rqt_topic:/home/marcus/ros2_humble/install/rqt_srv:/home/marcus/ros2_humble/install/rqt_shell:/home/marcus/ros2_humble/install/rqt_service_caller:/home/marcus/ros2_humble/install/rqt_reconfigure:/home/marcus/ros2_humble/install/rqt_py_console:/home/marcus/ros2_humble/install/rqt_publisher:/home/marcus/ros2_humble/install/rqt_plot:/home/marcus/ros2_humble/install/rqt_action:/home/marcus/ros2_humble/install/rqt_msg:/home/marcus/ros2_humble/install/rqt_console:/home/marcus/ros2_humble/install/rqt:/home/marcus/ros2_humble/install/rqt_graph:/home/marcus/ros2_humble/install/rqt_gui_py:/home/marcus/ros2_humble/install/rqt_gui:/home/marcus/ros2_humble/install/ros2trace:/home/marcus/ros2_humble/install/ros2topic:/home/marcus/ros2_humble/install/ros2test:/home/marcus/ros2_humble/install/ros2component:/home/marcus/ros2_humble/install/ros2param:/home/marcus/ros2_humble/install/ros2lifecycle:/home/marcus/ros2_humble/install/ros2service:/home/marcus/ros2_humble/install/ros2run:/home/marcus/ros2_humble/install/ros2launch:/home/marcus/ros2_humble/install/ros2pkg:/home/marcus/ros2_humble/install/ros2node:/home/marcus/ros2_humble/install/ros2multicast:/home/marcus/ros2_humble/install/ros2interface:/home/marcus/ros2_humble/install/ros2doctor:/home/marcus/ros2_humble/install/ros2action:/home/marcus/ros2_humble/install/ros2cli:/home/marcus/ros2_humble/install/quality_of_service_demo_py:/home/marcus/ros2_humble/install/lifecycle_py:/home/marcus/ros2_humble/install/launch_testing_ros:/home/marcus/ros2_humble/install/launch_ros:/home/marcus/ros2_humble/install/examples_rclpy_pointcloud_publisher:/home/marcus/ros2_humble/install/examples_rclpy_minimal_subscriber:/home/marcus/ros2_humble/install/examples_rclpy_minimal_service:/home/marcus/ros2_humble/install/examples_rclpy_minimal_publisher:/home/marcus/ros2_humble/install/examples_rclpy_minimal_client:/home/marcus/ros2_humble/install/examples_rclpy_minimal_action_server:/home/marcus/ros2_humble/install/examples_rclpy_minimal_action_client:/home/marcus/ros2_humble/install/examples_rclpy_guard_conditions:/home/marcus/ros2_humble/install/examples_rclpy_executors:/home/marcus/ros2_humble/install/demo_nodes_py:/home/marcus/ros2_humble/install/action_tutorials_py:/home/marcus/ros2_humble/install/ament_uncrustify:/home/marcus/ros2_humble/install/tracetools_trace:/home/marcus/ros2_humble/install/tracetools_read:/home/marcus/ros2_humble/install/test_tracetools_launch:/home/marcus/ros2_humble/install/test_launch_ros:/home/marcus/ros2_humble/install/sensor_msgs_py:/home/marcus/ros2_humble/install/rpyutils:/home/marcus/ros2_humble/install/rosidl_runtime_py:/home/marcus/ros2_humble/install/rosidl_cli:/home/marcus/ros2_humble/install/launch_pytest:/home/marcus/ros2_humble/install/launch_testing:/home/marcus/ros2_humble/install/launch_yaml:/home/marcus/ros2_humble/install/launch_xml:/home/marcus/ros2_humble/install/launch:/home/marcus/ros2_humble/install/osrf_pycommon:/home/marcus/ros2_humble/install/launch_testing_examples:/home/marcus/ros2_humble/install/domain_coordinator:/home/marcus/ros2_humble/install/ament_xmllint:/home/marcus/ros2_humble/install/ament_pyflakes:/home/marcus/ros2_humble/install/ament_pycodestyle:/home/marcus/ros2_humble/install/ament_pep257:/home/marcus/ros2_humble/install/ament_pclint:/home/marcus/ros2_humble/install/ament_package:/home/marcus/ros2_humble/install/ament_mypy:/home/marcus/ros2_humble/install/ament_lint_cmake:/home/marcus/ros2_humble/install/ament_flake8:/home/marcus/ros2_humble/install/ament_copyright:/home/marcus/ros2_humble/install/ament_lint:/home/marcus/ros2_humble/install/ament_index_python:/home/marcus/ros2_humble/install/ament_cpplint:/home/marcus/ros2_humble/install/ament_cppcheck:/home/marcus/ros2_humble/install/ament_clang_tidy:/home/marcus/ros2_humble/install/ament_clang_format:/home/marcus/ros2_ws/install/joint_state_publisher_gui:/home/marcus/ros2_ws/install/joint_state_publisher:/opt/ros/humble /usr/bin/cmake /home/marcus/ros2_ws/src/crane_interfaces -DCMAKE_INSTALL_PREFIX=/home/marcus/ros2_ws/install/crane_interfaces
[0.152s] -- The C compiler identification is GNU 11.3.0
[0.220s] -- The CXX compiler identification is GNU 11.3.0
[0.230s] -- Detecting C compiler ABI info
[0.348s] -- Detecting C compiler ABI info - done
[0.355s] -- Check for working C compiler: /usr/bin/cc - skipped
[0.355s] -- Detecting C compile features
[0.356s] -- Detecting C compile features - done
[0.358s] -- Detecting CXX compiler ABI info
[0.487s] -- Detecting CXX compiler ABI info - done
[0.494s] -- Check for working CXX compiler: /usr/bin/c++ - skipped
[0.495s] -- Detecting CXX compile features
[0.495s] -- Detecting CXX compile features - done
[0.515s] -- Found ament_cmake: 1.3.3 (/home/marcus/ros2_humble/install/ament_cmake/share/ament_cmake/cmake)
[1.211s] -- Found Python3: /usr/bin/python3.10 (found version "3.10.6") found components: Interpreter 
[1.683s] -- Found rosidl_default_generators: 1.2.0 (/home/marcus/ros2_humble/install/rosidl_default_generators/share/rosidl_default_generators/cmake)
[1.813s] -- Using all available rosidl_typesupport_c: rosidl_typesupport_introspection_c;rosidl_typesupport_fastrtps_c
[1.859s] -- Found rosidl_adapter: 3.1.4 (/home/marcus/ros2_humble/install/rosidl_adapter/share/rosidl_adapter/cmake)
[2.058s] -- Using all available rosidl_typesupport_cpp: rosidl_typesupport_introspection_cpp;rosidl_typesupport_fastrtps_cpp
[3.107s] -- Found ament_cmake_ros: 0.10.0 (/home/marcus/ros2_humble/install/ament_cmake_ros/share/ament_cmake_ros/cmake)
[3.577s] -- Using all available rosidl_typesupport_c: rosidl_typesupport_introspection_c;rosidl_typesupport_fastrtps_c
[4.348s] -- Using all available rosidl_typesupport_cpp: rosidl_typesupport_introspection_cpp;rosidl_typesupport_fastrtps_cpp
[4.433s] -- Found PythonInterp: /usr/bin/python3 (found suitable version "3.10.6", minimum required is "3.6") 
[4.455s] -- Found python_cmake_module: 0.10.0 (/home/marcus/ros2_humble/install/python_cmake_module/share/python_cmake_module/cmake)
[4.558s] -- Found PythonLibs: /usr/lib/x86_64-linux-gnu/libpython3.10.so (found suitable version "3.10.6", minimum required is "3.5") 
[4.558s] -- Using PYTHON_EXECUTABLE: /usr/bin/python3
[4.558s] -- Using PYTHON_INCLUDE_DIRS: /usr/include/python3.10
[4.558s] -- Using PYTHON_LIBRARIES: /usr/lib/x86_64-linux-gnu/libpython3.10.so
[4.633s] -- Found PythonExtra: .so  
[5.025s] -- Found ament_lint_auto: 0.12.5 (/home/marcus/ros2_humble/install/ament_lint_auto/share/ament_lint_auto/cmake)
[5.213s] -- Added test 'copyright' to check source files copyright and LICENSE
[5.223s] -- Added test 'lint_cmake' to check CMake code style
[5.231s] -- Added test 'xmllint' to check XML markup files
[5.247s] -- Configuring done
[5.273s] -- Generating done
[5.276s] -- Build files have been written to: /home/marcus/ros2_ws/build/crane_interfaces
[5.286s] Invoked command in '/home/marcus/ros2_ws/build/crane_interfaces' returned '0': CMAKE_PREFIX_PATH=${CMAKE_PREFIX_PATH}:/home/marcus/second_ros2_ws/install/urdf_tutorial_r2d2:/home/marcus/ros2_ws_urdf_sim/install/urdf_tutorial_r2d2:/home/marcus/ros2_humble/install/rqt_bag_plugins:/home/marcus/ros2_humble/install/rqt_bag:/home/marcus/ros2_humble/install/ros2bag:/home/marcus/ros2_humble/install/tracetools_test:/home/marcus/ros2_humble/install/tracetools_launch:/home/marcus/ros2_humble/install/topic_monitor:/home/marcus/ros2_humble/install/tf2_tools:/home/marcus/ros2_humble/install/examples_tf2_py:/home/marcus/ros2_humble/install/tf2_ros_py:/home/marcus/ros2_humble/install/sros2:/home/marcus/ros2_humble/install/rqt_topic:/home/marcus/ros2_humble/install/rqt_srv:/home/marcus/ros2_humble/install/rqt_shell:/home/marcus/ros2_humble/install/rqt_service_caller:/home/marcus/ros2_humble/install/rqt_reconfigure:/home/marcus/ros2_humble/install/rqt_py_console:/home/marcus/ros2_humble/install/rqt_publisher:/home/marcus/ros2_humble/install/rqt_plot:/home/marcus/ros2_humble/install/rqt_action:/home/marcus/ros2_humble/install/rqt_msg:/home/marcus/ros2_humble/install/rqt_console:/home/marcus/ros2_humble/install/rqt:/home/marcus/ros2_humble/install/rqt_graph:/home/marcus/ros2_humble/install/rqt_gui_py:/home/marcus/ros2_humble/install/rqt_gui:/home/marcus/ros2_humble/install/ros2trace:/home/marcus/ros2_humble/install/ros2topic:/home/marcus/ros2_humble/install/ros2test:/home/marcus/ros2_humble/install/ros2component:/home/marcus/ros2_humble/install/ros2param:/home/marcus/ros2_humble/install/ros2lifecycle:/home/marcus/ros2_humble/install/ros2service:/home/marcus/ros2_humble/install/ros2run:/home/marcus/ros2_humble/install/ros2launch:/home/marcus/ros2_humble/install/ros2pkg:/home/marcus/ros2_humble/install/ros2node:/home/marcus/ros2_humble/install/ros2multicast:/home/marcus/ros2_humble/install/ros2interface:/home/marcus/ros2_humble/install/ros2doctor:/home/marcus/ros2_humble/install/ros2action:/home/marcus/ros2_humble/install/ros2cli:/home/marcus/ros2_humble/install/quality_of_service_demo_py:/home/marcus/ros2_humble/install/lifecycle_py:/home/marcus/ros2_humble/install/launch_testing_ros:/home/marcus/ros2_humble/install/launch_ros:/home/marcus/ros2_humble/install/examples_rclpy_pointcloud_publisher:/home/marcus/ros2_humble/install/examples_rclpy_minimal_subscriber:/home/marcus/ros2_humble/install/examples_rclpy_minimal_service:/home/marcus/ros2_humble/install/examples_rclpy_minimal_publisher:/home/marcus/ros2_humble/install/examples_rclpy_minimal_client:/home/marcus/ros2_humble/install/examples_rclpy_minimal_action_server:/home/marcus/ros2_humble/install/examples_rclpy_minimal_action_client:/home/marcus/ros2_humble/install/examples_rclpy_guard_conditions:/home/marcus/ros2_humble/install/examples_rclpy_executors:/home/marcus/ros2_humble/install/demo_nodes_py:/home/marcus/ros2_humble/install/action_tutorials_py:/home/marcus/ros2_humble/install/ament_uncrustify:/home/marcus/ros2_humble/install/tracetools_trace:/home/marcus/ros2_humble/install/tracetools_read:/home/marcus/ros2_humble/install/test_tracetools_launch:/home/marcus/ros2_humble/install/test_launch_ros:/home/marcus/ros2_humble/install/sensor_msgs_py:/home/marcus/ros2_humble/install/rpyutils:/home/marcus/ros2_humble/install/rosidl_runtime_py:/home/marcus/ros2_humble/install/rosidl_cli:/home/marcus/ros2_humble/install/launch_pytest:/home/marcus/ros2_humble/install/launch_testing:/home/marcus/ros2_humble/install/launch_yaml:/home/marcus/ros2_humble/install/launch_xml:/home/marcus/ros2_humble/install/launch:/home/marcus/ros2_humble/install/osrf_pycommon:/home/marcus/ros2_humble/install/launch_testing_examples:/home/marcus/ros2_humble/install/domain_coordinator:/home/marcus/ros2_humble/install/ament_xmllint:/home/marcus/ros2_humble/install/ament_pyflakes:/home/marcus/ros2_humble/install/ament_pycodestyle:/home/marcus/ros2_humble/install/ament_pep257:/home/marcus/ros2_humble/install/ament_pclint:/home/marcus/ros2_humble/install/ament_package:/home/marcus/ros2_humble/install/ament_mypy:/home/marcus/ros2_humble/install/ament_lint_cmake:/home/marcus/ros2_humble/install/ament_flake8:/home/marcus/ros2_humble/install/ament_copyright:/home/marcus/ros2_humble/install/ament_lint:/home/marcus/ros2_humble/install/ament_index_python:/home/marcus/ros2_humble/install/ament_cpplint:/home/marcus/ros2_humble/install/ament_cppcheck:/home/marcus/ros2_humble/install/ament_clang_tidy:/home/marcus/ros2_humble/install/ament_clang_format:/home/marcus/ros2_ws/install/joint_state_publisher_gui:/home/marcus/ros2_ws/install/joint_state_publisher:/opt/ros/humble /usr/bin/cmake /home/marcus/ros2_ws/src/crane_interfaces -DCMAKE_INSTALL_PREFIX=/home/marcus/ros2_ws/install/crane_interfaces
[5.289s] Invoking command in '/home/marcus/ros2_ws/build/crane_interfaces': CMAKE_PREFIX_PATH=${CMAKE_PREFIX_PATH}:/home/marcus/second_ros2_ws/install/urdf_tutorial_r2d2:/home/marcus/ros2_ws_urdf_sim/install/urdf_tutorial_r2d2:/home/marcus/ros2_humble/install/rqt_bag_plugins:/home/marcus/ros2_humble/install/rqt_bag:/home/marcus/ros2_humble/install/ros2bag:/home/marcus/ros2_humble/install/tracetools_test:/home/marcus/ros2_humble/install/tracetools_launch:/home/marcus/ros2_humble/install/topic_monitor:/home/marcus/ros2_humble/install/tf2_tools:/home/marcus/ros2_humble/install/examples_tf2_py:/home/marcus/ros2_humble/install/tf2_ros_py:/home/marcus/ros2_humble/install/sros2:/home/marcus/ros2_humble/install/rqt_topic:/home/marcus/ros2_humble/install/rqt_srv:/home/marcus/ros2_humble/install/rqt_shell:/home/marcus/ros2_humble/install/rqt_service_caller:/home/marcus/ros2_humble/install/rqt_reconfigure:/home/marcus/ros2_humble/install/rqt_py_console:/home/marcus/ros2_humble/install/rqt_publisher:/home/marcus/ros2_humble/install/rqt_plot:/home/marcus/ros2_humble/install/rqt_action:/home/marcus/ros2_humble/install/rqt_msg:/home/marcus/ros2_humble/install/rqt_console:/home/marcus/ros2_humble/install/rqt:/home/marcus/ros2_humble/install/rqt_graph:/home/marcus/ros2_humble/install/rqt_gui_py:/home/marcus/ros2_humble/install/rqt_gui:/home/marcus/ros2_humble/install/ros2trace:/home/marcus/ros2_humble/install/ros2topic:/home/marcus/ros2_humble/install/ros2test:/home/marcus/ros2_humble/install/ros2component:/home/marcus/ros2_humble/install/ros2param:/home/marcus/ros2_humble/install/ros2lifecycle:/home/marcus/ros2_humble/install/ros2service:/home/marcus/ros2_humble/install/ros2run:/home/marcus/ros2_humble/install/ros2launch:/home/marcus/ros2_humble/install/ros2pkg:/home/marcus/ros2_humble/install/ros2node:/home/marcus/ros2_humble/install/ros2multicast:/home/marcus/ros2_humble/install/ros2interface:/home/marcus/ros2_humble/install/ros2doctor:/home/marcus/ros2_humble/install/ros2action:/home/marcus/ros2_humble/install/ros2cli:/home/marcus/ros2_humble/install/quality_of_service_demo_py:/home/marcus/ros2_humble/install/lifecycle_py:/home/marcus/ros2_humble/install/launch_testing_ros:/home/marcus/ros2_humble/install/launch_ros:/home/marcus/ros2_humble/install/examples_rclpy_pointcloud_publisher:/home/marcus/ros2_humble/install/examples_rclpy_minimal_subscriber:/home/marcus/ros2_humble/install/examples_rclpy_minimal_service:/home/marcus/ros2_humble/install/examples_rclpy_minimal_publisher:/home/marcus/ros2_humble/install/examples_rclpy_minimal_client:/home/marcus/ros2_humble/install/examples_rclpy_minimal_action_server:/home/marcus/ros2_humble/install/examples_rclpy_minimal_action_client:/home/marcus/ros2_humble/install/examples_rclpy_guard_conditions:/home/marcus/ros2_humble/install/examples_rclpy_executors:/home/marcus/ros2_humble/install/demo_nodes_py:/home/marcus/ros2_humble/install/action_tutorials_py:/home/marcus/ros2_humble/install/ament_uncrustify:/home/marcus/ros2_humble/install/tracetools_trace:/home/marcus/ros2_humble/install/tracetools_read:/home/marcus/ros2_humble/install/test_tracetools_launch:/home/marcus/ros2_humble/install/test_launch_ros:/home/marcus/ros2_humble/install/sensor_msgs_py:/home/marcus/ros2_humble/install/rpyutils:/home/marcus/ros2_humble/install/rosidl_runtime_py:/home/marcus/ros2_humble/install/rosidl_cli:/home/marcus/ros2_humble/install/launch_pytest:/home/marcus/ros2_humble/install/launch_testing:/home/marcus/ros2_humble/install/launch_yaml:/home/marcus/ros2_humble/install/launch_xml:/home/marcus/ros2_humble/install/launch:/home/marcus/ros2_humble/install/osrf_pycommon:/home/marcus/ros2_humble/install/launch_testing_examples:/home/marcus/ros2_humble/install/domain_coordinator:/home/marcus/ros2_humble/install/ament_xmllint:/home/marcus/ros2_humble/install/ament_pyflakes:/home/marcus/ros2_humble/install/ament_pycodestyle:/home/marcus/ros2_humble/install/ament_pep257:/home/marcus/ros2_humble/install/ament_pclint:/home/marcus/ros2_humble/install/ament_package:/home/marcus/ros2_humble/install/ament_mypy:/home/marcus/ros2_humble/install/ament_lint_cmake:/home/marcus/ros2_humble/install/ament_flake8:/home/marcus/ros2_humble/install/ament_copyright:/home/marcus/ros2_humble/install/ament_lint:/home/marcus/ros2_humble/install/ament_index_python:/home/marcus/ros2_humble/install/ament_cpplint:/home/marcus/ros2_humble/install/ament_cppcheck:/home/marcus/ros2_humble/install/ament_clang_tidy:/home/marcus/ros2_humble/install/ament_clang_format:/home/marcus/ros2_ws/install/joint_state_publisher_gui:/home/marcus/ros2_ws/install/joint_state_publisher:/opt/ros/humble /usr/bin/cmake --build /home/marcus/ros2_ws/build/crane_interfaces -- -j8 -l8
[5.372s] [  3%] [34m[1mGenerating C code for ROS interfaces[0m
[5.396s] [  6%] [34m[1mGenerating C++ code for ROS interfaces[0m
[5.413s] [  6%] Built target ament_cmake_python_copy_crane_interfaces
[5.834s] [  9%] [32mBuilding C object CMakeFiles/crane_interfaces__rosidl_generator_c.dir/rosidl_generator_c/crane_interfaces/msg/detail/crane_reference__functions.c.o[0m
[5.834s] [  9%] Built target crane_interfaces__cpp
[5.858s] [ 12%] [34m[1mGenerating C++ type support dispatch for ROS interfaces[0m
[5.860s] [ 19%] [34m[1mGenerating C++ type support for eProsima Fast-RTPS[0m
[5.860s] [ 19%] [34m[1mGenerating C++ introspection for ROS interfaces[0m
[5.955s] [ 22%] [32m[1mLinking C shared library libcrane_interfaces__rosidl_generator_c.so[0m
[6.029s] running egg_info
[6.029s] creating crane_interfaces.egg-info
[6.029s] writing crane_interfaces.egg-info/PKG-INFO
[6.030s] writing dependency_links to crane_interfaces.egg-info/dependency_links.txt
[6.030s] writing top-level names to crane_interfaces.egg-info/top_level.txt
[6.030s] writing manifest file 'crane_interfaces.egg-info/SOURCES.txt'
[6.032s] reading manifest file 'crane_interfaces.egg-info/SOURCES.txt'
[6.033s] writing manifest file 'crane_interfaces.egg-info/SOURCES.txt'
[6.053s] [ 22%] Built target crane_interfaces__rosidl_generator_c
[6.082s] [ 22%] Built target ament_cmake_python_build_crane_interfaces_egg
[6.087s] [ 25%] [34m[1mGenerating C introspection for ROS interfaces[0m
[6.088s] [ 29%] [34m[1mGenerating C type support for eProsima Fast-RTPS[0m
[6.089s] [ 32%] [34m[1mGenerating C type support dispatch for ROS interfaces[0m
[6.338s] [ 35%] [32mBuilding CXX object CMakeFiles/crane_interfaces__rosidl_typesupport_fastrtps_cpp.dir/rosidl_typesupport_fastrtps_cpp/crane_interfaces/msg/detail/dds_fastrtps/crane_reference__type_support.cpp.o[0m
[6.443s] [ 38%] [32mBuilding CXX object CMakeFiles/crane_interfaces__rosidl_typesupport_cpp.dir/rosidl_typesupport_cpp/crane_interfaces/msg/crane_reference__type_support.cpp.o[0m
[6.472s] [ 41%] [32mBuilding CXX object CMakeFiles/crane_interfaces__rosidl_typesupport_introspection_cpp.dir/rosidl_typesupport_introspection_cpp/crane_interfaces/msg/detail/crane_reference__type_support.cpp.o[0m
[6.603s] [ 45%] [32mBuilding CXX object CMakeFiles/crane_interfaces__rosidl_typesupport_c.dir/rosidl_typesupport_c/crane_interfaces/msg/crane_reference__type_support.cpp.o[0m
[6.680s] [ 48%] [32m[1mLinking CXX shared library libcrane_interfaces__rosidl_typesupport_c.so[0m
[6.751s] [ 51%] [32mBuilding C object CMakeFiles/crane_interfaces__rosidl_typesupport_introspection_c.dir/rosidl_typesupport_introspection_c/crane_interfaces/msg/detail/crane_reference__type_support.c.o[0m
[6.761s] [ 51%] Built target crane_interfaces__rosidl_typesupport_c
[6.822s] [ 54%] [32m[1mLinking C shared library libcrane_interfaces__rosidl_typesupport_introspection_c.so[0m
[6.833s] [ 58%] [32mBuilding CXX object CMakeFiles/crane_interfaces__rosidl_typesupport_fastrtps_c.dir/rosidl_typesupport_fastrtps_c/crane_interfaces/msg/detail/crane_reference__type_support_c.cpp.o[0m
[6.868s] [ 61%] [32m[1mLinking CXX shared library libcrane_interfaces__rosidl_typesupport_cpp.so[0m
[6.877s] [ 64%] [32m[1mLinking CXX shared library libcrane_interfaces__rosidl_typesupport_fastrtps_cpp.so[0m
[6.886s] [ 64%] Built target crane_interfaces__rosidl_typesupport_introspection_c
[6.933s] [ 67%] [32m[1mLinking CXX shared library libcrane_interfaces__rosidl_typesupport_introspection_cpp.so[0m
[6.935s] [ 67%] Built target crane_interfaces__rosidl_typesupport_cpp
[6.972s] [ 67%] Built target crane_interfaces__rosidl_typesupport_fastrtps_cpp
[7.001s] [ 67%] Built target crane_interfaces__rosidl_typesupport_introspection_cpp
[7.183s] [ 70%] [32m[1mLinking CXX shared library libcrane_interfaces__rosidl_typesupport_fastrtps_c.so[0m
[7.277s] [ 70%] Built target crane_interfaces__rosidl_typesupport_fastrtps_c
[7.324s] [ 70%] Built target crane_interfaces
[7.371s] [ 74%] [34m[1mGenerating Python code for ROS interfaces[0m
[7.843s] [ 74%] Built target crane_interfaces__py
[7.890s] [ 77%] [32mBuilding C object CMakeFiles/crane_interfaces__rosidl_generator_py.dir/rosidl_generator_py/crane_interfaces/msg/_crane_reference_s.c.o[0m
[8.047s] [ 80%] [32m[1mLinking C shared library rosidl_generator_py/crane_interfaces/libcrane_interfaces__rosidl_generator_py.so[0m
[8.111s] [ 80%] Built target crane_interfaces__rosidl_generator_py
[8.159s] [ 87%] [32mBuilding C object CMakeFiles/crane_interfaces__rosidl_typesupport_c__pyext.dir/rosidl_generator_py/crane_interfaces/_crane_interfaces_s.ep.rosidl_typesupport_c.c.o[0m
[8.160s] [ 87%] [32mBuilding C object CMakeFiles/crane_interfaces__rosidl_typesupport_fastrtps_c__pyext.dir/rosidl_generator_py/crane_interfaces/_crane_interfaces_s.ep.rosidl_typesupport_fastrtps_c.c.o[0m
[8.162s] [ 90%] [32mBuilding C object CMakeFiles/crane_interfaces__rosidl_typesupport_introspection_c__pyext.dir/rosidl_generator_py/crane_interfaces/_crane_interfaces_s.ep.rosidl_typesupport_introspection_c.c.o[0m
[8.267s] [ 93%] [32m[1mLinking C shared library rosidl_generator_py/crane_interfaces/crane_interfaces_s__rosidl_typesupport_c.cpython-310-x86_64-linux-gnu.so[0m
[8.269s] [100%] [32m[1mLinking C shared library rosidl_generator_py/crane_interfaces/crane_interfaces_s__rosidl_typesupport_fastrtps_c.cpython-310-x86_64-linux-gnu.so[0m
[8.269s] [100%] [32m[1mLinking C shared library rosidl_generator_py/crane_interfaces/crane_interfaces_s__rosidl_typesupport_introspection_c.cpython-310-x86_64-linux-gnu.so[0m
[8.328s] [100%] Built target crane_interfaces__rosidl_typesupport_c__pyext
[8.328s] [100%] Built target crane_interfaces__rosidl_typesupport_fastrtps_c__pyext
[8.328s] [100%] Built target crane_interfaces__rosidl_typesupport_introspection_c__pyext
[8.346s] Invoked command in '/home/marcus/ros2_ws/build/crane_interfaces' returned '0': CMAKE_PREFIX_PATH=${CMAKE_PREFIX_PATH}:/home/marcus/second_ros2_ws/install/urdf_tutorial_r2d2:/home/marcus/ros2_ws_urdf_sim/install/urdf_tutorial_r2d2:/home/marcus/ros2_humble/install/rqt_bag_plugins:/home/marcus/ros2_humble/install/rqt_bag:/home/marcus/ros2_humble/install/ros2bag:/home/marcus/ros2_humble/install/tracetools_test:/home/marcus/ros2_humble/install/tracetools_launch:/home/marcus/ros2_humble/install/topic_monitor:/home/marcus/ros2_humble/install/tf2_tools:/home/marcus/ros2_humble/install/examples_tf2_py:/home/marcus/ros2_humble/install/tf2_ros_py:/home/marcus/ros2_humble/install/sros2:/home/marcus/ros2_humble/install/rqt_topic:/home/marcus/ros2_humble/install/rqt_srv:/home/marcus/ros2_humble/install/rqt_shell:/home/marcus/ros2_humble/install/rqt_service_caller:/home/marcus/ros2_humble/install/rqt_reconfigure:/home/marcus/ros2_humble/install/rqt_py_console:/home/marcus/ros2_humble/install/rqt_publisher:/home/marcus/ros2_humble/install/rqt_plot:/home/marcus/ros2_humble/install/rqt_action:/home/marcus/ros2_humble/install/rqt_msg:/home/marcus/ros2_humble/install/rqt_console:/home/marcus/ros2_humble/install/rqt:/home/marcus/ros2_humble/install/rqt_graph:/home/marcus/ros2_humble/install/rqt_gui_py:/home/marcus/ros2_humble/install/rqt_gui:/home/marcus/ros2_humble/install/ros2trace:/home/marcus/ros2_humble/install/ros2topic:/home/marcus/ros2_humble/install/ros2test:/home/marcus/ros2_humble/install/ros2component:/home/marcus/ros2_humble/install/ros2param:/home/marcus/ros2_humble/install/ros2lifecycle:/home/marcus/ros2_humble/install/ros2service:/home/marcus/ros2_humble/install/ros2run:/home/marcus/ros2_humble/install/ros2launch:/home/marcus/ros2_humble/install/ros2pkg:/home/marcus/ros2_humble/install/ros2node:/home/marcus/ros2_humble/install/ros2multicast:/home/marcus/ros2_humble/install/ros2interface:/home/marcus/ros2_humble/install/ros2doctor:/home/marcus/ros2_humble/install/ros2action:/home/marcus/ros2_humble/install/ros2cli:/home/marcus/ros2_humble/install/quality_of_service_demo_py:/home/marcus/ros2_humble/install/lifecycle_py:/home/marcus/ros2_humble/install/launch_testing_ros:/home/marcus/ros2_humble/install/launch_ros:/home/marcus/ros2_humble/install/examples_rclpy_pointcloud_publisher:/home/marcus/ros2_humble/install/examples_rclpy_minimal_subscriber:/home/marcus/ros2_humble/install/examples_rclpy_minimal_service:/home/marcus/ros2_humble/install/examples_rclpy_minimal_publisher:/home/marcus/ros2_humble/install/examples_rclpy_minimal_client:/home/marcus/ros2_humble/install/examples_rclpy_minimal_action_server:/home/marcus/ros2_humble/install/examples_rclpy_minimal_action_client:/home/marcus/ros2_humble/install/examples_rclpy_guard_conditions:/home/marcus/ros2_humble/install/examples_rclpy_executors:/home/marcus/ros2_humble/install/demo_nodes_py:/home/marcus/ros2_humble/install/action_tutorials_py:/home/marcus/ros2_humble/install/ament_uncrustify:/home/marcus/ros2_humble/install/tracetools_trace:/home/marcus/ros2_humble/install/tracetools_read:/home/marcus/ros2_humble/install/test_tracetools_launch:/home/marcus/ros2_humble/install/test_launch_ros:/home/marcus/ros2_humble/install/sensor_msgs_py:/home/marcus/ros2_humble/install/rpyutils:/home/marcus/ros2_humble/install/rosidl_runtime_py:/home/marcus/ros2_humble/install/rosidl_cli:/home/marcus/ros2_humble/install/launch_pytest:/home/marcus/ros2_humble/install/launch_testing:/home/marcus/ros2_humble/install/launch_yaml:/home/marcus/ros2_humble/install/launch_xml:/home/marcus/ros2_humble/install/launch:/home/marcus/ros2_humble/install/osrf_pycommon:/home/marcus/ros2_humble/install/launch_testing_examples:/home/marcus/ros2_humble/install/domain_coordinator:/home/marcus/ros2_humble/install/ament_xmllint:/home/marcus/ros2_humble/install/ament_pyflakes:/home/marcus/ros2_humble/install/ament_pycodestyle:/home/marcus/ros2_humble/install/ament_pep257:/home/marcus/ros2_humble/install/ament_pclint:/home/marcus/ros2_humble/install/ament_package:/home/marcus/ros2_humble/install/ament_mypy:/home/marcus/ros2_humble/install/ament_lint_cmake:/home/marcus/ros2_humble/install/ament_flake8:/home/marcus/ros2_humble/install/ament_copyright:/home/marcus/ros2_humble/install/ament_lint:/home/marcus/ros2_humble/install/ament_index_python:/home/marcus/ros2_humble/install/ament_cpplint:/home/marcus/ros2_humble/install/ament_cppcheck:/home/marcus/ros2_humble/install/ament_clang_tidy:/home/marcus/ros2_humble/install/ament_clang_format:/home/marcus/ros2_ws/install/joint_state_publisher_gui:/home/marcus/ros2_ws/install/joint_state_publisher:/opt/ros/humble /usr/bin/cmake --build /home/marcus/ros2_ws/build/crane_interfaces -- -j8 -l8
[8.588s] Invoking command in '/home/marcus/ros2_ws/build/crane_interfaces': CMAKE_PREFIX_PATH=${CMAKE_PREFIX_PATH}:/home/marcus/second_ros2_ws/install/urdf_tutorial_r2d2:/home/marcus/ros2_ws_urdf_sim/install/urdf_tutorial_r2d2:/home/marcus/ros2_humble/install/rqt_bag_plugins:/home/marcus/ros2_humble/install/rqt_bag:/home/marcus/ros2_humble/install/ros2bag:/home/marcus/ros2_humble/install/tracetools_test:/home/marcus/ros2_humble/install/tracetools_launch:/home/marcus/ros2_humble/install/topic_monitor:/home/marcus/ros2_humble/install/tf2_tools:/home/marcus/ros2_humble/install/examples_tf2_py:/home/marcus/ros2_humble/install/tf2_ros_py:/home/marcus/ros2_humble/install/sros2:/home/marcus/ros2_humble/install/rqt_topic:/home/marcus/ros2_humble/install/rqt_srv:/home/marcus/ros2_humble/install/rqt_shell:/home/marcus/ros2_humble/install/rqt_service_caller:/home/marcus/ros2_humble/install/rqt_reconfigure:/home/marcus/ros2_humble/install/rqt_py_console:/home/marcus/ros2_humble/install/rqt_publisher:/home/marcus/ros2_humble/install/rqt_plot:/home/marcus/ros2_humble/install/rqt_action:/home/marcus/ros2_humble/install/rqt_msg:/home/marcus/ros2_humble/install/rqt_console:/home/marcus/ros2_humble/install/rqt:/home/marcus/ros2_humble/install/rqt_graph:/home/marcus/ros2_humble/install/rqt_gui_py:/home/marcus/ros2_humble/install/rqt_gui:/home/marcus/ros2_humble/install/ros2trace:/home/marcus/ros2_humble/install/ros2topic:/home/marcus/ros2_humble/install/ros2test:/home/marcus/ros2_humble/install/ros2component:/home/marcus/ros2_humble/install/ros2param:/home/marcus/ros2_humble/install/ros2lifecycle:/home/marcus/ros2_humble/install/ros2service:/home/marcus/ros2_humble/install/ros2run:/home/marcus/ros2_humble/install/ros2launch:/home/marcus/ros2_humble/install/ros2pkg:/home/marcus/ros2_humble/install/ros2node:/home/marcus/ros2_humble/install/ros2multicast:/home/marcus/ros2_humble/install/ros2interface:/home/marcus/ros2_humble/install/ros2doctor:/home/marcus/ros2_humble/install/ros2action:/home/marcus/ros2_humble/install/ros2cli:/home/marcus/ros2_humble/install/quality_of_service_demo_py:/home/marcus/ros2_humble/install/lifecycle_py:/home/marcus/ros2_humble/install/launch_testing_ros:/home/marcus/ros2_humble/install/launch_ros:/home/marcus/ros2_humble/install/examples_rclpy_pointcloud_publisher:/home/marcus/ros2_humble/install/examples_rclpy_minimal_subscriber:/home/marcus/ros2_humble/install/examples_rclpy_minimal_service:/home/marcus/ros2_humble/install/examples_rclpy_minimal_publisher:/home/marcus/ros2_humble/install/examples_rclpy_minimal_client:/home/marcus/ros2_humble/install/examples_rclpy_minimal_action_server:/home/marcus/ros2_humble/install/examples_rclpy_minimal_action_client:/home/marcus/ros2_humble/install/examples_rclpy_guard_conditions:/home/marcus/ros2_humble/install/examples_rclpy_executors:/home/marcus/ros2_humble/install/demo_nodes_py:/home/marcus/ros2_humble/install/action_tutorials_py:/home/marcus/ros2_humble/install/ament_uncrustify:/home/marcus/ros2_humble/install/tracetools_trace:/home/marcus/ros2_humble/install/tracetools_read:/home/marcus/ros2_humble/install/test_tracetools_launch:/home/marcus/ros2_humble/install/test_launch_ros:/home/marcus/ros2_humble/install/sensor_msgs_py:/home/marcus/ros2_humble/install/rpyutils:/home/marcus/ros2_humble/install/rosidl_runtime_py:/home/marcus/ros2_humble/install/rosidl_cli:/home/marcus/ros2_humble/install/launch_pytest:/home/marcus/ros2_humble/install/launch_testing:/home/marcus/ros2_humble/install/launch_yaml:/home/marcus/ros2_humble/install/launch_xml:/home/marcus/ros2_humble/install/launch:/home/marcus/ros2_humble/install/osrf_pycommon:/home/marcus/ros2_humble/install/launch_testing_examples:/home/marcus/ros2_humble/install/domain_coordinator:/home/marcus/ros2_humble/install/ament_xmllint:/home/marcus/ros2_humble/install/ament_pyflakes:/home/marcus/ros2_humble/install/ament_pycodestyle:/home/marcus/ros2_humble/install/ament_pep257:/home/marcus/ros2_humble/install/ament_pclint:/home/marcus/ros2_humble/install/ament_package:/home/marcus/ros2_humble/install/ament_mypy:/home/marcus/ros2_humble/install/ament_lint_cmake:/home/marcus/ros2_humble/install/ament_flake8:/home/marcus/ros2_humble/install/ament_copyright:/home/marcus/ros2_humble/install/ament_lint:/home/marcus/ros2_humble/install/ament_index_python:/home/marcus/ros2_humble/install/ament_cpplint:/home/marcus/ros2_humble/install/ament_cppcheck:/home/marcus/ros2_humble/install/ament_clang_tidy:/home/marcus/ros2_humble/install/ament_clang_format:/home/marcus/ros2_ws/install/joint_state_publisher_gui:/home/marcus/ros2_ws/install/joint_state_publisher:/opt/ros/humble /usr/bin/cmake --install /home/marcus/ros2_ws/build/crane_interfaces
[8.603s] -- Install configuration: ""
[8.603s] -- Installing: /home/marcus/ros2_ws/install/crane_interfaces/share/ament_index/resource_index/rosidl_interfaces/crane_interfaces
[8.604s] -- Installing: /home/marcus/ros2_ws/install/crane_interfaces/include/crane_interfaces/crane_interfaces
[8.604s] -- Installing: /home/marcus/ros2_ws/install/crane_interfaces/include/crane_interfaces/crane_interfaces/msg
[8.604s] -- Installing: /home/marcus/ros2_ws/install/crane_interfaces/include/crane_interfaces/crane_interfaces/msg/crane_reference.h
[8.604s] -- Installing: /home/marcus/ros2_ws/install/crane_interfaces/include/crane_interfaces/crane_interfaces/msg/rosidl_generator_c__visibility_control.h
[8.604s] -- Installing: /home/marcus/ros2_ws/install/crane_interfaces/include/crane_interfaces/crane_interfaces/msg/detail
[8.604s] -- Installing: /home/marcus/ros2_ws/install/crane_interfaces/include/crane_interfaces/crane_interfaces/msg/detail/crane_reference__functions.h
[8.604s] -- Installing: /home/marcus/ros2_ws/install/crane_interfaces/include/crane_interfaces/crane_interfaces/msg/detail/crane_reference__functions.c
[8.604s] -- Installing: /home/marcus/ros2_ws/install/crane_interfaces/include/crane_interfaces/crane_interfaces/msg/detail/crane_reference__struct.h
[8.604s] -- Installing: /home/marcus/ros2_ws/install/crane_interfaces/include/crane_interfaces/crane_interfaces/msg/detail/crane_reference__type_support.h
[8.604s] -- Installing: /home/marcus/ros2_ws/install/crane_interfaces/share/crane_interfaces/environment/library_path.sh
[8.605s] -- Installing: /home/marcus/ros2_ws/install/crane_interfaces/share/crane_interfaces/environment/library_path.dsv
[8.605s] -- Installing: /home/marcus/ros2_ws/install/crane_interfaces/lib/libcrane_interfaces__rosidl_generator_c.so
[8.605s] -- Set runtime path of "/home/marcus/ros2_ws/install/crane_interfaces/lib/libcrane_interfaces__rosidl_generator_c.so" to ""
[8.605s] -- Up-to-date: /home/marcus/ros2_ws/install/crane_interfaces/include/crane_interfaces/crane_interfaces
[8.605s] -- Up-to-date: /home/marcus/ros2_ws/install/crane_interfaces/include/crane_interfaces/crane_interfaces/msg
[8.605s] -- Installing: /home/marcus/ros2_ws/install/crane_interfaces/include/crane_interfaces/crane_interfaces/msg/rosidl_typesupport_introspection_c__visibility_control.h
[8.605s] -- Up-to-date: /home/marcus/ros2_ws/install/crane_interfaces/include/crane_interfaces/crane_interfaces/msg/detail
[8.605s] -- Installing: /home/marcus/ros2_ws/install/crane_interfaces/include/crane_interfaces/crane_interfaces/msg/detail/crane_reference__type_support.c
[8.605s] -- Installing: /home/marcus/ros2_ws/install/crane_interfaces/include/crane_interfaces/crane_interfaces/msg/detail/crane_reference__rosidl_typesupport_introspection_c.h
[8.605s] -- Installing: /home/marcus/ros2_ws/install/crane_interfaces/lib/libcrane_interfaces__rosidl_typesupport_introspection_c.so
[8.606s] -- Set runtime path of "/home/marcus/ros2_ws/install/crane_interfaces/lib/libcrane_interfaces__rosidl_typesupport_introspection_c.so" to ""
[8.606s] -- Up-to-date: /home/marcus/ros2_ws/install/crane_interfaces/include/crane_interfaces/crane_interfaces
[8.606s] -- Up-to-date: /home/marcus/ros2_ws/install/crane_interfaces/include/crane_interfaces/crane_interfaces/msg
[8.606s] -- Installing: /home/marcus/ros2_ws/install/crane_interfaces/include/crane_interfaces/crane_interfaces/msg/rosidl_typesupport_fastrtps_c__visibility_control.h
[8.606s] -- Up-to-date: /home/marcus/ros2_ws/install/crane_interfaces/include/crane_interfaces/crane_interfaces/msg/detail
[8.606s] -- Installing: /home/marcus/ros2_ws/install/crane_interfaces/include/crane_interfaces/crane_interfaces/msg/detail/crane_reference__rosidl_typesupport_fastrtps_c.h
[8.606s] -- Installing: /home/marcus/ros2_ws/install/crane_interfaces/lib/libcrane_interfaces__rosidl_typesupport_fastrtps_c.so
[8.606s] -- Set runtime path of "/home/marcus/ros2_ws/install/crane_interfaces/lib/libcrane_interfaces__rosidl_typesupport_fastrtps_c.so" to ""
[8.607s] -- Installing: /home/marcus/ros2_ws/install/crane_interfaces/lib/libcrane_interfaces__rosidl_typesupport_c.so
[8.607s] -- Set runtime path of "/home/marcus/ros2_ws/install/crane_interfaces/lib/libcrane_interfaces__rosidl_typesupport_c.so" to ""
[8.607s] -- Up-to-date: /home/marcus/ros2_ws/install/crane_interfaces/include/crane_interfaces/crane_interfaces
[8.607s] -- Up-to-date: /home/marcus/ros2_ws/install/crane_interfaces/include/crane_interfaces/crane_interfaces/msg
[8.607s] -- Installing: /home/marcus/ros2_ws/install/crane_interfaces/include/crane_interfaces/crane_interfaces/msg/crane_reference.hpp
[8.607s] -- Up-to-date: /home/marcus/ros2_ws/install/crane_interfaces/include/crane_interfaces/crane_interfaces/msg/detail
[8.607s] -- Installing: /home/marcus/ros2_ws/install/crane_interfaces/include/crane_interfaces/crane_interfaces/msg/detail/crane_reference__struct.hpp
[8.607s] -- Installing: /home/marcus/ros2_ws/install/crane_interfaces/include/crane_interfaces/crane_interfaces/msg/detail/crane_reference__traits.hpp
[8.607s] -- Installing: /home/marcus/ros2_ws/install/crane_interfaces/include/crane_interfaces/crane_interfaces/msg/detail/crane_reference__builder.hpp
[8.608s] -- Up-to-date: /home/marcus/ros2_ws/install/crane_interfaces/include/crane_interfaces/crane_interfaces
[8.608s] -- Up-to-date: /home/marcus/ros2_ws/install/crane_interfaces/include/crane_interfaces/crane_interfaces/msg
[8.608s] -- Up-to-date: /home/marcus/ros2_ws/install/crane_interfaces/include/crane_interfaces/crane_interfaces/msg/detail
[8.608s] -- Installing: /home/marcus/ros2_ws/install/crane_interfaces/include/crane_interfaces/crane_interfaces/msg/detail/crane_reference__rosidl_typesupport_introspection_cpp.hpp
[8.608s] -- Installing: /home/marcus/ros2_ws/install/crane_interfaces/include/crane_interfaces/crane_interfaces/msg/detail/crane_reference__type_support.cpp
[8.608s] -- Installing: /home/marcus/ros2_ws/install/crane_interfaces/lib/libcrane_interfaces__rosidl_typesupport_introspection_cpp.so
[8.608s] -- Set runtime path of "/home/marcus/ros2_ws/install/crane_interfaces/lib/libcrane_interfaces__rosidl_typesupport_introspection_cpp.so" to ""
[8.608s] -- Up-to-date: /home/marcus/ros2_ws/install/crane_interfaces/include/crane_interfaces/crane_interfaces
[8.608s] -- Up-to-date: /home/marcus/ros2_ws/install/crane_interfaces/include/crane_interfaces/crane_interfaces/msg
[8.608s] -- Up-to-date: /home/marcus/ros2_ws/install/crane_interfaces/include/crane_interfaces/crane_interfaces/msg/detail
[8.608s] -- Installing: /home/marcus/ros2_ws/install/crane_interfaces/include/crane_interfaces/crane_interfaces/msg/detail/dds_fastrtps
[8.608s] -- Installing: /home/marcus/ros2_ws/install/crane_interfaces/include/crane_interfaces/crane_interfaces/msg/detail/crane_reference__rosidl_typesupport_fastrtps_cpp.hpp
[8.608s] -- Installing: /home/marcus/ros2_ws/install/crane_interfaces/include/crane_interfaces/crane_interfaces/msg/rosidl_typesupport_fastrtps_cpp__visibility_control.h
[8.609s] -- Installing: /home/marcus/ros2_ws/install/crane_interfaces/lib/libcrane_interfaces__rosidl_typesupport_fastrtps_cpp.so
[8.609s] -- Set runtime path of "/home/marcus/ros2_ws/install/crane_interfaces/lib/libcrane_interfaces__rosidl_typesupport_fastrtps_cpp.so" to ""
[8.609s] -- Installing: /home/marcus/ros2_ws/install/crane_interfaces/lib/libcrane_interfaces__rosidl_typesupport_cpp.so
[8.609s] -- Set runtime path of "/home/marcus/ros2_ws/install/crane_interfaces/lib/libcrane_interfaces__rosidl_typesupport_cpp.so" to ""
[8.609s] -- Installing: /home/marcus/ros2_ws/install/crane_interfaces/share/crane_interfaces/environment/pythonpath.sh
[8.609s] -- Installing: /home/marcus/ros2_ws/install/crane_interfaces/share/crane_interfaces/environment/pythonpath.dsv
[8.609s] -- Installing: /home/marcus/ros2_ws/install/crane_interfaces/local/lib/python3.10/dist-packages/crane_interfaces-0.0.0-py3.10.egg-info
[8.610s] -- Installing: /home/marcus/ros2_ws/install/crane_interfaces/local/lib/python3.10/dist-packages/crane_interfaces-0.0.0-py3.10.egg-info/top_level.txt
[8.610s] -- Installing: /home/marcus/ros2_ws/install/crane_interfaces/local/lib/python3.10/dist-packages/crane_interfaces-0.0.0-py3.10.egg-info/dependency_links.txt
[8.610s] -- Installing: /home/marcus/ros2_ws/install/crane_interfaces/local/lib/python3.10/dist-packages/crane_interfaces-0.0.0-py3.10.egg-info/SOURCES.txt
[8.610s] -- Installing: /home/marcus/ros2_ws/install/crane_interfaces/local/lib/python3.10/dist-packages/crane_interfaces-0.0.0-py3.10.egg-info/PKG-INFO
[8.610s] -- Installing: /home/marcus/ros2_ws/install/crane_interfaces/local/lib/python3.10/dist-packages/crane_interfaces
[8.610s] -- Installing: /home/marcus/ros2_ws/install/crane_interfaces/local/lib/python3.10/dist-packages/crane_interfaces/_crane_interfaces_s.ep.rosidl_typesupport_fastrtps_c.c
[8.610s] -- Installing: /home/marcus/ros2_ws/install/crane_interfaces/local/lib/python3.10/dist-packages/crane_interfaces/msg
[8.610s] -- Installing: /home/marcus/ros2_ws/install/crane_interfaces/local/lib/python3.10/dist-packages/crane_interfaces/msg/_crane_reference.py
[8.610s] -- Installing: /home/marcus/ros2_ws/install/crane_interfaces/local/lib/python3.10/dist-packages/crane_interfaces/msg/_crane_reference_s.c
[8.610s] -- Installing: /home/marcus/ros2_ws/install/crane_interfaces/local/lib/python3.10/dist-packages/crane_interfaces/msg/__init__.py
[8.610s] -- Installing: /home/marcus/ros2_ws/install/crane_interfaces/local/lib/python3.10/dist-packages/crane_interfaces/crane_interfaces_s__rosidl_typesupport_fastrtps_c.cpython-310-x86_64-linux-gnu.so
[8.611s] -- Installing: /home/marcus/ros2_ws/install/crane_interfaces/local/lib/python3.10/dist-packages/crane_interfaces/_crane_interfaces_s.ep.rosidl_typesupport_introspection_c.c
[8.611s] -- Installing: /home/marcus/ros2_ws/install/crane_interfaces/local/lib/python3.10/dist-packages/crane_interfaces/libcrane_interfaces__rosidl_generator_py.so
[8.611s] -- Installing: /home/marcus/ros2_ws/install/crane_interfaces/local/lib/python3.10/dist-packages/crane_interfaces/_crane_interfaces_s.ep.rosidl_typesupport_c.c
[8.611s] -- Installing: /home/marcus/ros2_ws/install/crane_interfaces/local/lib/python3.10/dist-packages/crane_interfaces/crane_interfaces_s__rosidl_typesupport_c.cpython-310-x86_64-linux-gnu.so
[8.611s] -- Installing: /home/marcus/ros2_ws/install/crane_interfaces/local/lib/python3.10/dist-packages/crane_interfaces/__init__.py
[8.611s] -- Installing: /home/marcus/ros2_ws/install/crane_interfaces/local/lib/python3.10/dist-packages/crane_interfaces/crane_interfaces_s__rosidl_typesupport_introspection_c.cpython-310-x86_64-linux-gnu.so
[8.752s] Listing '/home/marcus/ros2_ws/install/crane_interfaces/local/lib/python3.10/dist-packages/crane_interfaces'...
[8.752s] Compiling '/home/marcus/ros2_ws/install/crane_interfaces/local/lib/python3.10/dist-packages/crane_interfaces/__init__.py'...
[8.752s] Listing '/home/marcus/ros2_ws/install/crane_interfaces/local/lib/python3.10/dist-packages/crane_interfaces/msg'...
[8.752s] Compiling '/home/marcus/ros2_ws/install/crane_interfaces/local/lib/python3.10/dist-packages/crane_interfaces/msg/__init__.py'...
[8.752s] Compiling '/home/marcus/ros2_ws/install/crane_interfaces/local/lib/python3.10/dist-packages/crane_interfaces/msg/_crane_reference.py'...
[8.757s] -- Installing: /home/marcus/ros2_ws/install/crane_interfaces/local/lib/python3.10/dist-packages/crane_interfaces/crane_interfaces_s__rosidl_typesupport_introspection_c.cpython-310-x86_64-linux-gnu.so
[8.757s] -- Set runtime path of "/home/marcus/ros2_ws/install/crane_interfaces/local/lib/python3.10/dist-packages/crane_interfaces/crane_interfaces_s__rosidl_typesupport_introspection_c.cpython-310-x86_64-linux-gnu.so" to ""
[8.758s] -- Installing: /home/marcus/ros2_ws/install/crane_interfaces/local/lib/python3.10/dist-packages/crane_interfaces/crane_interfaces_s__rosidl_typesupport_fastrtps_c.cpython-310-x86_64-linux-gnu.so
[8.758s] -- Set runtime path of "/home/marcus/ros2_ws/install/crane_interfaces/local/lib/python3.10/dist-packages/crane_interfaces/crane_interfaces_s__rosidl_typesupport_fastrtps_c.cpython-310-x86_64-linux-gnu.so" to ""
[8.758s] -- Installing: /home/marcus/ros2_ws/install/crane_interfaces/local/lib/python3.10/dist-packages/crane_interfaces/crane_interfaces_s__rosidl_typesupport_c.cpython-310-x86_64-linux-gnu.so
[8.759s] -- Set runtime path of "/home/marcus/ros2_ws/install/crane_interfaces/local/lib/python3.10/dist-packages/crane_interfaces/crane_interfaces_s__rosidl_typesupport_c.cpython-310-x86_64-linux-gnu.so" to ""
[8.759s] -- Installing: /home/marcus/ros2_ws/install/crane_interfaces/lib/libcrane_interfaces__rosidl_generator_py.so
[8.759s] -- Set runtime path of "/home/marcus/ros2_ws/install/crane_interfaces/lib/libcrane_interfaces__rosidl_generator_py.so" to ""
[8.759s] -- Installing: /home/marcus/ros2_ws/install/crane_interfaces/share/crane_interfaces/msg/CraneReference.idl
[8.759s] -- Installing: /home/marcus/ros2_ws/install/crane_interfaces/share/crane_interfaces/msg/CraneReference.msg
[8.759s] -- Installing: /home/marcus/ros2_ws/install/crane_interfaces/share/ament_index/resource_index/package_run_dependencies/crane_interfaces
[8.760s] -- Installing: /home/marcus/ros2_ws/install/crane_interfaces/share/ament_index/resource_index/parent_prefix_path/crane_interfaces
[8.760s] -- Installing: /home/marcus/ros2_ws/install/crane_interfaces/share/crane_interfaces/environment/ament_prefix_path.sh
[8.760s] -- Installing: /home/marcus/ros2_ws/install/crane_interfaces/share/crane_interfaces/environment/ament_prefix_path.dsv
[8.760s] -- Installing: /home/marcus/ros2_ws/install/crane_interfaces/share/crane_interfaces/environment/path.sh
[8.760s] -- Installing: /home/marcus/ros2_ws/install/crane_interfaces/share/crane_interfaces/environment/path.dsv
[8.760s] -- Installing: /home/marcus/ros2_ws/install/crane_interfaces/share/crane_interfaces/local_setup.bash
[8.760s] -- Installing: /home/marcus/ros2_ws/install/crane_interfaces/share/crane_interfaces/local_setup.sh
[8.760s] -- Installing: /home/marcus/ros2_ws/install/crane_interfaces/share/crane_interfaces/local_setup.zsh
[8.760s] -- Installing: /home/marcus/ros2_ws/install/crane_interfaces/share/crane_interfaces/local_setup.dsv
[8.761s] -- Installing: /home/marcus/ros2_ws/install/crane_interfaces/share/crane_interfaces/package.dsv
[8.761s] -- Installing: /home/marcus/ros2_ws/install/crane_interfaces/share/ament_index/resource_index/packages/crane_interfaces
[8.761s] -- Installing: /home/marcus/ros2_ws/install/crane_interfaces/share/crane_interfaces/cmake/export_crane_interfaces__rosidl_generator_cExport.cmake
[8.761s] -- Installing: /home/marcus/ros2_ws/install/crane_interfaces/share/crane_interfaces/cmake/export_crane_interfaces__rosidl_generator_cExport-noconfig.cmake
[8.761s] -- Installing: /home/marcus/ros2_ws/install/crane_interfaces/share/crane_interfaces/cmake/crane_interfaces__rosidl_typesupport_introspection_cExport.cmake
[8.761s] -- Installing: /home/marcus/ros2_ws/install/crane_interfaces/share/crane_interfaces/cmake/crane_interfaces__rosidl_typesupport_introspection_cExport-noconfig.cmake
[8.761s] -- Installing: /home/marcus/ros2_ws/install/crane_interfaces/share/crane_interfaces/cmake/export_crane_interfaces__rosidl_typesupport_fastrtps_cExport.cmake
[8.762s] -- Installing: /home/marcus/ros2_ws/install/crane_interfaces/share/crane_interfaces/cmake/export_crane_interfaces__rosidl_typesupport_fastrtps_cExport-noconfig.cmake
[8.762s] -- Installing: /home/marcus/ros2_ws/install/crane_interfaces/share/crane_interfaces/cmake/crane_interfaces__rosidl_typesupport_cExport.cmake
[8.762s] -- Installing: /home/marcus/ros2_ws/install/crane_interfaces/share/crane_interfaces/cmake/crane_interfaces__rosidl_typesupport_cExport-noconfig.cmake
[8.762s] -- Installing: /home/marcus/ros2_ws/install/crane_interfaces/share/crane_interfaces/cmake/export_crane_interfaces__rosidl_generator_cppExport.cmake
[8.762s] -- Installing: /home/marcus/ros2_ws/install/crane_interfaces/share/crane_interfaces/cmake/crane_interfaces__rosidl_typesupport_introspection_cppExport.cmake
[8.762s] -- Installing: /home/marcus/ros2_ws/install/crane_interfaces/share/crane_interfaces/cmake/crane_interfaces__rosidl_typesupport_introspection_cppExport-noconfig.cmake
[8.762s] -- Installing: /home/marcus/ros2_ws/install/crane_interfaces/share/crane_interfaces/cmake/export_crane_interfaces__rosidl_typesupport_fastrtps_cppExport.cmake
[8.763s] -- Installing: /home/marcus/ros2_ws/install/crane_interfaces/share/crane_interfaces/cmake/export_crane_interfaces__rosidl_typesupport_fastrtps_cppExport-noconfig.cmake
[8.763s] -- Installing: /home/marcus/ros2_ws/install/crane_interfaces/share/crane_interfaces/cmake/crane_interfaces__rosidl_typesupport_cppExport.cmake
[8.763s] -- Installing: /home/marcus/ros2_ws/install/crane_interfaces/share/crane_interfaces/cmake/crane_interfaces__rosidl_typesupport_cppExport-noconfig.cmake
[8.763s] -- Installing: /home/marcus/ros2_ws/install/crane_interfaces/share/crane_interfaces/cmake/export_crane_interfaces__rosidl_generator_pyExport.cmake
[8.763s] -- Installing: /home/marcus/ros2_ws/install/crane_interfaces/share/crane_interfaces/cmake/export_crane_interfaces__rosidl_generator_pyExport-noconfig.cmake
[8.763s] -- Installing: /home/marcus/ros2_ws/install/crane_interfaces/share/crane_interfaces/cmake/rosidl_cmake-extras.cmake
[8.763s] -- Installing: /home/marcus/ros2_ws/install/crane_interfaces/share/crane_interfaces/cmake/ament_cmake_export_include_directories-extras.cmake
[8.764s] -- Installing: /home/marcus/ros2_ws/install/crane_interfaces/share/crane_interfaces/cmake/ament_cmake_export_libraries-extras.cmake
[8.764s] -- Installing: /home/marcus/ros2_ws/install/crane_interfaces/share/crane_interfaces/cmake/ament_cmake_export_targets-extras.cmake
[8.764s] -- Installing: /home/marcus/ros2_ws/install/crane_interfaces/share/crane_interfaces/cmake/rosidl_cmake_export_typesupport_targets-extras.cmake
[8.764s] -- Installing: /home/marcus/ros2_ws/install/crane_interfaces/share/crane_interfaces/cmake/ament_cmake_export_dependencies-extras.cmake
[8.764s] -- Installing: /home/marcus/ros2_ws/install/crane_interfaces/share/crane_interfaces/cmake/rosidl_cmake_export_typesupport_libraries-extras.cmake
[8.764s] -- Installing: /home/marcus/ros2_ws/install/crane_interfaces/share/crane_interfaces/cmake/crane_interfacesConfig.cmake
[8.764s] -- Installing: /home/marcus/ros2_ws/install/crane_interfaces/share/crane_interfaces/cmake/crane_interfacesConfig-version.cmake
[8.764s] -- Installing: /home/marcus/ros2_ws/install/crane_interfaces/share/crane_interfaces/package.xml
[8.767s] Invoked command in '/home/marcus/ros2_ws/build/crane_interfaces' returned '0': CMAKE_PREFIX_PATH=${CMAKE_PREFIX_PATH}:/home/marcus/second_ros2_ws/install/urdf_tutorial_r2d2:/home/marcus/ros2_ws_urdf_sim/install/urdf_tutorial_r2d2:/home/marcus/ros2_humble/install/rqt_bag_plugins:/home/marcus/ros2_humble/install/rqt_bag:/home/marcus/ros2_humble/install/ros2bag:/home/marcus/ros2_humble/install/tracetools_test:/home/marcus/ros2_humble/install/tracetools_launch:/home/marcus/ros2_humble/install/topic_monitor:/home/marcus/ros2_humble/install/tf2_tools:/home/marcus/ros2_humble/install/examples_tf2_py:/home/marcus/ros2_humble/install/tf2_ros_py:/home/marcus/ros2_humble/install/sros2:/home/marcus/ros2_humble/install/rqt_topic:/home/marcus/ros2_humble/install/rqt_srv:/home/marcus/ros2_humble/install/rqt_shell:/home/marcus/ros2_humble/install/rqt_service_caller:/home/marcus/ros2_humble/install/rqt_reconfigure:/home/marcus/ros2_humble/install/rqt_py_console:/home/marcus/ros2_humble/install/rqt_publisher:/home/marcus/ros2_humble/install/rqt_plot:/home/marcus/ros2_humble/install/rqt_action:/home/marcus/ros2_humble/install/rqt_msg:/home/marcus/ros2_humble/install/rqt_console:/home/marcus/ros2_humble/install/rqt:/home/marcus/ros2_humble/install/rqt_graph:/home/marcus/ros2_humble/install/rqt_gui_py:/home/marcus/ros2_humble/install/rqt_gui:/home/marcus/ros2_humble/install/ros2trace:/home/marcus/ros2_humble/install/ros2topic:/home/marcus/ros2_humble/install/ros2test:/home/marcus/ros2_humble/install/ros2component:/home/marcus/ros2_humble/install/ros2param:/home/marcus/ros2_humble/install/ros2lifecycle:/home/marcus/ros2_humble/install/ros2service:/home/marcus/ros2_humble/install/ros2run:/home/marcus/ros2_humble/install/ros2launch:/home/marcus/ros2_humble/install/ros2pkg:/home/marcus/ros2_humble/install/ros2node:/home/marcus/ros2_humble/install/ros2multicast:/home/marcus/ros2_humble/install/ros2interface:/home/marcus/ros2_humble/install/ros2doctor:/home/marcus/ros2_humble/install/ros2action:/home/marcus/ros2_humble/install/ros2cli:/home/marcus/ros2_humble/install/quality_of_service_demo_py:/home/marcus/ros2_humble/install/lifecycle_py:/home/marcus/ros2_humble/install/launch_testing_ros:/home/marcus/ros2_humble/install/launch_ros:/home/marcus/ros2_humble/install/examples_rclpy_pointcloud_publisher:/home/marcus/ros2_humble/install/examples_rclpy_minimal_subscriber:/home/marcus/ros2_humble/install/examples_rclpy_minimal_service:/home/marcus/ros2_humble/install/examples_rclpy_minimal_publisher:/home/marcus/ros2_humble/install/examples_rclpy_minimal_client:/home/marcus/ros2_humble/install/examples_rclpy_minimal_action_server:/home/marcus/ros2_humble/install/examples_rclpy_minimal_action_client:/home/marcus/ros2_humble/install/examples_rclpy_guard_conditions:/home/marcus/ros2_humble/install/examples_rclpy_executors:/home/marcus/ros2_humble/install/demo_nodes_py:/home/marcus/ros2_humble/install/action_tutorials_py:/home/marcus/ros2_humble/install/ament_uncrustify:/home/marcus/ros2_humble/install/tracetools_trace:/home/marcus/ros2_humble/install/tracetools_read:/home/marcus/ros2_humble/install/test_tracetools_launch:/home/marcus/ros2_humble/install/test_launch_ros:/home/marcus/ros2_humble/install/sensor_msgs_py:/home/marcus/ros2_humble/install/rpyutils:/home/marcus/ros2_humble/install/rosidl_runtime_py:/home/marcus/ros2_humble/install/rosidl_cli:/home/marcus/ros2_humble/install/launch_pytest:/home/marcus/ros2_humble/install/launch_testing:/home/marcus/ros2_humble/install/launch_yaml:/home/marcus/ros2_humble/install/launch_xml:/home/marcus/ros2_humble/install/launch:/home/marcus/ros2_humble/install/osrf_pycommon:/home/marcus/ros2_humble/install/launch_testing_examples:/home/marcus/ros2_humble/install/domain_coordinator:/home/marcus/ros2_humble/install/ament_xmllint:/home/marcus/ros2_humble/install/ament_pyflakes:/home/marcus/ros2_humble/install/ament_pycodestyle:/home/marcus/ros2_humble/install/ament_pep257:/home/marcus/ros2_humble/install/ament_pclint:/home/marcus/ros2_humble/install/ament_package:/home/marcus/ros2_humble/install/ament_mypy:/home/marcus/ros2_humble/install/ament_lint_cmake:/home/marcus/ros2_humble/install/ament_flake8:/home/marcus/ros2_humble/install/ament_copyright:/home/marcus/ros2_humble/install/ament_lint:/home/marcus/ros2_humble/install/ament_index_python:/home/marcus/ros2_humble/install/ament_cpplint:/home/marcus/ros2_humble/install/ament_cppcheck:/home/marcus/ros2_humble/install/ament_clang_tidy:/home/marcus/ros2_humble/install/ament_clang_format:/home/marcus/ros2_ws/install/joint_state_publisher_gui:/home/marcus/ros2_ws/install/joint_state_publisher:/opt/ros/humble /usr/bin/cmake --install /home/marcus/ros2_ws/build/crane_interfaces
