[0.229s] Invoking command in '/home/marcus/ros2_ws/build/xacro': CMAKE_PREFIX_PATH=/opt/ros/humble /usr/bin/cmake /home/marcus/ros2_ws/src/xacro -DCMAKE_INSTALL_PREFIX=/home/marcus/ros2_ws/install/xacro
[0.273s] -- The C compiler identification is GNU 11.3.0
[0.322s] -- The CXX compiler identification is GNU 11.3.0
[0.329s] -- Detecting C compiler ABI info
[0.384s] -- Detecting C compiler ABI info - done
[0.392s] -- Check for working C compiler: /usr/bin/cc - skipped
[0.392s] -- Detecting C compile features
[0.392s] -- Detecting C compile features - done
[0.395s] -- Detecting CXX compiler ABI info
[0.462s] -- Detecting CXX compiler ABI info - done
[0.470s] -- Check for working CXX compiler: /usr/bin/c++ - skipped
[0.470s] -- Detecting CXX compile features
[0.470s] -- Detecting CXX compile features - done
[0.472s] -- Found ament_cmake: 1.3.3 (/opt/ros/humble/share/ament_cmake/cmake)
[0.621s] -- Found Python3: /usr/bin/python3.10 (found version "3.10.6") found components: Interpreter 
[0.773s] [31mCMake Error at CMakeLists.txt:20 (find_package):
[0.773s]   By not providing "Findament_lint_auto.cmake" in CMAKE_MODULE_PATH this
[0.773s]   project has asked CMake to find a package configuration file provided by
[0.773s]   "ament_lint_auto", but CMake did not find one.
[0.773s] 
[0.773s]   Could not find a package configuration file provided by "ament_lint_auto"
[0.773s]   with any of the following names:
[0.773s] 
[0.773s]     ament_lint_autoConfig.cmake
[0.773s]     ament_lint_auto-config.cmake
[0.773s] 
[0.773s]   Add the installation prefix of "ament_lint_auto" to CMAKE_PREFIX_PATH or
[0.773s]   set "ament_lint_auto_DIR" to a directory containing one of the above files.
[0.773s]   If "ament_lint_auto" provides a separate development package or SDK, be
[0.773s]   sure it has been installed.
[0.773s] 
[0.773s] [0m
[0.774s] -- Configuring incomplete, errors occurred!
[0.774s] See also "/home/marcus/ros2_ws/build/xacro/CMakeFiles/CMakeOutput.log".
[0.777s] Invoked command in '/home/marcus/ros2_ws/build/xacro' returned '1': CMAKE_PREFIX_PATH=/opt/ros/humble /usr/bin/cmake /home/marcus/ros2_ws/src/xacro -DCMAKE_INSTALL_PREFIX=/home/marcus/ros2_ws/install/xacro
