[0.535s] DEBUG:colcon:Command line arguments: ['/usr/bin/colcon', 'build', '--packages-select', 'crane_cpp']
[0.535s] DEBUG:colcon:Parsed command line arguments: Namespace(log_base=None, log_level=None, verb_name='build', build_base='build', install_base='install', merge_install=False, symlink_install=False, test_result_base=None, continue_on_error=False, executor='parallel', parallel_workers=8, event_handlers=None, ignore_user_meta=False, metas=['./colcon.meta'], base_paths=['.'], packages_ignore=None, packages_ignore_regex=None, paths=None, packages_up_to=None, packages_up_to_regex=None, packages_above=None, packages_above_and_dependencies=None, packages_above_depth=None, packages_select_by_dep=None, packages_skip_by_dep=None, packages_skip_up_to=None, packages_select_build_failed=False, packages_skip_build_finished=False, packages_select_test_failures=False, packages_skip_test_passed=False, packages_select=['crane_cpp'], packages_skip=None, packages_select_regex=None, packages_skip_regex=None, packages_start=None, packages_end=None, allow_overriding=[], cmake_args=None, cmake_target=None, cmake_target_skip_unavailable=False, cmake_clean_cache=False, cmake_clean_first=False, cmake_force_configure=False, ament_cmake_args=None, catkin_cmake_args=None, catkin_skip_building_tests=False, verb_parser=<colcon_defaults.argument_parser.defaults.DefaultArgumentsDecorator object at 0x7fb0fd5b2f20>, verb_extension=<colcon_core.verb.build.BuildVerb object at 0x7fb0fd5b29b0>, main=<bound method BuildVerb.main of <colcon_core.verb.build.BuildVerb object at 0x7fb0fd5b29b0>>)
[0.576s] Level 1:colcon.colcon_core.package_discovery:discover_packages(colcon_meta) check parameters
[0.576s] Level 1:colcon.colcon_core.package_discovery:discover_packages(recursive) check parameters
[0.576s] Level 1:colcon.colcon_core.package_discovery:discover_packages(ignore) check parameters
[0.576s] Level 1:colcon.colcon_core.package_discovery:discover_packages(path) check parameters
[0.576s] Level 1:colcon.colcon_core.package_discovery:discover_packages(colcon_meta) discover
[0.576s] Level 1:colcon.colcon_core.package_discovery:discover_packages(recursive) discover
[0.577s] INFO:colcon.colcon_core.package_discovery:Crawling recursively for packages in '/home/marcus/ros2_ws'
[0.577s] Level 1:colcon.colcon_core.package_identification:_identify(.) by extensions ['ignore', 'ignore_ament_install']
[0.577s] Level 1:colcon.colcon_core.package_identification:_identify(.) by extension 'ignore'
[0.577s] Level 1:colcon.colcon_core.package_identification:_identify(.) by extension 'ignore_ament_install'
[0.577s] Level 1:colcon.colcon_core.package_identification:_identify(.) by extensions ['colcon_pkg']
[0.577s] Level 1:colcon.colcon_core.package_identification:_identify(.) by extension 'colcon_pkg'
[0.577s] Level 1:colcon.colcon_core.package_identification:_identify(.) by extensions ['colcon_meta']
[0.577s] Level 1:colcon.colcon_core.package_identification:_identify(.) by extension 'colcon_meta'
[0.577s] Level 1:colcon.colcon_core.package_identification:_identify(.) by extensions ['ros']
[0.577s] Level 1:colcon.colcon_core.package_identification:_identify(.) by extension 'ros'
[0.588s] Level 1:colcon.colcon_core.package_identification:_identify(.) by extensions ['cmake', 'python']
[0.588s] Level 1:colcon.colcon_core.package_identification:_identify(.) by extension 'cmake'
[0.589s] Level 1:colcon.colcon_core.package_identification:_identify(.) by extension 'python'
[0.589s] Level 1:colcon.colcon_core.package_identification:_identify(.) by extensions ['python_setup_py']
[0.589s] Level 1:colcon.colcon_core.package_identification:_identify(.) by extension 'python_setup_py'
[0.589s] Level 1:colcon.colcon_core.package_identification:_identify(build) by extensions ['ignore', 'ignore_ament_install']
[0.589s] Level 1:colcon.colcon_core.package_identification:_identify(build) by extension 'ignore'
[0.589s] Level 1:colcon.colcon_core.package_identification:_identify(build) ignored
[0.589s] Level 1:colcon.colcon_core.package_identification:_identify(install) by extensions ['ignore', 'ignore_ament_install']
[0.589s] Level 1:colcon.colcon_core.package_identification:_identify(install) by extension 'ignore'
[0.589s] Level 1:colcon.colcon_core.package_identification:_identify(install) ignored
[0.589s] Level 1:colcon.colcon_core.package_identification:_identify(log) by extensions ['ignore', 'ignore_ament_install']
[0.589s] Level 1:colcon.colcon_core.package_identification:_identify(log) by extension 'ignore'
[0.589s] Level 1:colcon.colcon_core.package_identification:_identify(log) ignored
[0.589s] Level 1:colcon.colcon_core.package_identification:_identify(src) by extensions ['ignore', 'ignore_ament_install']
[0.589s] Level 1:colcon.colcon_core.package_identification:_identify(src) by extension 'ignore'
[0.590s] Level 1:colcon.colcon_core.package_identification:_identify(src) by extension 'ignore_ament_install'
[0.590s] Level 1:colcon.colcon_core.package_identification:_identify(src) by extensions ['colcon_pkg']
[0.590s] Level 1:colcon.colcon_core.package_identification:_identify(src) by extension 'colcon_pkg'
[0.590s] Level 1:colcon.colcon_core.package_identification:_identify(src) by extensions ['colcon_meta']
[0.590s] Level 1:colcon.colcon_core.package_identification:_identify(src) by extension 'colcon_meta'
[0.590s] Level 1:colcon.colcon_core.package_identification:_identify(src) by extensions ['ros']
[0.590s] Level 1:colcon.colcon_core.package_identification:_identify(src) by extension 'ros'
[0.590s] Level 1:colcon.colcon_core.package_identification:_identify(src) by extensions ['cmake', 'python']
[0.590s] Level 1:colcon.colcon_core.package_identification:_identify(src) by extension 'cmake'
[0.590s] Level 1:colcon.colcon_core.package_identification:_identify(src) by extension 'python'
[0.590s] Level 1:colcon.colcon_core.package_identification:_identify(src) by extensions ['python_setup_py']
[0.590s] Level 1:colcon.colcon_core.package_identification:_identify(src) by extension 'python_setup_py'
[0.590s] Level 1:colcon.colcon_core.package_identification:_identify(src/crane_cpp) by extensions ['ignore', 'ignore_ament_install']
[0.590s] Level 1:colcon.colcon_core.package_identification:_identify(src/crane_cpp) by extension 'ignore'
[0.590s] Level 1:colcon.colcon_core.package_identification:_identify(src/crane_cpp) by extension 'ignore_ament_install'
[0.590s] Level 1:colcon.colcon_core.package_identification:_identify(src/crane_cpp) by extensions ['colcon_pkg']
[0.590s] Level 1:colcon.colcon_core.package_identification:_identify(src/crane_cpp) by extension 'colcon_pkg'
[0.590s] Level 1:colcon.colcon_core.package_identification:_identify(src/crane_cpp) by extensions ['colcon_meta']
[0.590s] Level 1:colcon.colcon_core.package_identification:_identify(src/crane_cpp) by extension 'colcon_meta'
[0.590s] Level 1:colcon.colcon_core.package_identification:_identify(src/crane_cpp) by extensions ['ros']
[0.590s] Level 1:colcon.colcon_core.package_identification:_identify(src/crane_cpp) by extension 'ros'
[0.593s] DEBUG:colcon.colcon_core.package_identification:Package 'src/crane_cpp' with type 'ros.ament_cmake' and name 'crane_cpp'
[0.593s] Level 1:colcon.colcon_core.package_identification:_identify(src/joint_state_publisher) by extensions ['ignore', 'ignore_ament_install']
[0.593s] Level 1:colcon.colcon_core.package_identification:_identify(src/joint_state_publisher) by extension 'ignore'
[0.593s] Level 1:colcon.colcon_core.package_identification:_identify(src/joint_state_publisher) by extension 'ignore_ament_install'
[0.593s] Level 1:colcon.colcon_core.package_identification:_identify(src/joint_state_publisher) by extensions ['colcon_pkg']
[0.593s] Level 1:colcon.colcon_core.package_identification:_identify(src/joint_state_publisher) by extension 'colcon_pkg'
[0.593s] Level 1:colcon.colcon_core.package_identification:_identify(src/joint_state_publisher) by extensions ['colcon_meta']
[0.593s] Level 1:colcon.colcon_core.package_identification:_identify(src/joint_state_publisher) by extension 'colcon_meta'
[0.593s] Level 1:colcon.colcon_core.package_identification:_identify(src/joint_state_publisher) by extensions ['ros']
[0.593s] Level 1:colcon.colcon_core.package_identification:_identify(src/joint_state_publisher) by extension 'ros'
[0.593s] Level 1:colcon.colcon_core.package_identification:_identify(src/joint_state_publisher) by extensions ['cmake', 'python']
[0.593s] Level 1:colcon.colcon_core.package_identification:_identify(src/joint_state_publisher) by extension 'cmake'
[0.593s] Level 1:colcon.colcon_core.package_identification:_identify(src/joint_state_publisher) by extension 'python'
[0.593s] Level 1:colcon.colcon_core.package_identification:_identify(src/joint_state_publisher) by extensions ['python_setup_py']
[0.593s] Level 1:colcon.colcon_core.package_identification:_identify(src/joint_state_publisher) by extension 'python_setup_py'
[0.593s] Level 1:colcon.colcon_core.package_identification:_identify(src/joint_state_publisher/joint_state_publisher) by extensions ['ignore', 'ignore_ament_install']
[0.593s] Level 1:colcon.colcon_core.package_identification:_identify(src/joint_state_publisher/joint_state_publisher) by extension 'ignore'
[0.594s] Level 1:colcon.colcon_core.package_identification:_identify(src/joint_state_publisher/joint_state_publisher) by extension 'ignore_ament_install'
[0.594s] Level 1:colcon.colcon_core.package_identification:_identify(src/joint_state_publisher/joint_state_publisher) by extensions ['colcon_pkg']
[0.594s] Level 1:colcon.colcon_core.package_identification:_identify(src/joint_state_publisher/joint_state_publisher) by extension 'colcon_pkg'
[0.594s] Level 1:colcon.colcon_core.package_identification:_identify(src/joint_state_publisher/joint_state_publisher) by extensions ['colcon_meta']
[0.594s] Level 1:colcon.colcon_core.package_identification:_identify(src/joint_state_publisher/joint_state_publisher) by extension 'colcon_meta'
[0.594s] Level 1:colcon.colcon_core.package_identification:_identify(src/joint_state_publisher/joint_state_publisher) by extensions ['ros']
[0.594s] Level 1:colcon.colcon_core.package_identification:_identify(src/joint_state_publisher/joint_state_publisher) by extension 'ros'
[0.595s] DEBUG:colcon.colcon_core.package_identification:Package 'src/joint_state_publisher/joint_state_publisher' with type 'ros.ament_python' and name 'joint_state_publisher'
[0.595s] Level 1:colcon.colcon_core.package_identification:_identify(src/joint_state_publisher/joint_state_publisher_gui) by extensions ['ignore', 'ignore_ament_install']
[0.595s] Level 1:colcon.colcon_core.package_identification:_identify(src/joint_state_publisher/joint_state_publisher_gui) by extension 'ignore'
[0.595s] Level 1:colcon.colcon_core.package_identification:_identify(src/joint_state_publisher/joint_state_publisher_gui) by extension 'ignore_ament_install'
[0.595s] Level 1:colcon.colcon_core.package_identification:_identify(src/joint_state_publisher/joint_state_publisher_gui) by extensions ['colcon_pkg']
[0.595s] Level 1:colcon.colcon_core.package_identification:_identify(src/joint_state_publisher/joint_state_publisher_gui) by extension 'colcon_pkg'
[0.595s] Level 1:colcon.colcon_core.package_identification:_identify(src/joint_state_publisher/joint_state_publisher_gui) by extensions ['colcon_meta']
[0.595s] Level 1:colcon.colcon_core.package_identification:_identify(src/joint_state_publisher/joint_state_publisher_gui) by extension 'colcon_meta'
[0.596s] Level 1:colcon.colcon_core.package_identification:_identify(src/joint_state_publisher/joint_state_publisher_gui) by extensions ['ros']
[0.596s] Level 1:colcon.colcon_core.package_identification:_identify(src/joint_state_publisher/joint_state_publisher_gui) by extension 'ros'
[0.596s] DEBUG:colcon.colcon_core.package_identification:Package 'src/joint_state_publisher/joint_state_publisher_gui' with type 'ros.ament_python' and name 'joint_state_publisher_gui'
[0.596s] Level 1:colcon.colcon_core.package_identification:_identify(src/urdf_tutorial) by extensions ['ignore', 'ignore_ament_install']
[0.596s] Level 1:colcon.colcon_core.package_identification:_identify(src/urdf_tutorial) by extension 'ignore'
[0.596s] Level 1:colcon.colcon_core.package_identification:_identify(src/urdf_tutorial) by extension 'ignore_ament_install'
[0.596s] Level 1:colcon.colcon_core.package_identification:_identify(src/urdf_tutorial) by extensions ['colcon_pkg']
[0.596s] Level 1:colcon.colcon_core.package_identification:_identify(src/urdf_tutorial) by extension 'colcon_pkg'
[0.596s] Level 1:colcon.colcon_core.package_identification:_identify(src/urdf_tutorial) by extensions ['colcon_meta']
[0.596s] Level 1:colcon.colcon_core.package_identification:_identify(src/urdf_tutorial) by extension 'colcon_meta'
[0.597s] Level 1:colcon.colcon_core.package_identification:_identify(src/urdf_tutorial) by extensions ['ros']
[0.597s] Level 1:colcon.colcon_core.package_identification:_identify(src/urdf_tutorial) by extension 'ros'
[0.597s] DEBUG:colcon.colcon_core.package_identification:Package 'src/urdf_tutorial' with type 'ros.ament_cmake' and name 'urdf_tutorial'
[0.597s] Level 1:colcon.colcon_core.package_identification:_identify(src/xacro) by extensions ['ignore', 'ignore_ament_install']
[0.597s] Level 1:colcon.colcon_core.package_identification:_identify(src/xacro) by extension 'ignore'
[0.597s] Level 1:colcon.colcon_core.package_identification:_identify(src/xacro) by extension 'ignore_ament_install'
[0.597s] Level 1:colcon.colcon_core.package_identification:_identify(src/xacro) by extensions ['colcon_pkg']
[0.597s] Level 1:colcon.colcon_core.package_identification:_identify(src/xacro) by extension 'colcon_pkg'
[0.598s] Level 1:colcon.colcon_core.package_identification:_identify(src/xacro) by extensions ['colcon_meta']
[0.598s] Level 1:colcon.colcon_core.package_identification:_identify(src/xacro) by extension 'colcon_meta'
[0.598s] Level 1:colcon.colcon_core.package_identification:_identify(src/xacro) by extensions ['ros']
[0.598s] Level 1:colcon.colcon_core.package_identification:_identify(src/xacro) by extension 'ros'
[0.599s] DEBUG:colcon.colcon_core.package_identification:Package 'src/xacro' with type 'ros.ament_cmake' and name 'xacro'
[0.599s] Level 1:colcon.colcon_core.package_discovery:discover_packages(recursive) using defaults
[0.599s] Level 1:colcon.colcon_core.package_discovery:discover_packages(ignore) discover
[0.599s] Level 1:colcon.colcon_core.package_discovery:discover_packages(ignore) using defaults
[0.599s] Level 1:colcon.colcon_core.package_discovery:discover_packages(path) discover
[0.599s] Level 1:colcon.colcon_core.package_discovery:discover_packages(path) using defaults
[0.642s] INFO:colcon.colcon_metadata.metadata.colcon_pkg:Updating descriptor of package 'src/xacro' from colcon.pkg: {'hooks': ['share/xacro/environment/completion.bash']}
[0.645s] INFO:colcon.colcon_core.package_selection:Skipping not selected package 'joint_state_publisher' in 'src/joint_state_publisher/joint_state_publisher'
[0.645s] INFO:colcon.colcon_core.package_selection:Skipping not selected package 'xacro' in 'src/xacro'
[0.645s] INFO:colcon.colcon_core.package_selection:Skipping not selected package 'joint_state_publisher_gui' in 'src/joint_state_publisher/joint_state_publisher_gui'
[0.645s] INFO:colcon.colcon_core.package_selection:Skipping not selected package 'urdf_tutorial' in 'src/urdf_tutorial'
[0.645s] Level 1:colcon.colcon_core.package_discovery:discover_packages(prefix_path) check parameters
[0.645s] Level 1:colcon.colcon_core.package_discovery:discover_packages(prefix_path) discover
[0.647s] WARNING:colcon.colcon_core.prefix_path.colcon:The path '/home/marcus/ros2_ws_urdf_sim/install' in the environment variable COLCON_PREFIX_PATH doesn't exist
[0.647s] WARNING:colcon.colcon_ros.prefix_path.ament:The path '/home/marcus/ros2_ws_urdf_sim/install/urdf_tutorial_r2d2' in the environment variable AMENT_PREFIX_PATH doesn't exist
[0.667s] DEBUG:colcon.colcon_installed_package_information.package_discovery:Found 343 installed packages in /home/marcus/ros2_humble/install
[0.671s] DEBUG:colcon.colcon_installed_package_information.package_discovery:Found 1 installed packages in /home/marcus/second_ros2_ws/install
[0.672s] DEBUG:colcon.colcon_installed_package_information.package_discovery:Found 4 installed packages in /home/marcus/ros2_ws/install
[0.673s] DEBUG:colcon.colcon_installed_package_information.package_discovery:Found 186 installed packages in /opt/ros/humble
[0.681s] Level 1:colcon.colcon_core.package_discovery:discover_packages(prefix_path) using defaults
[0.745s] Level 5:colcon.colcon_core.verb:set package 'crane_cpp' build argument 'cmake_args' from command line to 'None'
[0.745s] Level 5:colcon.colcon_core.verb:set package 'crane_cpp' build argument 'cmake_target' from command line to 'None'
[0.745s] Level 5:colcon.colcon_core.verb:set package 'crane_cpp' build argument 'cmake_target_skip_unavailable' from command line to 'False'
[0.745s] Level 5:colcon.colcon_core.verb:set package 'crane_cpp' build argument 'cmake_clean_cache' from command line to 'False'
[0.745s] Level 5:colcon.colcon_core.verb:set package 'crane_cpp' build argument 'cmake_clean_first' from command line to 'False'
[0.745s] Level 5:colcon.colcon_core.verb:set package 'crane_cpp' build argument 'cmake_force_configure' from command line to 'False'
[0.745s] Level 5:colcon.colcon_core.verb:set package 'crane_cpp' build argument 'ament_cmake_args' from command line to 'None'
[0.745s] Level 5:colcon.colcon_core.verb:set package 'crane_cpp' build argument 'catkin_cmake_args' from command line to 'None'
[0.745s] Level 5:colcon.colcon_core.verb:set package 'crane_cpp' build argument 'catkin_skip_building_tests' from command line to 'False'
[0.745s] DEBUG:colcon.colcon_core.verb:Building package 'crane_cpp' with the following arguments: {'ament_cmake_args': None, 'build_base': '/home/marcus/ros2_ws/build/crane_cpp', 'catkin_cmake_args': None, 'catkin_skip_building_tests': False, 'cmake_args': None, 'cmake_clean_cache': False, 'cmake_clean_first': False, 'cmake_force_configure': False, 'cmake_target': None, 'cmake_target_skip_unavailable': False, 'install_base': '/home/marcus/ros2_ws/install/crane_cpp', 'merge_install': False, 'path': '/home/marcus/ros2_ws/src/crane_cpp', 'symlink_install': False, 'test_result_base': None}
[0.746s] INFO:colcon.colcon_core.executor:Executing jobs using 'parallel' executor
[0.751s] DEBUG:colcon.colcon_parallel_executor.executor.parallel:run_until_complete
[0.751s] INFO:colcon.colcon_ros.task.ament_cmake.build:Building ROS package in '/home/marcus/ros2_ws/src/crane_cpp' with build type 'ament_cmake'
[0.752s] INFO:colcon.colcon_cmake.task.cmake.build:Building CMake package in '/home/marcus/ros2_ws/src/crane_cpp'
[0.760s] INFO:colcon.colcon_core.plugin_system:Skipping extension 'colcon_core.shell.bat': Not used on non-Windows systems
[0.760s] INFO:colcon.colcon_core.shell:Skip shell extension 'powershell' for command environment: Not usable outside of PowerShell
[0.760s] DEBUG:colcon.colcon_core.shell:Skip shell extension 'dsv' for command environment
[0.796s] DEBUG:colcon.colcon_core.event_handler.log_command:Invoking command in '/home/marcus/ros2_ws/build/crane_cpp': CMAKE_PREFIX_PATH=${CMAKE_PREFIX_PATH}:/home/marcus/second_ros2_ws/install/urdf_tutorial_r2d2:/home/marcus/ros2_ws_urdf_sim/install/urdf_tutorial_r2d2:/home/marcus/ros2_humble/install/rqt_bag_plugins:/home/marcus/ros2_humble/install/rqt_bag:/home/marcus/ros2_humble/install/ros2bag:/home/marcus/ros2_humble/install/tracetools_test:/home/marcus/ros2_humble/install/tracetools_launch:/home/marcus/ros2_humble/install/topic_monitor:/home/marcus/ros2_humble/install/tf2_tools:/home/marcus/ros2_humble/install/examples_tf2_py:/home/marcus/ros2_humble/install/tf2_ros_py:/home/marcus/ros2_humble/install/sros2:/home/marcus/ros2_humble/install/rqt_topic:/home/marcus/ros2_humble/install/rqt_srv:/home/marcus/ros2_humble/install/rqt_shell:/home/marcus/ros2_humble/install/rqt_service_caller:/home/marcus/ros2_humble/install/rqt_reconfigure:/home/marcus/ros2_humble/install/rqt_py_console:/home/marcus/ros2_humble/install/rqt_publisher:/home/marcus/ros2_humble/install/rqt_plot:/home/marcus/ros2_humble/install/rqt_action:/home/marcus/ros2_humble/install/rqt_msg:/home/marcus/ros2_humble/install/rqt_console:/home/marcus/ros2_humble/install/rqt:/home/marcus/ros2_humble/install/rqt_graph:/home/marcus/ros2_humble/install/rqt_gui_py:/home/marcus/ros2_humble/install/rqt_gui:/home/marcus/ros2_humble/install/ros2trace:/home/marcus/ros2_humble/install/ros2topic:/home/marcus/ros2_humble/install/ros2test:/home/marcus/ros2_humble/install/ros2component:/home/marcus/ros2_humble/install/ros2param:/home/marcus/ros2_humble/install/ros2lifecycle:/home/marcus/ros2_humble/install/ros2service:/home/marcus/ros2_humble/install/ros2run:/home/marcus/ros2_humble/install/ros2launch:/home/marcus/ros2_humble/install/ros2pkg:/home/marcus/ros2_humble/install/ros2node:/home/marcus/ros2_humble/install/ros2multicast:/home/marcus/ros2_humble/install/ros2interface:/home/marcus/ros2_humble/install/ros2doctor:/home/marcus/ros2_humble/install/ros2action:/home/marcus/ros2_humble/install/ros2cli:/home/marcus/ros2_humble/install/quality_of_service_demo_py:/home/marcus/ros2_humble/install/lifecycle_py:/home/marcus/ros2_humble/install/launch_testing_ros:/home/marcus/ros2_humble/install/launch_ros:/home/marcus/ros2_humble/install/examples_rclpy_pointcloud_publisher:/home/marcus/ros2_humble/install/examples_rclpy_minimal_subscriber:/home/marcus/ros2_humble/install/examples_rclpy_minimal_service:/home/marcus/ros2_humble/install/examples_rclpy_minimal_publisher:/home/marcus/ros2_humble/install/examples_rclpy_minimal_client:/home/marcus/ros2_humble/install/examples_rclpy_minimal_action_server:/home/marcus/ros2_humble/install/examples_rclpy_minimal_action_client:/home/marcus/ros2_humble/install/examples_rclpy_guard_conditions:/home/marcus/ros2_humble/install/examples_rclpy_executors:/home/marcus/ros2_humble/install/demo_nodes_py:/home/marcus/ros2_humble/install/action_tutorials_py:/home/marcus/ros2_humble/install/ament_uncrustify:/home/marcus/ros2_humble/install/tracetools_trace:/home/marcus/ros2_humble/install/tracetools_read:/home/marcus/ros2_humble/install/test_tracetools_launch:/home/marcus/ros2_humble/install/test_launch_ros:/home/marcus/ros2_humble/install/sensor_msgs_py:/home/marcus/ros2_humble/install/rpyutils:/home/marcus/ros2_humble/install/rosidl_runtime_py:/home/marcus/ros2_humble/install/rosidl_cli:/home/marcus/ros2_humble/install/launch_pytest:/home/marcus/ros2_humble/install/launch_testing:/home/marcus/ros2_humble/install/launch_yaml:/home/marcus/ros2_humble/install/launch_xml:/home/marcus/ros2_humble/install/launch:/home/marcus/ros2_humble/install/osrf_pycommon:/home/marcus/ros2_humble/install/launch_testing_examples:/home/marcus/ros2_humble/install/domain_coordinator:/home/marcus/ros2_humble/install/ament_xmllint:/home/marcus/ros2_humble/install/ament_pyflakes:/home/marcus/ros2_humble/install/ament_pycodestyle:/home/marcus/ros2_humble/install/ament_pep257:/home/marcus/ros2_humble/install/ament_pclint:/home/marcus/ros2_humble/install/ament_package:/home/marcus/ros2_humble/install/ament_mypy:/home/marcus/ros2_humble/install/ament_lint_cmake:/home/marcus/ros2_humble/install/ament_flake8:/home/marcus/ros2_humble/install/ament_copyright:/home/marcus/ros2_humble/install/ament_lint:/home/marcus/ros2_humble/install/ament_index_python:/home/marcus/ros2_humble/install/ament_cpplint:/home/marcus/ros2_humble/install/ament_cppcheck:/home/marcus/ros2_humble/install/ament_clang_tidy:/home/marcus/ros2_humble/install/ament_clang_format:/home/marcus/ros2_ws/install/joint_state_publisher_gui:/home/marcus/ros2_ws/install/joint_state_publisher:/opt/ros/humble /usr/bin/cmake /home/marcus/ros2_ws/src/crane_cpp -DCMAKE_INSTALL_PREFIX=/home/marcus/ros2_ws/install/crane_cpp
[4.507s] DEBUG:colcon.colcon_core.event_handler.log_command:Invoked command in '/home/marcus/ros2_ws/build/crane_cpp' returned '1': CMAKE_PREFIX_PATH=${CMAKE_PREFIX_PATH}:/home/marcus/second_ros2_ws/install/urdf_tutorial_r2d2:/home/marcus/ros2_ws_urdf_sim/install/urdf_tutorial_r2d2:/home/marcus/ros2_humble/install/rqt_bag_plugins:/home/marcus/ros2_humble/install/rqt_bag:/home/marcus/ros2_humble/install/ros2bag:/home/marcus/ros2_humble/install/tracetools_test:/home/marcus/ros2_humble/install/tracetools_launch:/home/marcus/ros2_humble/install/topic_monitor:/home/marcus/ros2_humble/install/tf2_tools:/home/marcus/ros2_humble/install/examples_tf2_py:/home/marcus/ros2_humble/install/tf2_ros_py:/home/marcus/ros2_humble/install/sros2:/home/marcus/ros2_humble/install/rqt_topic:/home/marcus/ros2_humble/install/rqt_srv:/home/marcus/ros2_humble/install/rqt_shell:/home/marcus/ros2_humble/install/rqt_service_caller:/home/marcus/ros2_humble/install/rqt_reconfigure:/home/marcus/ros2_humble/install/rqt_py_console:/home/marcus/ros2_humble/install/rqt_publisher:/home/marcus/ros2_humble/install/rqt_plot:/home/marcus/ros2_humble/install/rqt_action:/home/marcus/ros2_humble/install/rqt_msg:/home/marcus/ros2_humble/install/rqt_console:/home/marcus/ros2_humble/install/rqt:/home/marcus/ros2_humble/install/rqt_graph:/home/marcus/ros2_humble/install/rqt_gui_py:/home/marcus/ros2_humble/install/rqt_gui:/home/marcus/ros2_humble/install/ros2trace:/home/marcus/ros2_humble/install/ros2topic:/home/marcus/ros2_humble/install/ros2test:/home/marcus/ros2_humble/install/ros2component:/home/marcus/ros2_humble/install/ros2param:/home/marcus/ros2_humble/install/ros2lifecycle:/home/marcus/ros2_humble/install/ros2service:/home/marcus/ros2_humble/install/ros2run:/home/marcus/ros2_humble/install/ros2launch:/home/marcus/ros2_humble/install/ros2pkg:/home/marcus/ros2_humble/install/ros2node:/home/marcus/ros2_humble/install/ros2multicast:/home/marcus/ros2_humble/install/ros2interface:/home/marcus/ros2_humble/install/ros2doctor:/home/marcus/ros2_humble/install/ros2action:/home/marcus/ros2_humble/install/ros2cli:/home/marcus/ros2_humble/install/quality_of_service_demo_py:/home/marcus/ros2_humble/install/lifecycle_py:/home/marcus/ros2_humble/install/launch_testing_ros:/home/marcus/ros2_humble/install/launch_ros:/home/marcus/ros2_humble/install/examples_rclpy_pointcloud_publisher:/home/marcus/ros2_humble/install/examples_rclpy_minimal_subscriber:/home/marcus/ros2_humble/install/examples_rclpy_minimal_service:/home/marcus/ros2_humble/install/examples_rclpy_minimal_publisher:/home/marcus/ros2_humble/install/examples_rclpy_minimal_client:/home/marcus/ros2_humble/install/examples_rclpy_minimal_action_server:/home/marcus/ros2_humble/install/examples_rclpy_minimal_action_client:/home/marcus/ros2_humble/install/examples_rclpy_guard_conditions:/home/marcus/ros2_humble/install/examples_rclpy_executors:/home/marcus/ros2_humble/install/demo_nodes_py:/home/marcus/ros2_humble/install/action_tutorials_py:/home/marcus/ros2_humble/install/ament_uncrustify:/home/marcus/ros2_humble/install/tracetools_trace:/home/marcus/ros2_humble/install/tracetools_read:/home/marcus/ros2_humble/install/test_tracetools_launch:/home/marcus/ros2_humble/install/test_launch_ros:/home/marcus/ros2_humble/install/sensor_msgs_py:/home/marcus/ros2_humble/install/rpyutils:/home/marcus/ros2_humble/install/rosidl_runtime_py:/home/marcus/ros2_humble/install/rosidl_cli:/home/marcus/ros2_humble/install/launch_pytest:/home/marcus/ros2_humble/install/launch_testing:/home/marcus/ros2_humble/install/launch_yaml:/home/marcus/ros2_humble/install/launch_xml:/home/marcus/ros2_humble/install/launch:/home/marcus/ros2_humble/install/osrf_pycommon:/home/marcus/ros2_humble/install/launch_testing_examples:/home/marcus/ros2_humble/install/domain_coordinator:/home/marcus/ros2_humble/install/ament_xmllint:/home/marcus/ros2_humble/install/ament_pyflakes:/home/marcus/ros2_humble/install/ament_pycodestyle:/home/marcus/ros2_humble/install/ament_pep257:/home/marcus/ros2_humble/install/ament_pclint:/home/marcus/ros2_humble/install/ament_package:/home/marcus/ros2_humble/install/ament_mypy:/home/marcus/ros2_humble/install/ament_lint_cmake:/home/marcus/ros2_humble/install/ament_flake8:/home/marcus/ros2_humble/install/ament_copyright:/home/marcus/ros2_humble/install/ament_lint:/home/marcus/ros2_humble/install/ament_index_python:/home/marcus/ros2_humble/install/ament_cpplint:/home/marcus/ros2_humble/install/ament_cppcheck:/home/marcus/ros2_humble/install/ament_clang_tidy:/home/marcus/ros2_humble/install/ament_clang_format:/home/marcus/ros2_ws/install/joint_state_publisher_gui:/home/marcus/ros2_ws/install/joint_state_publisher:/opt/ros/humble /usr/bin/cmake /home/marcus/ros2_ws/src/crane_cpp -DCMAKE_INSTALL_PREFIX=/home/marcus/ros2_ws/install/crane_cpp
[4.529s] Level 1:colcon.colcon_core.environment:create_environment_scripts_only(crane_cpp)
[4.540s] Level 1:colcon.colcon_core.environment:checking '/home/marcus/ros2_ws/install/crane_cpp' for CMake module files
[4.540s] Level 1:colcon.colcon_core.environment:checking '/home/marcus/ros2_ws/install/crane_cpp' for CMake config files
[4.541s] Level 1:colcon.colcon_core.environment:checking '/home/marcus/ros2_ws/install/crane_cpp/bin'
[4.541s] Level 1:colcon.colcon_core.environment:checking '/home/marcus/ros2_ws/install/crane_cpp/lib/pkgconfig/crane_cpp.pc'
[4.541s] Level 1:colcon.colcon_core.environment:checking '/home/marcus/ros2_ws/install/crane_cpp/lib/python3.10/site-packages'
[4.541s] Level 1:colcon.colcon_core.environment:checking '/home/marcus/ros2_ws/install/crane_cpp/bin'
[4.543s] INFO:colcon.colcon_core.shell:Creating package script '/home/marcus/ros2_ws/install/crane_cpp/share/crane_cpp/package.ps1'
[4.544s] INFO:colcon.colcon_core.shell:Creating package descriptor '/home/marcus/ros2_ws/install/crane_cpp/share/crane_cpp/package.dsv'
[4.544s] INFO:colcon.colcon_core.shell:Creating package script '/home/marcus/ros2_ws/install/crane_cpp/share/crane_cpp/package.sh'
[4.545s] INFO:colcon.colcon_core.shell:Creating package script '/home/marcus/ros2_ws/install/crane_cpp/share/crane_cpp/package.bash'
[4.545s] INFO:colcon.colcon_core.shell:Creating package script '/home/marcus/ros2_ws/install/crane_cpp/share/crane_cpp/package.zsh'
[4.546s] Level 1:colcon.colcon_core.environment:create_file_with_runtime_dependencies(/home/marcus/ros2_ws/install/crane_cpp/share/colcon-core/packages/crane_cpp)
[4.556s] DEBUG:colcon.colcon_parallel_executor.executor.parallel:closing loop
[4.556s] DEBUG:colcon.colcon_parallel_executor.executor.parallel:loop closed
[4.556s] DEBUG:colcon.colcon_parallel_executor.executor.parallel:run_until_complete finished with '1'
[4.556s] DEBUG:colcon.colcon_core.event_reactor:joining thread
[4.568s] INFO:colcon.colcon_core.plugin_system:Skipping extension 'colcon_notification.desktop_notification.terminal_notifier': Not used on non-Darwin systems
[4.568s] INFO:colcon.colcon_core.plugin_system:Skipping extension 'colcon_notification.desktop_notification.win32': Not used on non-Windows systems
[4.568s] INFO:colcon.colcon_notification.desktop_notification:Sending desktop notification using 'notify2'
[4.580s] DEBUG:colcon.colcon_core.event_reactor:joined thread
[4.582s] INFO:colcon.colcon_core.shell:Creating prefix script '/home/marcus/ros2_ws/install/local_setup.ps1'
[4.583s] INFO:colcon.colcon_core.shell:Creating prefix util module '/home/marcus/ros2_ws/install/_local_setup_util_ps1.py'
[4.585s] INFO:colcon.colcon_core.shell:Creating prefix chain script '/home/marcus/ros2_ws/install/setup.ps1'
[4.597s] INFO:colcon.colcon_core.shell:Creating prefix script '/home/marcus/ros2_ws/install/local_setup.sh'
[4.598s] INFO:colcon.colcon_core.shell:Creating prefix util module '/home/marcus/ros2_ws/install/_local_setup_util_sh.py'
[4.598s] INFO:colcon.colcon_core.shell:Creating prefix chain script '/home/marcus/ros2_ws/install/setup.sh'
[4.612s] INFO:colcon.colcon_core.shell:Creating prefix script '/home/marcus/ros2_ws/install/local_setup.bash'
[4.612s] INFO:colcon.colcon_core.shell:Creating prefix chain script '/home/marcus/ros2_ws/install/setup.bash'
[4.625s] INFO:colcon.colcon_core.shell:Creating prefix script '/home/marcus/ros2_ws/install/local_setup.zsh'
[4.626s] INFO:colcon.colcon_core.shell:Creating prefix chain script '/home/marcus/ros2_ws/install/setup.zsh'
