[0.009s] Invoking command in '/home/marcus/ros2_ws/build/urdf_tutorial': AMENT_PREFIX_PATH=/home/marcus/ros2_ws/install/joint_state_publisher_gui:/home/marcus/ros2_ws/install/xacro:/home/marcus/ros2_ws/install/joint_state_publisher:${AMENT_PREFIX_PATH} CMAKE_PREFIX_PATH=/home/marcus/ros2_ws/install/xacro:/opt/ros/humble PATH=/home/marcus/ros2_ws/install/xacro/bin:${PATH} PYTHONPATH=/home/marcus/ros2_ws/install/joint_state_publisher_gui/lib/python3.10/site-packages:/home/marcus/ros2_ws/install/xacro/local/lib/python3.10/dist-packages:/home/marcus/ros2_ws/install/joint_state_publisher/lib/python3.10/site-packages:${PYTHONPATH} /usr/bin/cmake --build /home/marcus/ros2_ws/build/urdf_tutorial -- -j8 -l8
[0.037s] Invoked command in '/home/marcus/ros2_ws/build/urdf_tutorial' returned '0': AMENT_PREFIX_PATH=/home/marcus/ros2_ws/install/joint_state_publisher_gui:/home/marcus/ros2_ws/install/xacro:/home/marcus/ros2_ws/install/joint_state_publisher:${AMENT_PREFIX_PATH} CMAKE_PREFIX_PATH=/home/marcus/ros2_ws/install/xacro:/opt/ros/humble PATH=/home/marcus/ros2_ws/install/xacro/bin:${PATH} PYTHONPATH=/home/marcus/ros2_ws/install/joint_state_publisher_gui/lib/python3.10/site-packages:/home/marcus/ros2_ws/install/xacro/local/lib/python3.10/dist-packages:/home/marcus/ros2_ws/install/joint_state_publisher/lib/python3.10/site-packages:${PYTHONPATH} /usr/bin/cmake --build /home/marcus/ros2_ws/build/urdf_tutorial -- -j8 -l8
[0.057s] Invoking command in '/home/marcus/ros2_ws/build/urdf_tutorial': AMENT_PREFIX_PATH=/home/marcus/ros2_ws/install/joint_state_publisher_gui:/home/marcus/ros2_ws/install/xacro:/home/marcus/ros2_ws/install/joint_state_publisher:${AMENT_PREFIX_PATH} CMAKE_PREFIX_PATH=/home/marcus/ros2_ws/install/xacro:/opt/ros/humble PATH=/home/marcus/ros2_ws/install/xacro/bin:${PATH} PYTHONPATH=/home/marcus/ros2_ws/install/joint_state_publisher_gui/lib/python3.10/site-packages:/home/marcus/ros2_ws/install/xacro/local/lib/python3.10/dist-packages:/home/marcus/ros2_ws/install/joint_state_publisher/lib/python3.10/site-packages:${PYTHONPATH} /usr/bin/cmake --install /home/marcus/ros2_ws/build/urdf_tutorial
[0.064s] -- Install configuration: ""
[0.064s] -- Up-to-date: /home/marcus/ros2_ws/install/urdf_tutorial/share/urdf_tutorial/images
[0.064s] -- Up-to-date: /home/marcus/ros2_ws/install/urdf_tutorial/share/urdf_tutorial/images/multipleshapes.png
[0.065s] -- Up-to-date: /home/marcus/ros2_ws/install/urdf_tutorial/share/urdf_tutorial/images/myfirst.png
[0.065s] -- Up-to-date: /home/marcus/ros2_ws/install/urdf_tutorial/share/urdf_tutorial/images/visual.png
[0.065s] -- Up-to-date: /home/marcus/ros2_ws/install/urdf_tutorial/share/urdf_tutorial/images/flexible.png
[0.065s] -- Up-to-date: /home/marcus/ros2_ws/install/urdf_tutorial/share/urdf_tutorial/images/materials.png
[0.065s] -- Up-to-date: /home/marcus/ros2_ws/install/urdf_tutorial/share/urdf_tutorial/images/origins.png
[0.065s] -- Up-to-date: /home/marcus/ros2_ws/install/urdf_tutorial/share/urdf_tutorial/launch
[0.066s] -- Up-to-date: /home/marcus/ros2_ws/install/urdf_tutorial/share/urdf_tutorial/launch/display.launch.py
[0.066s] -- Up-to-date: /home/marcus/ros2_ws/install/urdf_tutorial/share/urdf_tutorial/meshes
[0.066s] -- Up-to-date: /home/marcus/ros2_ws/install/urdf_tutorial/share/urdf_tutorial/meshes/l_finger_tip_color.png
[0.066s] -- Up-to-date: /home/marcus/ros2_ws/install/urdf_tutorial/share/urdf_tutorial/meshes/l_finger.dae
[0.066s] -- Up-to-date: /home/marcus/ros2_ws/install/urdf_tutorial/share/urdf_tutorial/meshes/l_finger_tip.dae
[0.066s] -- Up-to-date: /home/marcus/ros2_ws/install/urdf_tutorial/share/urdf_tutorial/meshes/l_finger_color.png
[0.066s] -- Up-to-date: /home/marcus/ros2_ws/install/urdf_tutorial/share/urdf_tutorial/rviz
[0.066s] -- Up-to-date: /home/marcus/ros2_ws/install/urdf_tutorial/share/urdf_tutorial/rviz/urdf.rviz
[0.066s] -- Up-to-date: /home/marcus/ros2_ws/install/urdf_tutorial/share/urdf_tutorial/urdf
[0.066s] -- Up-to-date: /home/marcus/ros2_ws/install/urdf_tutorial/share/urdf_tutorial/urdf/07-physics.urdf
[0.067s] -- Up-to-date: /home/marcus/ros2_ws/install/urdf_tutorial/share/urdf_tutorial/urdf/05-visual.urdf
[0.067s] -- Up-to-date: /home/marcus/ros2_ws/install/urdf_tutorial/share/urdf_tutorial/urdf/08-macroed.urdf.xacro
[0.067s] -- Up-to-date: /home/marcus/ros2_ws/install/urdf_tutorial/share/urdf_tutorial/urdf/04-materials.urdf
[0.067s] -- Up-to-date: /home/marcus/ros2_ws/install/urdf_tutorial/share/urdf_tutorial/urdf/02-multipleshapes.urdf
[0.067s] -- Up-to-date: /home/marcus/ros2_ws/install/urdf_tutorial/share/urdf_tutorial/urdf/01-myfirst.urdf
[0.067s] -- Up-to-date: /home/marcus/ros2_ws/install/urdf_tutorial/share/urdf_tutorial/urdf/06-flexible.urdf
[0.067s] -- Up-to-date: /home/marcus/ros2_ws/install/urdf_tutorial/share/urdf_tutorial/urdf/03-origins.urdf
[0.067s] -- Up-to-date: /home/marcus/ros2_ws/install/urdf_tutorial/share/ament_index/resource_index/package_run_dependencies/urdf_tutorial
[0.068s] -- Up-to-date: /home/marcus/ros2_ws/install/urdf_tutorial/share/ament_index/resource_index/parent_prefix_path/urdf_tutorial
[0.068s] -- Up-to-date: /home/marcus/ros2_ws/install/urdf_tutorial/share/urdf_tutorial/environment/ament_prefix_path.sh
[0.070s] -- Up-to-date: /home/marcus/ros2_ws/install/urdf_tutorial/share/urdf_tutorial/environment/ament_prefix_path.dsv
[0.070s] -- Up-to-date: /home/marcus/ros2_ws/install/urdf_tutorial/share/urdf_tutorial/environment/path.sh
[0.070s] -- Up-to-date: /home/marcus/ros2_ws/install/urdf_tutorial/share/urdf_tutorial/environment/path.dsv
[0.070s] -- Up-to-date: /home/marcus/ros2_ws/install/urdf_tutorial/share/urdf_tutorial/local_setup.bash
[0.071s] -- Up-to-date: /home/marcus/ros2_ws/install/urdf_tutorial/share/urdf_tutorial/local_setup.sh
[0.071s] -- Up-to-date: /home/marcus/ros2_ws/install/urdf_tutorial/share/urdf_tutorial/local_setup.zsh
[0.071s] -- Up-to-date: /home/marcus/ros2_ws/install/urdf_tutorial/share/urdf_tutorial/local_setup.dsv
[0.071s] -- Up-to-date: /home/marcus/ros2_ws/install/urdf_tutorial/share/urdf_tutorial/package.dsv
[0.071s] -- Up-to-date: /home/marcus/ros2_ws/install/urdf_tutorial/share/ament_index/resource_index/packages/urdf_tutorial
[0.071s] -- Up-to-date: /home/marcus/ros2_ws/install/urdf_tutorial/share/urdf_tutorial/cmake/urdf_tutorialConfig.cmake
[0.071s] -- Up-to-date: /home/marcus/ros2_ws/install/urdf_tutorial/share/urdf_tutorial/cmake/urdf_tutorialConfig-version.cmake
[0.071s] -- Up-to-date: /home/marcus/ros2_ws/install/urdf_tutorial/share/urdf_tutorial/package.xml
[0.071s] Invoked command in '/home/marcus/ros2_ws/build/urdf_tutorial' returned '0': AMENT_PREFIX_PATH=/home/marcus/ros2_ws/install/joint_state_publisher_gui:/home/marcus/ros2_ws/install/xacro:/home/marcus/ros2_ws/install/joint_state_publisher:${AMENT_PREFIX_PATH} CMAKE_PREFIX_PATH=/home/marcus/ros2_ws/install/xacro:/opt/ros/humble PATH=/home/marcus/ros2_ws/install/xacro/bin:${PATH} PYTHONPATH=/home/marcus/ros2_ws/install/joint_state_publisher_gui/lib/python3.10/site-packages:/home/marcus/ros2_ws/install/xacro/local/lib/python3.10/dist-packages:/home/marcus/ros2_ws/install/joint_state_publisher/lib/python3.10/site-packages:${PYTHONPATH} /usr/bin/cmake --install /home/marcus/ros2_ws/build/urdf_tutorial
