[1.482s] Invoking command in '/home/marcus/ros2_ws/src/joint_state_publisher/joint_state_publisher': PYTHONPATH=/home/marcus/ros2_ws/build/joint_state_publisher/prefix_override:/home/marcus/ros2_ws/install/joint_state_publisher/lib/python3.10/site-packages:${PYTHONPATH} /usr/bin/python3 setup.py egg_info --egg-base ../../../build/joint_state_publisher build --build-base /home/marcus/ros2_ws/build/joint_state_publisher/build install --record /home/marcus/ros2_ws/build/joint_state_publisher/install.log --single-version-externally-managed
[2.026s] running egg_info
[2.027s] writing ../../../build/joint_state_publisher/joint_state_publisher.egg-info/PKG-INFO
[2.027s] writing dependency_links to ../../../build/joint_state_publisher/joint_state_publisher.egg-info/dependency_links.txt
[2.028s] writing entry points to ../../../build/joint_state_publisher/joint_state_publisher.egg-info/entry_points.txt
[2.028s] writing requirements to ../../../build/joint_state_publisher/joint_state_publisher.egg-info/requires.txt
[2.028s] writing top-level names to ../../../build/joint_state_publisher/joint_state_publisher.egg-info/top_level.txt
[2.030s] reading manifest file '../../../build/joint_state_publisher/joint_state_publisher.egg-info/SOURCES.txt'
[2.030s] adding license file 'LICENSE'
[2.031s] writing manifest file '../../../build/joint_state_publisher/joint_state_publisher.egg-info/SOURCES.txt'
[2.031s] running build
[2.031s] running build_py
[2.032s] running install
[2.032s] running install_lib
[2.035s] running install_data
[2.035s] running install_egg_info
[2.039s] removing '/home/marcus/ros2_ws/install/joint_state_publisher/lib/python3.10/site-packages/joint_state_publisher-2.3.0-py3.10.egg-info' (and everything under it)
[2.039s] Copying ../../../build/joint_state_publisher/joint_state_publisher.egg-info to /home/marcus/ros2_ws/install/joint_state_publisher/lib/python3.10/site-packages/joint_state_publisher-2.3.0-py3.10.egg-info
[2.040s] running install_scripts
[2.075s] Installing joint_state_publisher script to /home/marcus/ros2_ws/install/joint_state_publisher/lib/joint_state_publisher
[2.076s] writing list of installed files to '/home/marcus/ros2_ws/build/joint_state_publisher/install.log'
[2.103s] Invoked command in '/home/marcus/ros2_ws/src/joint_state_publisher/joint_state_publisher' returned '0': PYTHONPATH=/home/marcus/ros2_ws/build/joint_state_publisher/prefix_override:/home/marcus/ros2_ws/install/joint_state_publisher/lib/python3.10/site-packages:${PYTHONPATH} /usr/bin/python3 setup.py egg_info --egg-base ../../../build/joint_state_publisher build --build-base /home/marcus/ros2_ws/build/joint_state_publisher/build install --record /home/marcus/ros2_ws/build/joint_state_publisher/install.log --single-version-externally-managed
