[0.288s] DEBUG:colcon:Command line arguments: ['/usr/bin/colcon', 'build']
[0.288s] DEBUG:colcon:Parsed command line arguments: Namespace(log_base=None, log_level=None, verb_name='build', build_base='build', install_base='install', merge_install=False, symlink_install=False, test_result_base=None, continue_on_error=False, executor='parallel', parallel_workers=8, event_handlers=None, ignore_user_meta=False, metas=['./colcon.meta'], base_paths=['.'], packages_ignore=None, packages_ignore_regex=None, paths=None, packages_up_to=None, packages_up_to_regex=None, packages_above=None, packages_above_and_dependencies=None, packages_above_depth=None, packages_select_by_dep=None, packages_skip_by_dep=None, packages_skip_up_to=None, packages_select_build_failed=False, packages_skip_build_finished=False, packages_select_test_failures=False, packages_skip_test_passed=False, packages_select=None, packages_skip=None, packages_select_regex=None, packages_skip_regex=None, packages_start=None, packages_end=None, allow_overriding=[], cmake_args=None, cmake_target=None, cmake_target_skip_unavailable=False, cmake_clean_cache=False, cmake_clean_first=False, cmake_force_configure=False, ament_cmake_args=None, catkin_cmake_args=None, catkin_skip_building_tests=False, verb_parser=<colcon_defaults.argument_parser.defaults.DefaultArgumentsDecorator object at 0x7f802145fb80>, verb_extension=<colcon_core.verb.build.BuildVerb object at 0x7f8021c7ea40>, main=<bound method BuildVerb.main of <colcon_core.verb.build.BuildVerb object at 0x7f8021c7ea40>>)
[0.318s] Level 1:colcon.colcon_core.package_discovery:discover_packages(colcon_meta) check parameters
[0.318s] Level 1:colcon.colcon_core.package_discovery:discover_packages(recursive) check parameters
[0.318s] Level 1:colcon.colcon_core.package_discovery:discover_packages(ignore) check parameters
[0.318s] Level 1:colcon.colcon_core.package_discovery:discover_packages(path) check parameters
[0.318s] Level 1:colcon.colcon_core.package_discovery:discover_packages(colcon_meta) discover
[0.318s] Level 1:colcon.colcon_core.package_discovery:discover_packages(recursive) discover
[0.318s] INFO:colcon.colcon_core.package_discovery:Crawling recursively for packages in '/home/marcus/ros2_ws'
[0.318s] Level 1:colcon.colcon_core.package_identification:_identify(.) by extensions ['ignore', 'ignore_ament_install']
[0.318s] Level 1:colcon.colcon_core.package_identification:_identify(.) by extension 'ignore'
[0.318s] Level 1:colcon.colcon_core.package_identification:_identify(.) by extension 'ignore_ament_install'
[0.318s] Level 1:colcon.colcon_core.package_identification:_identify(.) by extensions ['colcon_pkg']
[0.318s] Level 1:colcon.colcon_core.package_identification:_identify(.) by extension 'colcon_pkg'
[0.318s] Level 1:colcon.colcon_core.package_identification:_identify(.) by extensions ['colcon_meta']
[0.318s] Level 1:colcon.colcon_core.package_identification:_identify(.) by extension 'colcon_meta'
[0.318s] Level 1:colcon.colcon_core.package_identification:_identify(.) by extensions ['ros']
[0.318s] Level 1:colcon.colcon_core.package_identification:_identify(.) by extension 'ros'
[0.329s] Level 1:colcon.colcon_core.package_identification:_identify(.) by extensions ['cmake', 'python']
[0.329s] Level 1:colcon.colcon_core.package_identification:_identify(.) by extension 'cmake'
[0.329s] Level 1:colcon.colcon_core.package_identification:_identify(.) by extension 'python'
[0.329s] Level 1:colcon.colcon_core.package_identification:_identify(.) by extensions ['python_setup_py']
[0.329s] Level 1:colcon.colcon_core.package_identification:_identify(.) by extension 'python_setup_py'
[0.329s] Level 1:colcon.colcon_core.package_identification:_identify(build) by extensions ['ignore', 'ignore_ament_install']
[0.329s] Level 1:colcon.colcon_core.package_identification:_identify(build) by extension 'ignore'
[0.329s] Level 1:colcon.colcon_core.package_identification:_identify(build) ignored
[0.329s] Level 1:colcon.colcon_core.package_identification:_identify(install) by extensions ['ignore', 'ignore_ament_install']
[0.329s] Level 1:colcon.colcon_core.package_identification:_identify(install) by extension 'ignore'
[0.329s] Level 1:colcon.colcon_core.package_identification:_identify(install) ignored
[0.330s] Level 1:colcon.colcon_core.package_identification:_identify(log) by extensions ['ignore', 'ignore_ament_install']
[0.330s] Level 1:colcon.colcon_core.package_identification:_identify(log) by extension 'ignore'
[0.330s] Level 1:colcon.colcon_core.package_identification:_identify(log) ignored
[0.330s] Level 1:colcon.colcon_core.package_identification:_identify(src) by extensions ['ignore', 'ignore_ament_install']
[0.330s] Level 1:colcon.colcon_core.package_identification:_identify(src) by extension 'ignore'
[0.330s] Level 1:colcon.colcon_core.package_identification:_identify(src) by extension 'ignore_ament_install'
[0.330s] Level 1:colcon.colcon_core.package_identification:_identify(src) by extensions ['colcon_pkg']
[0.330s] Level 1:colcon.colcon_core.package_identification:_identify(src) by extension 'colcon_pkg'
[0.330s] Level 1:colcon.colcon_core.package_identification:_identify(src) by extensions ['colcon_meta']
[0.330s] Level 1:colcon.colcon_core.package_identification:_identify(src) by extension 'colcon_meta'
[0.330s] Level 1:colcon.colcon_core.package_identification:_identify(src) by extensions ['ros']
[0.330s] Level 1:colcon.colcon_core.package_identification:_identify(src) by extension 'ros'
[0.330s] Level 1:colcon.colcon_core.package_identification:_identify(src) by extensions ['cmake', 'python']
[0.330s] Level 1:colcon.colcon_core.package_identification:_identify(src) by extension 'cmake'
[0.330s] Level 1:colcon.colcon_core.package_identification:_identify(src) by extension 'python'
[0.330s] Level 1:colcon.colcon_core.package_identification:_identify(src) by extensions ['python_setup_py']
[0.330s] Level 1:colcon.colcon_core.package_identification:_identify(src) by extension 'python_setup_py'
[0.330s] Level 1:colcon.colcon_core.package_identification:_identify(src/joint_state_publisher) by extensions ['ignore', 'ignore_ament_install']
[0.330s] Level 1:colcon.colcon_core.package_identification:_identify(src/joint_state_publisher) by extension 'ignore'
[0.331s] Level 1:colcon.colcon_core.package_identification:_identify(src/joint_state_publisher) by extension 'ignore_ament_install'
[0.331s] Level 1:colcon.colcon_core.package_identification:_identify(src/joint_state_publisher) by extensions ['colcon_pkg']
[0.331s] Level 1:colcon.colcon_core.package_identification:_identify(src/joint_state_publisher) by extension 'colcon_pkg'
[0.331s] Level 1:colcon.colcon_core.package_identification:_identify(src/joint_state_publisher) by extensions ['colcon_meta']
[0.331s] Level 1:colcon.colcon_core.package_identification:_identify(src/joint_state_publisher) by extension 'colcon_meta'
[0.331s] Level 1:colcon.colcon_core.package_identification:_identify(src/joint_state_publisher) by extensions ['ros']
[0.331s] Level 1:colcon.colcon_core.package_identification:_identify(src/joint_state_publisher) by extension 'ros'
[0.331s] Level 1:colcon.colcon_core.package_identification:_identify(src/joint_state_publisher) by extensions ['cmake', 'python']
[0.331s] Level 1:colcon.colcon_core.package_identification:_identify(src/joint_state_publisher) by extension 'cmake'
[0.331s] Level 1:colcon.colcon_core.package_identification:_identify(src/joint_state_publisher) by extension 'python'
[0.331s] Level 1:colcon.colcon_core.package_identification:_identify(src/joint_state_publisher) by extensions ['python_setup_py']
[0.331s] Level 1:colcon.colcon_core.package_identification:_identify(src/joint_state_publisher) by extension 'python_setup_py'
[0.331s] Level 1:colcon.colcon_core.package_identification:_identify(src/joint_state_publisher/joint_state_publisher) by extensions ['ignore', 'ignore_ament_install']
[0.331s] Level 1:colcon.colcon_core.package_identification:_identify(src/joint_state_publisher/joint_state_publisher) by extension 'ignore'
[0.331s] Level 1:colcon.colcon_core.package_identification:_identify(src/joint_state_publisher/joint_state_publisher) by extension 'ignore_ament_install'
[0.331s] Level 1:colcon.colcon_core.package_identification:_identify(src/joint_state_publisher/joint_state_publisher) by extensions ['colcon_pkg']
[0.331s] Level 1:colcon.colcon_core.package_identification:_identify(src/joint_state_publisher/joint_state_publisher) by extension 'colcon_pkg'
[0.331s] Level 1:colcon.colcon_core.package_identification:_identify(src/joint_state_publisher/joint_state_publisher) by extensions ['colcon_meta']
[0.331s] Level 1:colcon.colcon_core.package_identification:_identify(src/joint_state_publisher/joint_state_publisher) by extension 'colcon_meta'
[0.331s] Level 1:colcon.colcon_core.package_identification:_identify(src/joint_state_publisher/joint_state_publisher) by extensions ['ros']
[0.331s] Level 1:colcon.colcon_core.package_identification:_identify(src/joint_state_publisher/joint_state_publisher) by extension 'ros'
[0.334s] DEBUG:colcon.colcon_core.package_identification:Package 'src/joint_state_publisher/joint_state_publisher' with type 'ros.ament_python' and name 'joint_state_publisher'
[0.334s] Level 1:colcon.colcon_core.package_identification:_identify(src/joint_state_publisher/joint_state_publisher_gui) by extensions ['ignore', 'ignore_ament_install']
[0.334s] Level 1:colcon.colcon_core.package_identification:_identify(src/joint_state_publisher/joint_state_publisher_gui) by extension 'ignore'
[0.334s] Level 1:colcon.colcon_core.package_identification:_identify(src/joint_state_publisher/joint_state_publisher_gui) by extension 'ignore_ament_install'
[0.334s] Level 1:colcon.colcon_core.package_identification:_identify(src/joint_state_publisher/joint_state_publisher_gui) by extensions ['colcon_pkg']
[0.334s] Level 1:colcon.colcon_core.package_identification:_identify(src/joint_state_publisher/joint_state_publisher_gui) by extension 'colcon_pkg'
[0.334s] Level 1:colcon.colcon_core.package_identification:_identify(src/joint_state_publisher/joint_state_publisher_gui) by extensions ['colcon_meta']
[0.334s] Level 1:colcon.colcon_core.package_identification:_identify(src/joint_state_publisher/joint_state_publisher_gui) by extension 'colcon_meta'
[0.334s] Level 1:colcon.colcon_core.package_identification:_identify(src/joint_state_publisher/joint_state_publisher_gui) by extensions ['ros']
[0.334s] Level 1:colcon.colcon_core.package_identification:_identify(src/joint_state_publisher/joint_state_publisher_gui) by extension 'ros'
[0.335s] DEBUG:colcon.colcon_core.package_identification:Package 'src/joint_state_publisher/joint_state_publisher_gui' with type 'ros.ament_python' and name 'joint_state_publisher_gui'
[0.335s] Level 1:colcon.colcon_core.package_identification:_identify(src/urdf_tutorial) by extensions ['ignore', 'ignore_ament_install']
[0.335s] Level 1:colcon.colcon_core.package_identification:_identify(src/urdf_tutorial) by extension 'ignore'
[0.335s] Level 1:colcon.colcon_core.package_identification:_identify(src/urdf_tutorial) by extension 'ignore_ament_install'
[0.335s] Level 1:colcon.colcon_core.package_identification:_identify(src/urdf_tutorial) by extensions ['colcon_pkg']
[0.335s] Level 1:colcon.colcon_core.package_identification:_identify(src/urdf_tutorial) by extension 'colcon_pkg'
[0.335s] Level 1:colcon.colcon_core.package_identification:_identify(src/urdf_tutorial) by extensions ['colcon_meta']
[0.335s] Level 1:colcon.colcon_core.package_identification:_identify(src/urdf_tutorial) by extension 'colcon_meta'
[0.335s] Level 1:colcon.colcon_core.package_identification:_identify(src/urdf_tutorial) by extensions ['ros']
[0.335s] Level 1:colcon.colcon_core.package_identification:_identify(src/urdf_tutorial) by extension 'ros'
[0.335s] DEBUG:colcon.colcon_core.package_identification:Package 'src/urdf_tutorial' with type 'ros.ament_cmake' and name 'urdf_tutorial'
[0.336s] Level 1:colcon.colcon_core.package_identification:_identify(src/xacro) by extensions ['ignore', 'ignore_ament_install']
[0.336s] Level 1:colcon.colcon_core.package_identification:_identify(src/xacro) by extension 'ignore'
[0.336s] Level 1:colcon.colcon_core.package_identification:_identify(src/xacro) by extension 'ignore_ament_install'
[0.336s] Level 1:colcon.colcon_core.package_identification:_identify(src/xacro) by extensions ['colcon_pkg']
[0.336s] Level 1:colcon.colcon_core.package_identification:_identify(src/xacro) by extension 'colcon_pkg'
[0.336s] Level 1:colcon.colcon_core.package_identification:_identify(src/xacro) by extensions ['colcon_meta']
[0.336s] Level 1:colcon.colcon_core.package_identification:_identify(src/xacro) by extension 'colcon_meta'
[0.336s] Level 1:colcon.colcon_core.package_identification:_identify(src/xacro) by extensions ['ros']
[0.336s] Level 1:colcon.colcon_core.package_identification:_identify(src/xacro) by extension 'ros'
[0.337s] DEBUG:colcon.colcon_core.package_identification:Package 'src/xacro' with type 'ros.ament_cmake' and name 'xacro'
[0.337s] Level 1:colcon.colcon_core.package_discovery:discover_packages(recursive) using defaults
[0.337s] Level 1:colcon.colcon_core.package_discovery:discover_packages(ignore) discover
[0.337s] Level 1:colcon.colcon_core.package_discovery:discover_packages(ignore) using defaults
[0.337s] Level 1:colcon.colcon_core.package_discovery:discover_packages(path) discover
[0.337s] Level 1:colcon.colcon_core.package_discovery:discover_packages(path) using defaults
[0.356s] INFO:colcon.colcon_metadata.metadata.colcon_pkg:Updating descriptor of package 'src/xacro' from colcon.pkg: {'hooks': ['share/xacro/environment/completion.bash']}
[0.359s] Level 1:colcon.colcon_core.package_discovery:discover_packages(prefix_path) check parameters
[0.359s] Level 1:colcon.colcon_core.package_discovery:discover_packages(prefix_path) discover
[0.361s] DEBUG:colcon.colcon_installed_package_information.package_discovery:Found 4 installed packages in /home/marcus/ros2_ws/install
[0.362s] DEBUG:colcon.colcon_installed_package_information.package_discovery:Found 186 installed packages in /opt/ros/humble
[0.364s] Level 1:colcon.colcon_core.package_discovery:discover_packages(prefix_path) using defaults
[0.405s] Level 5:colcon.colcon_core.verb:set package 'joint_state_publisher' build argument 'cmake_args' from command line to 'None'
[0.405s] Level 5:colcon.colcon_core.verb:set package 'joint_state_publisher' build argument 'cmake_target' from command line to 'None'
[0.405s] Level 5:colcon.colcon_core.verb:set package 'joint_state_publisher' build argument 'cmake_target_skip_unavailable' from command line to 'False'
[0.405s] Level 5:colcon.colcon_core.verb:set package 'joint_state_publisher' build argument 'cmake_clean_cache' from command line to 'False'
[0.405s] Level 5:colcon.colcon_core.verb:set package 'joint_state_publisher' build argument 'cmake_clean_first' from command line to 'False'
[0.405s] Level 5:colcon.colcon_core.verb:set package 'joint_state_publisher' build argument 'cmake_force_configure' from command line to 'False'
[0.405s] Level 5:colcon.colcon_core.verb:set package 'joint_state_publisher' build argument 'ament_cmake_args' from command line to 'None'
[0.405s] Level 5:colcon.colcon_core.verb:set package 'joint_state_publisher' build argument 'catkin_cmake_args' from command line to 'None'
[0.405s] Level 5:colcon.colcon_core.verb:set package 'joint_state_publisher' build argument 'catkin_skip_building_tests' from command line to 'False'
[0.405s] DEBUG:colcon.colcon_core.verb:Building package 'joint_state_publisher' with the following arguments: {'ament_cmake_args': None, 'build_base': '/home/marcus/ros2_ws/build/joint_state_publisher', 'catkin_cmake_args': None, 'catkin_skip_building_tests': False, 'cmake_args': None, 'cmake_clean_cache': False, 'cmake_clean_first': False, 'cmake_force_configure': False, 'cmake_target': None, 'cmake_target_skip_unavailable': False, 'install_base': '/home/marcus/ros2_ws/install/joint_state_publisher', 'merge_install': False, 'path': '/home/marcus/ros2_ws/src/joint_state_publisher/joint_state_publisher', 'symlink_install': False, 'test_result_base': None}
[0.406s] Level 5:colcon.colcon_core.verb:set package 'xacro' build argument 'cmake_args' from command line to 'None'
[0.406s] Level 5:colcon.colcon_core.verb:set package 'xacro' build argument 'cmake_target' from command line to 'None'
[0.406s] Level 5:colcon.colcon_core.verb:set package 'xacro' build argument 'cmake_target_skip_unavailable' from command line to 'False'
[0.406s] Level 5:colcon.colcon_core.verb:set package 'xacro' build argument 'cmake_clean_cache' from command line to 'False'
[0.406s] Level 5:colcon.colcon_core.verb:set package 'xacro' build argument 'cmake_clean_first' from command line to 'False'
[0.406s] Level 5:colcon.colcon_core.verb:set package 'xacro' build argument 'cmake_force_configure' from command line to 'False'
[0.406s] Level 5:colcon.colcon_core.verb:set package 'xacro' build argument 'ament_cmake_args' from command line to 'None'
[0.406s] Level 5:colcon.colcon_core.verb:set package 'xacro' build argument 'catkin_cmake_args' from command line to 'None'
[0.406s] Level 5:colcon.colcon_core.verb:set package 'xacro' build argument 'catkin_skip_building_tests' from command line to 'False'
[0.406s] DEBUG:colcon.colcon_core.verb:Building package 'xacro' with the following arguments: {'ament_cmake_args': None, 'build_base': '/home/marcus/ros2_ws/build/xacro', 'catkin_cmake_args': None, 'catkin_skip_building_tests': False, 'cmake_args': None, 'cmake_clean_cache': False, 'cmake_clean_first': False, 'cmake_force_configure': False, 'cmake_target': None, 'cmake_target_skip_unavailable': False, 'install_base': '/home/marcus/ros2_ws/install/xacro', 'merge_install': False, 'path': '/home/marcus/ros2_ws/src/xacro', 'symlink_install': False, 'test_result_base': None}
[0.407s] Level 5:colcon.colcon_core.verb:set package 'joint_state_publisher_gui' build argument 'cmake_args' from command line to 'None'
[0.407s] Level 5:colcon.colcon_core.verb:set package 'joint_state_publisher_gui' build argument 'cmake_target' from command line to 'None'
[0.407s] Level 5:colcon.colcon_core.verb:set package 'joint_state_publisher_gui' build argument 'cmake_target_skip_unavailable' from command line to 'False'
[0.407s] Level 5:colcon.colcon_core.verb:set package 'joint_state_publisher_gui' build argument 'cmake_clean_cache' from command line to 'False'
[0.407s] Level 5:colcon.colcon_core.verb:set package 'joint_state_publisher_gui' build argument 'cmake_clean_first' from command line to 'False'
[0.407s] Level 5:colcon.colcon_core.verb:set package 'joint_state_publisher_gui' build argument 'cmake_force_configure' from command line to 'False'
[0.407s] Level 5:colcon.colcon_core.verb:set package 'joint_state_publisher_gui' build argument 'ament_cmake_args' from command line to 'None'
[0.407s] Level 5:colcon.colcon_core.verb:set package 'joint_state_publisher_gui' build argument 'catkin_cmake_args' from command line to 'None'
[0.407s] Level 5:colcon.colcon_core.verb:set package 'joint_state_publisher_gui' build argument 'catkin_skip_building_tests' from command line to 'False'
[0.407s] DEBUG:colcon.colcon_core.verb:Building package 'joint_state_publisher_gui' with the following arguments: {'ament_cmake_args': None, 'build_base': '/home/marcus/ros2_ws/build/joint_state_publisher_gui', 'catkin_cmake_args': None, 'catkin_skip_building_tests': False, 'cmake_args': None, 'cmake_clean_cache': False, 'cmake_clean_first': False, 'cmake_force_configure': False, 'cmake_target': None, 'cmake_target_skip_unavailable': False, 'install_base': '/home/marcus/ros2_ws/install/joint_state_publisher_gui', 'merge_install': False, 'path': '/home/marcus/ros2_ws/src/joint_state_publisher/joint_state_publisher_gui', 'symlink_install': False, 'test_result_base': None}
[0.408s] Level 5:colcon.colcon_core.verb:set package 'urdf_tutorial' build argument 'cmake_args' from command line to 'None'
[0.408s] Level 5:colcon.colcon_core.verb:set package 'urdf_tutorial' build argument 'cmake_target' from command line to 'None'
[0.408s] Level 5:colcon.colcon_core.verb:set package 'urdf_tutorial' build argument 'cmake_target_skip_unavailable' from command line to 'False'
[0.408s] Level 5:colcon.colcon_core.verb:set package 'urdf_tutorial' build argument 'cmake_clean_cache' from command line to 'False'
[0.408s] Level 5:colcon.colcon_core.verb:set package 'urdf_tutorial' build argument 'cmake_clean_first' from command line to 'False'
[0.408s] Level 5:colcon.colcon_core.verb:set package 'urdf_tutorial' build argument 'cmake_force_configure' from command line to 'False'
[0.408s] Level 5:colcon.colcon_core.verb:set package 'urdf_tutorial' build argument 'ament_cmake_args' from command line to 'None'
[0.408s] Level 5:colcon.colcon_core.verb:set package 'urdf_tutorial' build argument 'catkin_cmake_args' from command line to 'None'
[0.408s] Level 5:colcon.colcon_core.verb:set package 'urdf_tutorial' build argument 'catkin_skip_building_tests' from command line to 'False'
[0.408s] DEBUG:colcon.colcon_core.verb:Building package 'urdf_tutorial' with the following arguments: {'ament_cmake_args': None, 'build_base': '/home/marcus/ros2_ws/build/urdf_tutorial', 'catkin_cmake_args': None, 'catkin_skip_building_tests': False, 'cmake_args': None, 'cmake_clean_cache': False, 'cmake_clean_first': False, 'cmake_force_configure': False, 'cmake_target': None, 'cmake_target_skip_unavailable': False, 'install_base': '/home/marcus/ros2_ws/install/urdf_tutorial', 'merge_install': False, 'path': '/home/marcus/ros2_ws/src/urdf_tutorial', 'symlink_install': False, 'test_result_base': None}
[0.409s] INFO:colcon.colcon_core.executor:Executing jobs using 'parallel' executor
[0.412s] DEBUG:colcon.colcon_parallel_executor.executor.parallel:run_until_complete
[0.412s] INFO:colcon.colcon_ros.task.ament_python.build:Building ROS package in '/home/marcus/ros2_ws/src/joint_state_publisher/joint_state_publisher' with build type 'ament_python'
[0.412s] Level 1:colcon.colcon_core.shell:create_environment_hook('joint_state_publisher', 'ament_prefix_path')
[0.416s] INFO:colcon.colcon_core.plugin_system:Skipping extension 'colcon_core.shell.bat': Not used on non-Windows systems
[0.417s] INFO:colcon.colcon_core.shell:Creating environment hook '/home/marcus/ros2_ws/install/joint_state_publisher/share/joint_state_publisher/hook/ament_prefix_path.ps1'
[0.417s] INFO:colcon.colcon_core.shell:Creating environment descriptor '/home/marcus/ros2_ws/install/joint_state_publisher/share/joint_state_publisher/hook/ament_prefix_path.dsv'
[0.417s] INFO:colcon.colcon_core.shell:Creating environment hook '/home/marcus/ros2_ws/install/joint_state_publisher/share/joint_state_publisher/hook/ament_prefix_path.sh'
[0.419s] INFO:colcon.colcon_core.shell:Skip shell extension 'powershell' for command environment: Not usable outside of PowerShell
[0.419s] DEBUG:colcon.colcon_core.shell:Skip shell extension 'dsv' for command environment
[0.423s] INFO:colcon.colcon_ros.task.ament_cmake.build:Building ROS package in '/home/marcus/ros2_ws/src/xacro' with build type 'ament_cmake'
[0.423s] INFO:colcon.colcon_cmake.task.cmake.build:Building CMake package in '/home/marcus/ros2_ws/src/xacro'
[0.424s] INFO:colcon.colcon_core.shell:Skip shell extension 'powershell' for command environment: Not usable outside of PowerShell
[0.424s] DEBUG:colcon.colcon_core.shell:Skip shell extension 'dsv' for command environment
[0.654s] INFO:colcon.colcon_core.task.python.build:Building Python package in '/home/marcus/ros2_ws/src/joint_state_publisher/joint_state_publisher'
[0.656s] INFO:colcon.colcon_core.shell:Skip shell extension 'powershell' for command environment: Not usable outside of PowerShell
[0.656s] DEBUG:colcon.colcon_core.shell:Skip shell extension 'dsv' for command environment
[0.663s] DEBUG:colcon.colcon_core.event_handler.log_command:Invoking command in '/home/marcus/ros2_ws/build/xacro': CMAKE_PREFIX_PATH=${CMAKE_PREFIX_PATH}:/home/marcus/ros2_ws/install/joint_state_publisher_gui:/home/marcus/ros2_ws/install/joint_state_publisher:/opt/ros/humble /usr/bin/cmake --build /home/marcus/ros2_ws/build/xacro -- -j8 -l8
[0.990s] DEBUG:colcon.colcon_core.event_handler.log_command:Invoking command in '/home/marcus/ros2_ws/src/joint_state_publisher/joint_state_publisher': PYTHONPATH=/home/marcus/ros2_ws/build/joint_state_publisher/prefix_override:/home/marcus/ros2_ws/install/joint_state_publisher/lib/python3.10/site-packages:${PYTHONPATH} /usr/bin/python3 setup.py egg_info --egg-base ../../../build/joint_state_publisher build --build-base /home/marcus/ros2_ws/build/joint_state_publisher/build install --record /home/marcus/ros2_ws/build/joint_state_publisher/install.log --single-version-externally-managed
[1.002s] DEBUG:colcon.colcon_core.event_handler.log_command:Invoked command in '/home/marcus/ros2_ws/build/xacro' returned '0': CMAKE_PREFIX_PATH=${CMAKE_PREFIX_PATH}:/home/marcus/ros2_ws/install/joint_state_publisher_gui:/home/marcus/ros2_ws/install/joint_state_publisher:/opt/ros/humble /usr/bin/cmake --build /home/marcus/ros2_ws/build/xacro -- -j8 -l8
[1.029s] DEBUG:colcon.colcon_core.event_handler.log_command:Invoking command in '/home/marcus/ros2_ws/build/xacro': CMAKE_PREFIX_PATH=${CMAKE_PREFIX_PATH}:/home/marcus/ros2_ws/install/joint_state_publisher_gui:/home/marcus/ros2_ws/install/joint_state_publisher:/opt/ros/humble /usr/bin/cmake --install /home/marcus/ros2_ws/build/xacro
[1.071s] Level 1:colcon.colcon_core.environment:create_environment_scripts_only(xacro)
[1.071s] DEBUG:colcon.colcon_core.event_handler.log_command:Invoked command in '/home/marcus/ros2_ws/build/xacro' returned '0': CMAKE_PREFIX_PATH=${CMAKE_PREFIX_PATH}:/home/marcus/ros2_ws/install/joint_state_publisher_gui:/home/marcus/ros2_ws/install/joint_state_publisher:/opt/ros/humble /usr/bin/cmake --install /home/marcus/ros2_ws/build/xacro
[1.078s] Level 1:colcon.colcon_core.environment:checking '/home/marcus/ros2_ws/install/xacro' for CMake module files
[1.079s] Level 1:colcon.colcon_core.environment:checking '/home/marcus/ros2_ws/install/xacro' for CMake config files
[1.079s] Level 1:colcon.colcon_core.shell:create_environment_hook('xacro', 'cmake_prefix_path')
[1.081s] INFO:colcon.colcon_core.shell:Creating environment hook '/home/marcus/ros2_ws/install/xacro/share/xacro/hook/cmake_prefix_path.ps1'
[1.082s] INFO:colcon.colcon_core.shell:Creating environment descriptor '/home/marcus/ros2_ws/install/xacro/share/xacro/hook/cmake_prefix_path.dsv'
[1.082s] INFO:colcon.colcon_core.shell:Creating environment hook '/home/marcus/ros2_ws/install/xacro/share/xacro/hook/cmake_prefix_path.sh'
[1.083s] Level 1:colcon.colcon_core.environment:checking '/home/marcus/ros2_ws/install/xacro/lib'
[1.084s] Level 1:colcon.colcon_core.environment:checking '/home/marcus/ros2_ws/install/xacro/bin'
[1.084s] Level 1:colcon.colcon_core.shell:create_environment_hook('xacro', 'path')
[1.086s] INFO:colcon.colcon_core.shell:Creating environment hook '/home/marcus/ros2_ws/install/xacro/share/xacro/hook/path.ps1'
[1.086s] INFO:colcon.colcon_core.shell:Creating environment descriptor '/home/marcus/ros2_ws/install/xacro/share/xacro/hook/path.dsv'
[1.087s] INFO:colcon.colcon_core.shell:Creating environment hook '/home/marcus/ros2_ws/install/xacro/share/xacro/hook/path.sh'
[1.087s] Level 1:colcon.colcon_core.environment:checking '/home/marcus/ros2_ws/install/xacro/lib/pkgconfig/xacro.pc'
[1.088s] Level 1:colcon.colcon_core.environment:checking '/home/marcus/ros2_ws/install/xacro/lib/python3.10/site-packages'
[1.088s] Level 1:colcon.colcon_core.environment:checking '/home/marcus/ros2_ws/install/xacro/bin'
[1.088s] Level 1:colcon.colcon_core.shell:create_environment_hook('xacro', 'pythonscriptspath')
[1.090s] INFO:colcon.colcon_core.shell:Creating environment hook '/home/marcus/ros2_ws/install/xacro/share/xacro/hook/pythonscriptspath.ps1'
[1.091s] INFO:colcon.colcon_core.shell:Creating environment descriptor '/home/marcus/ros2_ws/install/xacro/share/xacro/hook/pythonscriptspath.dsv'
[1.091s] INFO:colcon.colcon_core.shell:Creating environment hook '/home/marcus/ros2_ws/install/xacro/share/xacro/hook/pythonscriptspath.sh'
[1.094s] INFO:colcon.colcon_core.shell:Creating package script '/home/marcus/ros2_ws/install/xacro/share/xacro/package.ps1'
[1.095s] INFO:colcon.colcon_core.shell:Creating package descriptor '/home/marcus/ros2_ws/install/xacro/share/xacro/package.dsv'
[1.096s] INFO:colcon.colcon_core.shell:Creating package script '/home/marcus/ros2_ws/install/xacro/share/xacro/package.sh'
[1.098s] INFO:colcon.colcon_core.shell:Creating package script '/home/marcus/ros2_ws/install/xacro/share/xacro/package.bash'
[1.098s] INFO:colcon.colcon_core.shell:Creating package script '/home/marcus/ros2_ws/install/xacro/share/xacro/package.zsh'
[1.099s] Level 1:colcon.colcon_core.environment:create_file_with_runtime_dependencies(/home/marcus/ros2_ws/install/xacro/share/colcon-core/packages/xacro)
[1.119s] Level 1:colcon.colcon_core.environment:create_environment_scripts_only(xacro)
[1.121s] Level 1:colcon.colcon_core.environment:checking '/home/marcus/ros2_ws/install/xacro' for CMake module files
[1.121s] Level 1:colcon.colcon_core.environment:checking '/home/marcus/ros2_ws/install/xacro' for CMake config files
[1.121s] Level 1:colcon.colcon_core.shell:create_environment_hook('xacro', 'cmake_prefix_path')
[1.122s] INFO:colcon.colcon_core.shell:Creating environment hook '/home/marcus/ros2_ws/install/xacro/share/xacro/hook/cmake_prefix_path.ps1'
[1.123s] INFO:colcon.colcon_core.shell:Creating environment descriptor '/home/marcus/ros2_ws/install/xacro/share/xacro/hook/cmake_prefix_path.dsv'
[1.123s] INFO:colcon.colcon_core.shell:Creating environment hook '/home/marcus/ros2_ws/install/xacro/share/xacro/hook/cmake_prefix_path.sh'
[1.124s] Level 1:colcon.colcon_core.environment:checking '/home/marcus/ros2_ws/install/xacro/lib'
[1.124s] Level 1:colcon.colcon_core.environment:checking '/home/marcus/ros2_ws/install/xacro/bin'
[1.124s] Level 1:colcon.colcon_core.shell:create_environment_hook('xacro', 'path')
[1.125s] INFO:colcon.colcon_core.shell:Creating environment hook '/home/marcus/ros2_ws/install/xacro/share/xacro/hook/path.ps1'
[1.125s] INFO:colcon.colcon_core.shell:Creating environment descriptor '/home/marcus/ros2_ws/install/xacro/share/xacro/hook/path.dsv'
[1.126s] INFO:colcon.colcon_core.shell:Creating environment hook '/home/marcus/ros2_ws/install/xacro/share/xacro/hook/path.sh'
[1.126s] Level 1:colcon.colcon_core.environment:checking '/home/marcus/ros2_ws/install/xacro/lib/pkgconfig/xacro.pc'
[1.126s] Level 1:colcon.colcon_core.environment:checking '/home/marcus/ros2_ws/install/xacro/lib/python3.10/site-packages'
[1.127s] Level 1:colcon.colcon_core.environment:checking '/home/marcus/ros2_ws/install/xacro/bin'
[1.127s] Level 1:colcon.colcon_core.shell:create_environment_hook('xacro', 'pythonscriptspath')
[1.128s] INFO:colcon.colcon_core.shell:Creating environment hook '/home/marcus/ros2_ws/install/xacro/share/xacro/hook/pythonscriptspath.ps1'
[1.128s] INFO:colcon.colcon_core.shell:Creating environment descriptor '/home/marcus/ros2_ws/install/xacro/share/xacro/hook/pythonscriptspath.dsv'
[1.128s] INFO:colcon.colcon_core.shell:Creating environment hook '/home/marcus/ros2_ws/install/xacro/share/xacro/hook/pythonscriptspath.sh'
[1.130s] INFO:colcon.colcon_core.shell:Creating package script '/home/marcus/ros2_ws/install/xacro/share/xacro/package.ps1'
[1.130s] INFO:colcon.colcon_core.shell:Creating package descriptor '/home/marcus/ros2_ws/install/xacro/share/xacro/package.dsv'
[1.131s] INFO:colcon.colcon_core.shell:Creating package script '/home/marcus/ros2_ws/install/xacro/share/xacro/package.sh'
[1.131s] INFO:colcon.colcon_core.shell:Creating package script '/home/marcus/ros2_ws/install/xacro/share/xacro/package.bash'
[1.132s] INFO:colcon.colcon_core.shell:Creating package script '/home/marcus/ros2_ws/install/xacro/share/xacro/package.zsh'
[1.132s] Level 1:colcon.colcon_core.environment:create_file_with_runtime_dependencies(/home/marcus/ros2_ws/install/xacro/share/colcon-core/packages/xacro)
[1.277s] Level 1:colcon.colcon_core.environment:checking '/home/marcus/ros2_ws/install/joint_state_publisher' for CMake module files
[1.277s] DEBUG:colcon.colcon_core.event_handler.log_command:Invoked command in '/home/marcus/ros2_ws/src/joint_state_publisher/joint_state_publisher' returned '0': PYTHONPATH=/home/marcus/ros2_ws/build/joint_state_publisher/prefix_override:/home/marcus/ros2_ws/install/joint_state_publisher/lib/python3.10/site-packages:${PYTHONPATH} /usr/bin/python3 setup.py egg_info --egg-base ../../../build/joint_state_publisher build --build-base /home/marcus/ros2_ws/build/joint_state_publisher/build install --record /home/marcus/ros2_ws/build/joint_state_publisher/install.log --single-version-externally-managed
[1.278s] Level 1:colcon.colcon_core.environment:checking '/home/marcus/ros2_ws/install/joint_state_publisher' for CMake config files
[1.278s] Level 1:colcon.colcon_core.environment:checking '/home/marcus/ros2_ws/install/joint_state_publisher/lib'
[1.278s] Level 1:colcon.colcon_core.environment:checking '/home/marcus/ros2_ws/install/joint_state_publisher/bin'
[1.279s] Level 1:colcon.colcon_core.environment:checking '/home/marcus/ros2_ws/install/joint_state_publisher/lib/pkgconfig/joint_state_publisher.pc'
[1.279s] Level 1:colcon.colcon_core.environment:checking '/home/marcus/ros2_ws/install/joint_state_publisher/lib/python3.10/site-packages'
[1.279s] Level 1:colcon.colcon_core.shell:create_environment_hook('joint_state_publisher', 'pythonpath')
[1.280s] INFO:colcon.colcon_core.shell:Creating environment hook '/home/marcus/ros2_ws/install/joint_state_publisher/share/joint_state_publisher/hook/pythonpath.ps1'
[1.281s] INFO:colcon.colcon_core.shell:Creating environment descriptor '/home/marcus/ros2_ws/install/joint_state_publisher/share/joint_state_publisher/hook/pythonpath.dsv'
[1.281s] INFO:colcon.colcon_core.shell:Creating environment hook '/home/marcus/ros2_ws/install/joint_state_publisher/share/joint_state_publisher/hook/pythonpath.sh'
[1.281s] Level 1:colcon.colcon_core.environment:checking '/home/marcus/ros2_ws/install/joint_state_publisher/bin'
[1.281s] Level 1:colcon.colcon_core.environment:create_environment_scripts_only(joint_state_publisher)
[1.283s] INFO:colcon.colcon_core.shell:Creating package script '/home/marcus/ros2_ws/install/joint_state_publisher/share/joint_state_publisher/package.ps1'
[1.283s] INFO:colcon.colcon_core.shell:Creating package descriptor '/home/marcus/ros2_ws/install/joint_state_publisher/share/joint_state_publisher/package.dsv'
[1.283s] INFO:colcon.colcon_core.shell:Creating package script '/home/marcus/ros2_ws/install/joint_state_publisher/share/joint_state_publisher/package.sh'
[1.284s] INFO:colcon.colcon_core.shell:Creating package script '/home/marcus/ros2_ws/install/joint_state_publisher/share/joint_state_publisher/package.bash'
[1.284s] INFO:colcon.colcon_core.shell:Creating package script '/home/marcus/ros2_ws/install/joint_state_publisher/share/joint_state_publisher/package.zsh'
[1.284s] Level 1:colcon.colcon_core.environment:create_file_with_runtime_dependencies(/home/marcus/ros2_ws/install/joint_state_publisher/share/colcon-core/packages/joint_state_publisher)
[1.285s] INFO:colcon.colcon_ros.task.ament_python.build:Building ROS package in '/home/marcus/ros2_ws/src/joint_state_publisher/joint_state_publisher_gui' with build type 'ament_python'
[1.285s] Level 1:colcon.colcon_core.shell:create_environment_hook('joint_state_publisher_gui', 'ament_prefix_path')
[1.286s] INFO:colcon.colcon_core.shell:Creating environment hook '/home/marcus/ros2_ws/install/joint_state_publisher_gui/share/joint_state_publisher_gui/hook/ament_prefix_path.ps1'
[1.287s] INFO:colcon.colcon_core.shell:Creating environment descriptor '/home/marcus/ros2_ws/install/joint_state_publisher_gui/share/joint_state_publisher_gui/hook/ament_prefix_path.dsv'
[1.287s] INFO:colcon.colcon_core.shell:Creating environment hook '/home/marcus/ros2_ws/install/joint_state_publisher_gui/share/joint_state_publisher_gui/hook/ament_prefix_path.sh'
[1.289s] INFO:colcon.colcon_core.shell:Skip shell extension 'powershell' for command environment: Not usable outside of PowerShell
[1.289s] DEBUG:colcon.colcon_core.shell:Skip shell extension 'dsv' for command environment
[1.531s] INFO:colcon.colcon_core.task.python.build:Building Python package in '/home/marcus/ros2_ws/src/joint_state_publisher/joint_state_publisher_gui'
[1.533s] INFO:colcon.colcon_core.shell:Skip shell extension 'powershell' for command environment: Not usable outside of PowerShell
[1.533s] DEBUG:colcon.colcon_core.shell:Skip shell extension 'dsv' for command environment
[1.848s] DEBUG:colcon.colcon_core.event_handler.log_command:Invoking command in '/home/marcus/ros2_ws/src/joint_state_publisher/joint_state_publisher_gui': AMENT_PREFIX_PATH=/home/marcus/ros2_ws/install/joint_state_publisher:/home/marcus/ros2_ws/install/urdf_tutorial:/home/marcus/ros2_ws/install/xacro:/home/marcus/ros2_ws/install/joint_state_publisher_gui:/opt/ros/humble PYTHONPATH=/home/marcus/ros2_ws/build/joint_state_publisher_gui/prefix_override:/home/marcus/ros2_ws/install/joint_state_publisher_gui/lib/python3.10/site-packages:/home/marcus/ros2_ws/install/joint_state_publisher/lib/python3.10/site-packages:/home/marcus/ros2_ws/install/xacro/local/lib/python3.10/dist-packages:/home/marcus/ros2_ws/install/joint_state_publisher_gui/lib/python3.10/site-packages:/opt/ros/humble/lib/python3.10/site-packages:/opt/ros/humble/local/lib/python3.10/dist-packages /usr/bin/python3 setup.py egg_info --egg-base ../../../build/joint_state_publisher_gui build --build-base /home/marcus/ros2_ws/build/joint_state_publisher_gui/build install --record /home/marcus/ros2_ws/build/joint_state_publisher_gui/install.log --single-version-externally-managed
[2.112s] Level 1:colcon.colcon_core.environment:checking '/home/marcus/ros2_ws/install/joint_state_publisher_gui' for CMake module files
[2.113s] DEBUG:colcon.colcon_core.event_handler.log_command:Invoked command in '/home/marcus/ros2_ws/src/joint_state_publisher/joint_state_publisher_gui' returned '0': AMENT_PREFIX_PATH=/home/marcus/ros2_ws/install/joint_state_publisher:/home/marcus/ros2_ws/install/urdf_tutorial:/home/marcus/ros2_ws/install/xacro:/home/marcus/ros2_ws/install/joint_state_publisher_gui:/opt/ros/humble PYTHONPATH=/home/marcus/ros2_ws/build/joint_state_publisher_gui/prefix_override:/home/marcus/ros2_ws/install/joint_state_publisher_gui/lib/python3.10/site-packages:/home/marcus/ros2_ws/install/joint_state_publisher/lib/python3.10/site-packages:/home/marcus/ros2_ws/install/xacro/local/lib/python3.10/dist-packages:/home/marcus/ros2_ws/install/joint_state_publisher_gui/lib/python3.10/site-packages:/opt/ros/humble/lib/python3.10/site-packages:/opt/ros/humble/local/lib/python3.10/dist-packages /usr/bin/python3 setup.py egg_info --egg-base ../../../build/joint_state_publisher_gui build --build-base /home/marcus/ros2_ws/build/joint_state_publisher_gui/build install --record /home/marcus/ros2_ws/build/joint_state_publisher_gui/install.log --single-version-externally-managed
[2.113s] Level 1:colcon.colcon_core.environment:checking '/home/marcus/ros2_ws/install/joint_state_publisher_gui' for CMake config files
[2.114s] Level 1:colcon.colcon_core.environment:checking '/home/marcus/ros2_ws/install/joint_state_publisher_gui/lib'
[2.114s] Level 1:colcon.colcon_core.environment:checking '/home/marcus/ros2_ws/install/joint_state_publisher_gui/bin'
[2.114s] Level 1:colcon.colcon_core.environment:checking '/home/marcus/ros2_ws/install/joint_state_publisher_gui/lib/pkgconfig/joint_state_publisher_gui.pc'
[2.114s] Level 1:colcon.colcon_core.environment:checking '/home/marcus/ros2_ws/install/joint_state_publisher_gui/lib/python3.10/site-packages'
[2.114s] Level 1:colcon.colcon_core.shell:create_environment_hook('joint_state_publisher_gui', 'pythonpath')
[2.115s] INFO:colcon.colcon_core.shell:Creating environment hook '/home/marcus/ros2_ws/install/joint_state_publisher_gui/share/joint_state_publisher_gui/hook/pythonpath.ps1'
[2.116s] INFO:colcon.colcon_core.shell:Creating environment descriptor '/home/marcus/ros2_ws/install/joint_state_publisher_gui/share/joint_state_publisher_gui/hook/pythonpath.dsv'
[2.116s] INFO:colcon.colcon_core.shell:Creating environment hook '/home/marcus/ros2_ws/install/joint_state_publisher_gui/share/joint_state_publisher_gui/hook/pythonpath.sh'
[2.117s] Level 1:colcon.colcon_core.environment:checking '/home/marcus/ros2_ws/install/joint_state_publisher_gui/bin'
[2.117s] Level 1:colcon.colcon_core.environment:create_environment_scripts_only(joint_state_publisher_gui)
[2.118s] INFO:colcon.colcon_core.shell:Creating package script '/home/marcus/ros2_ws/install/joint_state_publisher_gui/share/joint_state_publisher_gui/package.ps1'
[2.119s] INFO:colcon.colcon_core.shell:Creating package descriptor '/home/marcus/ros2_ws/install/joint_state_publisher_gui/share/joint_state_publisher_gui/package.dsv'
[2.119s] INFO:colcon.colcon_core.shell:Creating package script '/home/marcus/ros2_ws/install/joint_state_publisher_gui/share/joint_state_publisher_gui/package.sh'
[2.119s] INFO:colcon.colcon_core.shell:Creating package script '/home/marcus/ros2_ws/install/joint_state_publisher_gui/share/joint_state_publisher_gui/package.bash'
[2.120s] INFO:colcon.colcon_core.shell:Creating package script '/home/marcus/ros2_ws/install/joint_state_publisher_gui/share/joint_state_publisher_gui/package.zsh'
[2.120s] Level 1:colcon.colcon_core.environment:create_file_with_runtime_dependencies(/home/marcus/ros2_ws/install/joint_state_publisher_gui/share/colcon-core/packages/joint_state_publisher_gui)
[2.120s] INFO:colcon.colcon_ros.task.ament_cmake.build:Building ROS package in '/home/marcus/ros2_ws/src/urdf_tutorial' with build type 'ament_cmake'
[2.120s] INFO:colcon.colcon_cmake.task.cmake.build:Building CMake package in '/home/marcus/ros2_ws/src/urdf_tutorial'
[2.122s] INFO:colcon.colcon_core.shell:Skip shell extension 'powershell' for command environment: Not usable outside of PowerShell
[2.122s] DEBUG:colcon.colcon_core.shell:Skip shell extension 'dsv' for command environment
[2.133s] DEBUG:colcon.colcon_core.event_handler.log_command:Invoking command in '/home/marcus/ros2_ws/build/urdf_tutorial': AMENT_PREFIX_PATH=/home/marcus/ros2_ws/install/joint_state_publisher_gui:/home/marcus/ros2_ws/install/joint_state_publisher:/home/marcus/ros2_ws/install/urdf_tutorial:/home/marcus/ros2_ws/install/xacro:/opt/ros/humble CMAKE_PREFIX_PATH=/home/marcus/ros2_ws/install/xacro:/home/marcus/ros2_ws/install/urdf_tutorial:/home/marcus/ros2_ws/install/joint_state_publisher_gui:/home/marcus/ros2_ws/install/joint_state_publisher:/opt/ros/humble PYTHONPATH=/home/marcus/ros2_ws/install/joint_state_publisher_gui/lib/python3.10/site-packages:/home/marcus/ros2_ws/install/joint_state_publisher/lib/python3.10/site-packages:/home/marcus/ros2_ws/install/xacro/local/lib/python3.10/dist-packages:/opt/ros/humble/lib/python3.10/site-packages:/opt/ros/humble/local/lib/python3.10/dist-packages /usr/bin/cmake --build /home/marcus/ros2_ws/build/urdf_tutorial -- -j8 -l8
[2.162s] DEBUG:colcon.colcon_core.event_handler.log_command:Invoked command in '/home/marcus/ros2_ws/build/urdf_tutorial' returned '0': AMENT_PREFIX_PATH=/home/marcus/ros2_ws/install/joint_state_publisher_gui:/home/marcus/ros2_ws/install/joint_state_publisher:/home/marcus/ros2_ws/install/urdf_tutorial:/home/marcus/ros2_ws/install/xacro:/opt/ros/humble CMAKE_PREFIX_PATH=/home/marcus/ros2_ws/install/xacro:/home/marcus/ros2_ws/install/urdf_tutorial:/home/marcus/ros2_ws/install/joint_state_publisher_gui:/home/marcus/ros2_ws/install/joint_state_publisher:/opt/ros/humble PYTHONPATH=/home/marcus/ros2_ws/install/joint_state_publisher_gui/lib/python3.10/site-packages:/home/marcus/ros2_ws/install/joint_state_publisher/lib/python3.10/site-packages:/home/marcus/ros2_ws/install/xacro/local/lib/python3.10/dist-packages:/opt/ros/humble/lib/python3.10/site-packages:/opt/ros/humble/local/lib/python3.10/dist-packages /usr/bin/cmake --build /home/marcus/ros2_ws/build/urdf_tutorial -- -j8 -l8
[2.181s] DEBUG:colcon.colcon_core.event_handler.log_command:Invoking command in '/home/marcus/ros2_ws/build/urdf_tutorial': AMENT_PREFIX_PATH=/home/marcus/ros2_ws/install/joint_state_publisher_gui:/home/marcus/ros2_ws/install/joint_state_publisher:/home/marcus/ros2_ws/install/urdf_tutorial:/home/marcus/ros2_ws/install/xacro:/opt/ros/humble CMAKE_PREFIX_PATH=/home/marcus/ros2_ws/install/xacro:/home/marcus/ros2_ws/install/urdf_tutorial:/home/marcus/ros2_ws/install/joint_state_publisher_gui:/home/marcus/ros2_ws/install/joint_state_publisher:/opt/ros/humble PYTHONPATH=/home/marcus/ros2_ws/install/joint_state_publisher_gui/lib/python3.10/site-packages:/home/marcus/ros2_ws/install/joint_state_publisher/lib/python3.10/site-packages:/home/marcus/ros2_ws/install/xacro/local/lib/python3.10/dist-packages:/opt/ros/humble/lib/python3.10/site-packages:/opt/ros/humble/local/lib/python3.10/dist-packages /usr/bin/cmake --install /home/marcus/ros2_ws/build/urdf_tutorial
[2.190s] Level 1:colcon.colcon_core.environment:create_environment_scripts_only(urdf_tutorial)
[2.192s] Level 1:colcon.colcon_core.environment:checking '/home/marcus/ros2_ws/install/urdf_tutorial' for CMake module files
[2.194s] Level 1:colcon.colcon_core.environment:checking '/home/marcus/ros2_ws/install/urdf_tutorial' for CMake config files
[2.195s] DEBUG:colcon.colcon_core.event_handler.log_command:Invoked command in '/home/marcus/ros2_ws/build/urdf_tutorial' returned '0': AMENT_PREFIX_PATH=/home/marcus/ros2_ws/install/joint_state_publisher_gui:/home/marcus/ros2_ws/install/joint_state_publisher:/home/marcus/ros2_ws/install/urdf_tutorial:/home/marcus/ros2_ws/install/xacro:/opt/ros/humble CMAKE_PREFIX_PATH=/home/marcus/ros2_ws/install/xacro:/home/marcus/ros2_ws/install/urdf_tutorial:/home/marcus/ros2_ws/install/joint_state_publisher_gui:/home/marcus/ros2_ws/install/joint_state_publisher:/opt/ros/humble PYTHONPATH=/home/marcus/ros2_ws/install/joint_state_publisher_gui/lib/python3.10/site-packages:/home/marcus/ros2_ws/install/joint_state_publisher/lib/python3.10/site-packages:/home/marcus/ros2_ws/install/xacro/local/lib/python3.10/dist-packages:/opt/ros/humble/lib/python3.10/site-packages:/opt/ros/humble/local/lib/python3.10/dist-packages /usr/bin/cmake --install /home/marcus/ros2_ws/build/urdf_tutorial
[2.195s] Level 1:colcon.colcon_core.shell:create_environment_hook('urdf_tutorial', 'cmake_prefix_path')
[2.196s] INFO:colcon.colcon_core.shell:Creating environment hook '/home/marcus/ros2_ws/install/urdf_tutorial/share/urdf_tutorial/hook/cmake_prefix_path.ps1'
[2.197s] INFO:colcon.colcon_core.shell:Creating environment descriptor '/home/marcus/ros2_ws/install/urdf_tutorial/share/urdf_tutorial/hook/cmake_prefix_path.dsv'
[2.197s] INFO:colcon.colcon_core.shell:Creating environment hook '/home/marcus/ros2_ws/install/urdf_tutorial/share/urdf_tutorial/hook/cmake_prefix_path.sh'
[2.198s] Level 1:colcon.colcon_core.environment:checking '/home/marcus/ros2_ws/install/urdf_tutorial/bin'
[2.198s] Level 1:colcon.colcon_core.environment:checking '/home/marcus/ros2_ws/install/urdf_tutorial/lib/pkgconfig/urdf_tutorial.pc'
[2.198s] Level 1:colcon.colcon_core.environment:checking '/home/marcus/ros2_ws/install/urdf_tutorial/lib/python3.10/site-packages'
[2.198s] Level 1:colcon.colcon_core.environment:checking '/home/marcus/ros2_ws/install/urdf_tutorial/bin'
[2.199s] INFO:colcon.colcon_core.shell:Creating package script '/home/marcus/ros2_ws/install/urdf_tutorial/share/urdf_tutorial/package.ps1'
[2.200s] INFO:colcon.colcon_core.shell:Creating package descriptor '/home/marcus/ros2_ws/install/urdf_tutorial/share/urdf_tutorial/package.dsv'
[2.200s] INFO:colcon.colcon_core.shell:Creating package script '/home/marcus/ros2_ws/install/urdf_tutorial/share/urdf_tutorial/package.sh'
[2.200s] INFO:colcon.colcon_core.shell:Creating package script '/home/marcus/ros2_ws/install/urdf_tutorial/share/urdf_tutorial/package.bash'
[2.201s] INFO:colcon.colcon_core.shell:Creating package script '/home/marcus/ros2_ws/install/urdf_tutorial/share/urdf_tutorial/package.zsh'
[2.201s] Level 1:colcon.colcon_core.environment:create_file_with_runtime_dependencies(/home/marcus/ros2_ws/install/urdf_tutorial/share/colcon-core/packages/urdf_tutorial)
[2.221s] Level 1:colcon.colcon_core.environment:create_environment_scripts_only(urdf_tutorial)
[2.222s] Level 1:colcon.colcon_core.environment:checking '/home/marcus/ros2_ws/install/urdf_tutorial' for CMake module files
[2.223s] Level 1:colcon.colcon_core.environment:checking '/home/marcus/ros2_ws/install/urdf_tutorial' for CMake config files
[2.223s] Level 1:colcon.colcon_core.shell:create_environment_hook('urdf_tutorial', 'cmake_prefix_path')
[2.224s] INFO:colcon.colcon_core.shell:Creating environment hook '/home/marcus/ros2_ws/install/urdf_tutorial/share/urdf_tutorial/hook/cmake_prefix_path.ps1'
[2.225s] INFO:colcon.colcon_core.shell:Creating environment descriptor '/home/marcus/ros2_ws/install/urdf_tutorial/share/urdf_tutorial/hook/cmake_prefix_path.dsv'
[2.225s] INFO:colcon.colcon_core.shell:Creating environment hook '/home/marcus/ros2_ws/install/urdf_tutorial/share/urdf_tutorial/hook/cmake_prefix_path.sh'
[2.225s] Level 1:colcon.colcon_core.environment:checking '/home/marcus/ros2_ws/install/urdf_tutorial/bin'
[2.226s] Level 1:colcon.colcon_core.environment:checking '/home/marcus/ros2_ws/install/urdf_tutorial/lib/pkgconfig/urdf_tutorial.pc'
[2.226s] Level 1:colcon.colcon_core.environment:checking '/home/marcus/ros2_ws/install/urdf_tutorial/lib/python3.10/site-packages'
[2.226s] Level 1:colcon.colcon_core.environment:checking '/home/marcus/ros2_ws/install/urdf_tutorial/bin'
[2.227s] INFO:colcon.colcon_core.shell:Creating package script '/home/marcus/ros2_ws/install/urdf_tutorial/share/urdf_tutorial/package.ps1'
[2.228s] INFO:colcon.colcon_core.shell:Creating package descriptor '/home/marcus/ros2_ws/install/urdf_tutorial/share/urdf_tutorial/package.dsv'
[2.228s] INFO:colcon.colcon_core.shell:Creating package script '/home/marcus/ros2_ws/install/urdf_tutorial/share/urdf_tutorial/package.sh'
[2.229s] INFO:colcon.colcon_core.shell:Creating package script '/home/marcus/ros2_ws/install/urdf_tutorial/share/urdf_tutorial/package.bash'
[2.229s] INFO:colcon.colcon_core.shell:Creating package script '/home/marcus/ros2_ws/install/urdf_tutorial/share/urdf_tutorial/package.zsh'
[2.229s] Level 1:colcon.colcon_core.environment:create_file_with_runtime_dependencies(/home/marcus/ros2_ws/install/urdf_tutorial/share/colcon-core/packages/urdf_tutorial)
[2.230s] DEBUG:colcon.colcon_parallel_executor.executor.parallel:closing loop
[2.230s] DEBUG:colcon.colcon_parallel_executor.executor.parallel:loop closed
[2.230s] DEBUG:colcon.colcon_parallel_executor.executor.parallel:run_until_complete finished with '0'
[2.230s] DEBUG:colcon.colcon_core.event_reactor:joining thread
[2.236s] INFO:colcon.colcon_core.plugin_system:Skipping extension 'colcon_notification.desktop_notification.terminal_notifier': Not used on non-Darwin systems
[2.236s] INFO:colcon.colcon_core.plugin_system:Skipping extension 'colcon_notification.desktop_notification.win32': Not used on non-Windows systems
[2.236s] INFO:colcon.colcon_notification.desktop_notification:Sending desktop notification using 'notify2'
[2.248s] DEBUG:colcon.colcon_core.event_reactor:joined thread
[2.250s] INFO:colcon.colcon_core.shell:Creating prefix script '/home/marcus/ros2_ws/install/local_setup.ps1'
[2.251s] INFO:colcon.colcon_core.shell:Creating prefix util module '/home/marcus/ros2_ws/install/_local_setup_util_ps1.py'
[2.252s] INFO:colcon.colcon_core.shell:Creating prefix chain script '/home/marcus/ros2_ws/install/setup.ps1'
[2.254s] INFO:colcon.colcon_core.shell:Creating prefix script '/home/marcus/ros2_ws/install/local_setup.sh'
[2.254s] INFO:colcon.colcon_core.shell:Creating prefix util module '/home/marcus/ros2_ws/install/_local_setup_util_sh.py'
[2.255s] INFO:colcon.colcon_core.shell:Creating prefix chain script '/home/marcus/ros2_ws/install/setup.sh'
[2.256s] INFO:colcon.colcon_core.shell:Creating prefix script '/home/marcus/ros2_ws/install/local_setup.bash'
[2.257s] INFO:colcon.colcon_core.shell:Creating prefix chain script '/home/marcus/ros2_ws/install/setup.bash'
[2.258s] INFO:colcon.colcon_core.shell:Creating prefix script '/home/marcus/ros2_ws/install/local_setup.zsh'
[2.258s] INFO:colcon.colcon_core.shell:Creating prefix chain script '/home/marcus/ros2_ws/install/setup.zsh'
