[1.372s] Invoking command in '/home/marcus/ros2_ws/src/joint_state_publisher/joint_state_publisher': PYTHONPATH=/home/marcus/ros2_ws/build/joint_state_publisher/prefix_override:/home/marcus/ros2_ws/install/joint_state_publisher/lib/python3.10/site-packages:${PYTHONPATH} /usr/bin/python3 setup.py egg_info --egg-base ../../../build/joint_state_publisher build --build-base /home/marcus/ros2_ws/build/joint_state_publisher/build install --record /home/marcus/ros2_ws/build/joint_state_publisher/install.log --single-version-externally-managed
[1.904s] running egg_info
[1.905s] writing ../../../build/joint_state_publisher/joint_state_publisher.egg-info/PKG-INFO
[1.905s] writing dependency_links to ../../../build/joint_state_publisher/joint_state_publisher.egg-info/dependency_links.txt
[1.905s] writing entry points to ../../../build/joint_state_publisher/joint_state_publisher.egg-info/entry_points.txt
[1.905s] writing requirements to ../../../build/joint_state_publisher/joint_state_publisher.egg-info/requires.txt
[1.905s] writing top-level names to ../../../build/joint_state_publisher/joint_state_publisher.egg-info/top_level.txt
[1.907s] reading manifest file '../../../build/joint_state_publisher/joint_state_publisher.egg-info/SOURCES.txt'
[1.907s] adding license file 'LICENSE'
[1.908s] writing manifest file '../../../build/joint_state_publisher/joint_state_publisher.egg-info/SOURCES.txt'
[1.908s] running build
[1.908s] running build_py
[1.908s] running install
[1.908s] running install_lib
[1.911s] running install_data
[1.912s] running install_egg_info
[1.915s] removing '/home/marcus/ros2_ws/install/joint_state_publisher/lib/python3.10/site-packages/joint_state_publisher-2.3.0-py3.10.egg-info' (and everything under it)
[1.916s] Copying ../../../build/joint_state_publisher/joint_state_publisher.egg-info to /home/marcus/ros2_ws/install/joint_state_publisher/lib/python3.10/site-packages/joint_state_publisher-2.3.0-py3.10.egg-info
[1.916s] running install_scripts
[1.955s] Installing joint_state_publisher script to /home/marcus/ros2_ws/install/joint_state_publisher/lib/joint_state_publisher
[1.955s] writing list of installed files to '/home/marcus/ros2_ws/build/joint_state_publisher/install.log'
[1.982s] Invoked command in '/home/marcus/ros2_ws/src/joint_state_publisher/joint_state_publisher' returned '0': PYTHONPATH=/home/marcus/ros2_ws/build/joint_state_publisher/prefix_override:/home/marcus/ros2_ws/install/joint_state_publisher/lib/python3.10/site-packages:${PYTHONPATH} /usr/bin/python3 setup.py egg_info --egg-base ../../../build/joint_state_publisher build --build-base /home/marcus/ros2_ws/build/joint_state_publisher/build install --record /home/marcus/ros2_ws/build/joint_state_publisher/install.log --single-version-externally-managed
