[0.258s] Invoking command in '/home/marcus/ros2_ws/build/xacro': CMAKE_PREFIX_PATH=${CMAKE_PREFIX_PATH}:/home/marcus/ros2_ws/install/joint_state_publisher_gui:/home/marcus/ros2_ws/install/joint_state_publisher:/opt/ros/humble /usr/bin/cmake --build /home/marcus/ros2_ws/build/xacro -- -j8 -l8
[0.302s] Built target ament_cmake_python_copy_xacro_setup
[0.303s] Built target ament_cmake_python_copy_xacro
[0.551s] running install_scripts
[0.551s] running egg_info
[0.552s] writing xacro.egg-info/PKG-INFO
[0.553s] writing dependency_links to xacro.egg-info/dependency_links.txt
[0.553s] writing entry points to xacro.egg-info/entry_points.txt
[0.553s] writing top-level names to xacro.egg-info/top_level.txt
[0.555s] reading manifest file 'xacro.egg-info/SOURCES.txt'
[0.555s] writing manifest file 'xacro.egg-info/SOURCES.txt'
[0.573s] running egg_info
[0.574s] writing xacro.egg-info/PKG-INFO
[0.574s] writing dependency_links to xacro.egg-info/dependency_links.txt
[0.574s] writing entry points to xacro.egg-info/entry_points.txt
[0.574s] writing top-level names to xacro.egg-info/top_level.txt
[0.576s] reading manifest file 'xacro.egg-info/SOURCES.txt'
[0.577s] writing manifest file 'xacro.egg-info/SOURCES.txt'
[0.578s] Installing xacro script to scripts
[0.579s] Built target ament_cmake_python_build_xacro_egg
[0.609s] Built target ament_cmake_python_build_xacro_scripts
[0.615s] Invoked command in '/home/marcus/ros2_ws/build/xacro' returned '0': CMAKE_PREFIX_PATH=${CMAKE_PREFIX_PATH}:/home/marcus/ros2_ws/install/joint_state_publisher_gui:/home/marcus/ros2_ws/install/joint_state_publisher:/opt/ros/humble /usr/bin/cmake --build /home/marcus/ros2_ws/build/xacro -- -j8 -l8
[0.642s] Invoking command in '/home/marcus/ros2_ws/build/xacro': CMAKE_PREFIX_PATH=${CMAKE_PREFIX_PATH}:/home/marcus/ros2_ws/install/joint_state_publisher_gui:/home/marcus/ros2_ws/install/joint_state_publisher:/opt/ros/humble /usr/bin/cmake --install /home/marcus/ros2_ws/build/xacro
[0.647s] -- Install configuration: ""
[0.647s] -- Up-to-date: /home/marcus/ros2_ws/install/xacro/share/xacro/environment/completion.bash
[0.647s] -- Up-to-date: /home/marcus/ros2_ws/install/xacro/share/xacro/environment/pythonpath.sh
[0.647s] -- Up-to-date: /home/marcus/ros2_ws/install/xacro/share/xacro/environment/pythonpath.dsv
[0.647s] -- Up-to-date: /home/marcus/ros2_ws/install/xacro/local/lib/python3.10/dist-packages/xacro-2.0.9-py3.10.egg-info
[0.647s] -- Installing: /home/marcus/ros2_ws/install/xacro/local/lib/python3.10/dist-packages/xacro-2.0.9-py3.10.egg-info/top_level.txt
[0.648s] -- Installing: /home/marcus/ros2_ws/install/xacro/local/lib/python3.10/dist-packages/xacro-2.0.9-py3.10.egg-info/entry_points.txt
[0.648s] -- Installing: /home/marcus/ros2_ws/install/xacro/local/lib/python3.10/dist-packages/xacro-2.0.9-py3.10.egg-info/dependency_links.txt
[0.648s] -- Installing: /home/marcus/ros2_ws/install/xacro/local/lib/python3.10/dist-packages/xacro-2.0.9-py3.10.egg-info/SOURCES.txt
[0.648s] -- Installing: /home/marcus/ros2_ws/install/xacro/local/lib/python3.10/dist-packages/xacro-2.0.9-py3.10.egg-info/PKG-INFO
[0.648s] -- Up-to-date: /home/marcus/ros2_ws/install/xacro/lib/xacro/
[0.648s] -- Installing: /home/marcus/ros2_ws/install/xacro/lib/xacro//xacro
[0.648s] -- Up-to-date: /home/marcus/ros2_ws/install/xacro/local/lib/python3.10/dist-packages/xacro
[0.648s] -- Up-to-date: /home/marcus/ros2_ws/install/xacro/local/lib/python3.10/dist-packages/xacro/xmlutils.py
[0.648s] -- Up-to-date: /home/marcus/ros2_ws/install/xacro/local/lib/python3.10/dist-packages/xacro/cli.py
[0.648s] -- Up-to-date: /home/marcus/ros2_ws/install/xacro/local/lib/python3.10/dist-packages/xacro/substitution_args.py
[0.648s] -- Up-to-date: /home/marcus/ros2_ws/install/xacro/local/lib/python3.10/dist-packages/xacro/color.py
[0.648s] -- Up-to-date: /home/marcus/ros2_ws/install/xacro/local/lib/python3.10/dist-packages/xacro/__init__.py
[0.677s] Listing '/home/marcus/ros2_ws/install/xacro/local/lib/python3.10/dist-packages/xacro'...
[0.682s] -- Up-to-date: /home/marcus/ros2_ws/install/xacro/bin/
[0.682s] -- Installing: /home/marcus/ros2_ws/install/xacro/bin//xacro
[0.682s] -- Up-to-date: /home/marcus/ros2_ws/install/xacro/share/ament_index/resource_index/package_run_dependencies/xacro
[0.682s] -- Up-to-date: /home/marcus/ros2_ws/install/xacro/share/ament_index/resource_index/parent_prefix_path/xacro
[0.682s] -- Up-to-date: /home/marcus/ros2_ws/install/xacro/share/xacro/environment/ament_prefix_path.sh
[0.683s] -- Up-to-date: /home/marcus/ros2_ws/install/xacro/share/xacro/environment/ament_prefix_path.dsv
[0.683s] -- Up-to-date: /home/marcus/ros2_ws/install/xacro/share/xacro/environment/path.sh
[0.683s] -- Up-to-date: /home/marcus/ros2_ws/install/xacro/share/xacro/environment/path.dsv
[0.683s] -- Up-to-date: /home/marcus/ros2_ws/install/xacro/share/xacro/local_setup.bash
[0.683s] -- Up-to-date: /home/marcus/ros2_ws/install/xacro/share/xacro/local_setup.sh
[0.683s] -- Up-to-date: /home/marcus/ros2_ws/install/xacro/share/xacro/local_setup.zsh
[0.683s] -- Up-to-date: /home/marcus/ros2_ws/install/xacro/share/xacro/local_setup.dsv
[0.683s] -- Installing: /home/marcus/ros2_ws/install/xacro/share/xacro/package.dsv
[0.683s] -- Up-to-date: /home/marcus/ros2_ws/install/xacro/share/ament_index/resource_index/packages/xacro
[0.683s] -- Up-to-date: /home/marcus/ros2_ws/install/xacro/share/xacro/cmake/xacro-extras.cmake
[0.683s] -- Up-to-date: /home/marcus/ros2_ws/install/xacro/share/xacro/cmake/xacroConfig.cmake
[0.683s] -- Up-to-date: /home/marcus/ros2_ws/install/xacro/share/xacro/cmake/xacroConfig-version.cmake
[0.683s] -- Up-to-date: /home/marcus/ros2_ws/install/xacro/share/xacro/package.xml
[0.685s] Invoked command in '/home/marcus/ros2_ws/build/xacro' returned '0': CMAKE_PREFIX_PATH=${CMAKE_PREFIX_PATH}:/home/marcus/ros2_ws/install/joint_state_publisher_gui:/home/marcus/ros2_ws/install/joint_state_publisher:/opt/ros/humble /usr/bin/cmake --install /home/marcus/ros2_ws/build/xacro
