[0.557s] Invoking command in '/home/marcus/ros2_ws/src/joint_state_publisher/joint_state_publisher_gui': AMENT_PREFIX_PATH=/home/marcus/ros2_ws/install/joint_state_publisher:${AMENT_PREFIX_PATH} PYTHONPATH=/home/marcus/ros2_ws/build/joint_state_publisher_gui/prefix_override:/home/marcus/ros2_ws/install/joint_state_publisher_gui/lib/python3.10/site-packages:/home/marcus/ros2_ws/install/joint_state_publisher/lib/python3.10/site-packages:${PYTHONPATH} /usr/bin/python3 setup.py egg_info --egg-base ../../../build/joint_state_publisher_gui build --build-base /home/marcus/ros2_ws/build/joint_state_publisher_gui/build install --record /home/marcus/ros2_ws/build/joint_state_publisher_gui/install.log --single-version-externally-managed
[0.764s] running egg_info
[0.764s] writing ../../../build/joint_state_publisher_gui/joint_state_publisher_gui.egg-info/PKG-INFO
[0.764s] writing dependency_links to ../../../build/joint_state_publisher_gui/joint_state_publisher_gui.egg-info/dependency_links.txt
[0.765s] writing entry points to ../../../build/joint_state_publisher_gui/joint_state_publisher_gui.egg-info/entry_points.txt
[0.765s] writing requirements to ../../../build/joint_state_publisher_gui/joint_state_publisher_gui.egg-info/requires.txt
[0.765s] writing top-level names to ../../../build/joint_state_publisher_gui/joint_state_publisher_gui.egg-info/top_level.txt
[0.766s] reading manifest file '../../../build/joint_state_publisher_gui/joint_state_publisher_gui.egg-info/SOURCES.txt'
[0.767s] adding license file 'LICENSE'
[0.767s] writing manifest file '../../../build/joint_state_publisher_gui/joint_state_publisher_gui.egg-info/SOURCES.txt'
[0.768s] running build
[0.768s] running build_py
[0.768s] running install
[0.768s] /usr/lib/python3/dist-packages/setuptools/command/install.py:34: SetuptoolsDeprecationWarning: setup.py install is deprecated. Use build and pip and other standards-based tools.
[0.768s]   warnings.warn(
[0.768s] running install_lib
[0.769s] running install_data
[0.770s] running install_egg_info
[0.771s] removing '/home/marcus/ros2_ws/install/joint_state_publisher_gui/lib/python3.10/site-packages/joint_state_publisher_gui-2.3.0-py3.10.egg-info' (and everything under it)
[0.771s] Copying ../../../build/joint_state_publisher_gui/joint_state_publisher_gui.egg-info to /home/marcus/ros2_ws/install/joint_state_publisher_gui/lib/python3.10/site-packages/joint_state_publisher_gui-2.3.0-py3.10.egg-info
[0.772s] running install_scripts
[0.791s] Installing joint_state_publisher_gui script to /home/marcus/ros2_ws/install/joint_state_publisher_gui/lib/joint_state_publisher_gui
[0.791s] writing list of installed files to '/home/marcus/ros2_ws/build/joint_state_publisher_gui/install.log'
[0.814s] Invoked command in '/home/marcus/ros2_ws/src/joint_state_publisher/joint_state_publisher_gui' returned '0': AMENT_PREFIX_PATH=/home/marcus/ros2_ws/install/joint_state_publisher:${AMENT_PREFIX_PATH} PYTHONPATH=/home/marcus/ros2_ws/build/joint_state_publisher_gui/prefix_override:/home/marcus/ros2_ws/install/joint_state_publisher_gui/lib/python3.10/site-packages:/home/marcus/ros2_ws/install/joint_state_publisher/lib/python3.10/site-packages:${PYTHONPATH} /usr/bin/python3 setup.py egg_info --egg-base ../../../build/joint_state_publisher_gui build --build-base /home/marcus/ros2_ws/build/joint_state_publisher_gui/build install --record /home/marcus/ros2_ws/build/joint_state_publisher_gui/install.log --single-version-externally-managed
