[0.572s] Invoking command in '/home/marcus/ros2_ws/src/joint_state_publisher/joint_state_publisher_gui': AMENT_PREFIX_PATH=/home/marcus/ros2_ws/install/joint_state_publisher:${AMENT_PREFIX_PATH} PYTHONPATH=/home/marcus/ros2_ws/build/joint_state_publisher_gui/prefix_override:/home/marcus/ros2_ws/install/joint_state_publisher_gui/lib/python3.10/site-packages:/home/marcus/ros2_ws/install/joint_state_publisher/lib/python3.10/site-packages:${PYTHONPATH} /usr/bin/python3 setup.py egg_info --egg-base ../../../build/joint_state_publisher_gui build --build-base /home/marcus/ros2_ws/build/joint_state_publisher_gui/build install --record /home/marcus/ros2_ws/build/joint_state_publisher_gui/install.log --single-version-externally-managed
[0.794s] running egg_info
[0.795s] creating ../../../build/joint_state_publisher_gui/joint_state_publisher_gui.egg-info
[0.795s] writing ../../../build/joint_state_publisher_gui/joint_state_publisher_gui.egg-info/PKG-INFO
[0.795s] writing dependency_links to ../../../build/joint_state_publisher_gui/joint_state_publisher_gui.egg-info/dependency_links.txt
[0.796s] writing entry points to ../../../build/joint_state_publisher_gui/joint_state_publisher_gui.egg-info/entry_points.txt
[0.796s] writing requirements to ../../../build/joint_state_publisher_gui/joint_state_publisher_gui.egg-info/requires.txt
[0.796s] writing top-level names to ../../../build/joint_state_publisher_gui/joint_state_publisher_gui.egg-info/top_level.txt
[0.796s] writing manifest file '../../../build/joint_state_publisher_gui/joint_state_publisher_gui.egg-info/SOURCES.txt'
[0.798s] reading manifest file '../../../build/joint_state_publisher_gui/joint_state_publisher_gui.egg-info/SOURCES.txt'
[0.798s] adding license file 'LICENSE'
[0.799s] writing manifest file '../../../build/joint_state_publisher_gui/joint_state_publisher_gui.egg-info/SOURCES.txt'
[0.799s] running build
[0.799s] running build_py
[0.799s] creating /home/marcus/ros2_ws/build/joint_state_publisher_gui/build
[0.799s] creating /home/marcus/ros2_ws/build/joint_state_publisher_gui/build/lib
[0.800s] creating /home/marcus/ros2_ws/build/joint_state_publisher_gui/build/lib/joint_state_publisher_gui
[0.800s] copying joint_state_publisher_gui/flow_layout.py -> /home/marcus/ros2_ws/build/joint_state_publisher_gui/build/lib/joint_state_publisher_gui
[0.800s] copying joint_state_publisher_gui/joint_state_publisher_gui.py -> /home/marcus/ros2_ws/build/joint_state_publisher_gui/build/lib/joint_state_publisher_gui
[0.800s] copying joint_state_publisher_gui/__init__.py -> /home/marcus/ros2_ws/build/joint_state_publisher_gui/build/lib/joint_state_publisher_gui
[0.800s] running install
[0.800s] /usr/lib/python3/dist-packages/setuptools/command/install.py:34: SetuptoolsDeprecationWarning: setup.py install is deprecated. Use build and pip and other standards-based tools.
[0.801s]   warnings.warn(
[0.801s] running install_lib
[0.801s] creating /home/marcus/ros2_ws/install/joint_state_publisher_gui/lib/python3.10/site-packages/joint_state_publisher_gui
[0.801s] copying /home/marcus/ros2_ws/build/joint_state_publisher_gui/build/lib/joint_state_publisher_gui/flow_layout.py -> /home/marcus/ros2_ws/install/joint_state_publisher_gui/lib/python3.10/site-packages/joint_state_publisher_gui
[0.802s] copying /home/marcus/ros2_ws/build/joint_state_publisher_gui/build/lib/joint_state_publisher_gui/joint_state_publisher_gui.py -> /home/marcus/ros2_ws/install/joint_state_publisher_gui/lib/python3.10/site-packages/joint_state_publisher_gui
[0.802s] copying /home/marcus/ros2_ws/build/joint_state_publisher_gui/build/lib/joint_state_publisher_gui/__init__.py -> /home/marcus/ros2_ws/install/joint_state_publisher_gui/lib/python3.10/site-packages/joint_state_publisher_gui
[0.802s] byte-compiling /home/marcus/ros2_ws/install/joint_state_publisher_gui/lib/python3.10/site-packages/joint_state_publisher_gui/flow_layout.py to flow_layout.cpython-310.pyc
[0.803s] byte-compiling /home/marcus/ros2_ws/install/joint_state_publisher_gui/lib/python3.10/site-packages/joint_state_publisher_gui/joint_state_publisher_gui.py to joint_state_publisher_gui.cpython-310.pyc
[0.805s] byte-compiling /home/marcus/ros2_ws/install/joint_state_publisher_gui/lib/python3.10/site-packages/joint_state_publisher_gui/__init__.py to __init__.cpython-310.pyc
[0.805s] running install_data
[0.806s] creating /home/marcus/ros2_ws/install/joint_state_publisher_gui/share/ament_index
[0.806s] creating /home/marcus/ros2_ws/install/joint_state_publisher_gui/share/ament_index/resource_index
[0.806s] creating /home/marcus/ros2_ws/install/joint_state_publisher_gui/share/ament_index/resource_index/packages
[0.806s] copying resource/joint_state_publisher_gui -> /home/marcus/ros2_ws/install/joint_state_publisher_gui/share/ament_index/resource_index/packages
[0.806s] copying package.xml -> /home/marcus/ros2_ws/install/joint_state_publisher_gui/share/joint_state_publisher_gui
[0.806s] running install_egg_info
[0.808s] Copying ../../../build/joint_state_publisher_gui/joint_state_publisher_gui.egg-info to /home/marcus/ros2_ws/install/joint_state_publisher_gui/lib/python3.10/site-packages/joint_state_publisher_gui-2.3.0-py3.10.egg-info
[0.809s] running install_scripts
[0.828s] Installing joint_state_publisher_gui script to /home/marcus/ros2_ws/install/joint_state_publisher_gui/lib/joint_state_publisher_gui
[0.828s] writing list of installed files to '/home/marcus/ros2_ws/build/joint_state_publisher_gui/install.log'
[0.852s] Invoked command in '/home/marcus/ros2_ws/src/joint_state_publisher/joint_state_publisher_gui' returned '0': AMENT_PREFIX_PATH=/home/marcus/ros2_ws/install/joint_state_publisher:${AMENT_PREFIX_PATH} PYTHONPATH=/home/marcus/ros2_ws/build/joint_state_publisher_gui/prefix_override:/home/marcus/ros2_ws/install/joint_state_publisher_gui/lib/python3.10/site-packages:/home/marcus/ros2_ws/install/joint_state_publisher/lib/python3.10/site-packages:${PYTHONPATH} /usr/bin/python3 setup.py egg_info --egg-base ../../../build/joint_state_publisher_gui build --build-base /home/marcus/ros2_ws/build/joint_state_publisher_gui/build install --record /home/marcus/ros2_ws/build/joint_state_publisher_gui/install.log --single-version-externally-managed
