[0.239s] Invoking command in '/home/marcus/ros2_ws/build/xacro': CMAKE_PREFIX_PATH=/opt/ros/humble /usr/bin/cmake --build /home/marcus/ros2_ws/build/xacro -- -j8 -l8
[0.280s] Built target ament_cmake_python_copy_xacro_setup
[0.280s] Built target ament_cmake_python_copy_xacro
[0.498s] running install_scripts
[0.500s] running egg_info
[0.500s] /usr/lib/python3/dist-packages/setuptools/command/install.py:34: SetuptoolsDeprecationWarning: setup.py install is deprecated. Use build and pip and other standards-based tools.
[0.500s]   warnings.warn(
[0.500s] writing xacro.egg-info/PKG-INFO
[0.500s] writing dependency_links to xacro.egg-info/dependency_links.txt
[0.500s] writing entry points to xacro.egg-info/entry_points.txt
[0.501s] writing top-level names to xacro.egg-info/top_level.txt
[0.503s] reading manifest file 'xacro.egg-info/SOURCES.txt'
[0.503s] writing manifest file 'xacro.egg-info/SOURCES.txt'
[0.520s] running egg_info
[0.521s] writing xacro.egg-info/PKG-INFO
[0.521s] writing dependency_links to xacro.egg-info/dependency_links.txt
[0.521s] writing entry points to xacro.egg-info/entry_points.txt
[0.521s] writing top-level names to xacro.egg-info/top_level.txt
[0.523s] reading manifest file 'xacro.egg-info/SOURCES.txt'
[0.523s] writing manifest file 'xacro.egg-info/SOURCES.txt'
[0.525s] Installing xacro script to scripts
[0.527s] Built target ament_cmake_python_build_xacro_egg
[0.550s] Built target ament_cmake_python_build_xacro_scripts
[0.558s] Invoked command in '/home/marcus/ros2_ws/build/xacro' returned '0': CMAKE_PREFIX_PATH=/opt/ros/humble /usr/bin/cmake --build /home/marcus/ros2_ws/build/xacro -- -j8 -l8
[0.583s] Invoking command in '/home/marcus/ros2_ws/build/xacro': CMAKE_PREFIX_PATH=/opt/ros/humble /usr/bin/cmake --install /home/marcus/ros2_ws/build/xacro
[0.588s] -- Install configuration: ""
[0.588s] -- Up-to-date: /home/marcus/ros2_ws/install/xacro/share/xacro/environment/completion.bash
[0.588s] -- Up-to-date: /home/marcus/ros2_ws/install/xacro/share/xacro/environment/pythonpath.sh
[0.588s] -- Up-to-date: /home/marcus/ros2_ws/install/xacro/share/xacro/environment/pythonpath.dsv
[0.588s] -- Up-to-date: /home/marcus/ros2_ws/install/xacro/local/lib/python3.10/dist-packages/xacro-2.0.9-py3.10.egg-info
[0.588s] -- Installing: /home/marcus/ros2_ws/install/xacro/local/lib/python3.10/dist-packages/xacro-2.0.9-py3.10.egg-info/top_level.txt
[0.589s] -- Installing: /home/marcus/ros2_ws/install/xacro/local/lib/python3.10/dist-packages/xacro-2.0.9-py3.10.egg-info/entry_points.txt
[0.589s] -- Installing: /home/marcus/ros2_ws/install/xacro/local/lib/python3.10/dist-packages/xacro-2.0.9-py3.10.egg-info/dependency_links.txt
[0.589s] -- Installing: /home/marcus/ros2_ws/install/xacro/local/lib/python3.10/dist-packages/xacro-2.0.9-py3.10.egg-info/SOURCES.txt
[0.589s] -- Installing: /home/marcus/ros2_ws/install/xacro/local/lib/python3.10/dist-packages/xacro-2.0.9-py3.10.egg-info/PKG-INFO
[0.589s] -- Up-to-date: /home/marcus/ros2_ws/install/xacro/lib/xacro/
[0.589s] -- Installing: /home/marcus/ros2_ws/install/xacro/lib/xacro//xacro
[0.589s] -- Up-to-date: /home/marcus/ros2_ws/install/xacro/local/lib/python3.10/dist-packages/xacro
[0.590s] -- Up-to-date: /home/marcus/ros2_ws/install/xacro/local/lib/python3.10/dist-packages/xacro/xmlutils.py
[0.590s] -- Up-to-date: /home/marcus/ros2_ws/install/xacro/local/lib/python3.10/dist-packages/xacro/cli.py
[0.590s] -- Up-to-date: /home/marcus/ros2_ws/install/xacro/local/lib/python3.10/dist-packages/xacro/substitution_args.py
[0.590s] -- Up-to-date: /home/marcus/ros2_ws/install/xacro/local/lib/python3.10/dist-packages/xacro/color.py
[0.590s] -- Up-to-date: /home/marcus/ros2_ws/install/xacro/local/lib/python3.10/dist-packages/xacro/__init__.py
[0.616s] Listing '/home/marcus/ros2_ws/install/xacro/local/lib/python3.10/dist-packages/xacro'...
[0.620s] -- Up-to-date: /home/marcus/ros2_ws/install/xacro/bin/
[0.620s] -- Installing: /home/marcus/ros2_ws/install/xacro/bin//xacro
[0.621s] -- Up-to-date: /home/marcus/ros2_ws/install/xacro/share/ament_index/resource_index/package_run_dependencies/xacro
[0.621s] -- Up-to-date: /home/marcus/ros2_ws/install/xacro/share/ament_index/resource_index/parent_prefix_path/xacro
[0.621s] -- Up-to-date: /home/marcus/ros2_ws/install/xacro/share/xacro/environment/ament_prefix_path.sh
[0.621s] -- Up-to-date: /home/marcus/ros2_ws/install/xacro/share/xacro/environment/ament_prefix_path.dsv
[0.621s] -- Up-to-date: /home/marcus/ros2_ws/install/xacro/share/xacro/environment/path.sh
[0.621s] -- Up-to-date: /home/marcus/ros2_ws/install/xacro/share/xacro/environment/path.dsv
[0.621s] -- Up-to-date: /home/marcus/ros2_ws/install/xacro/share/xacro/local_setup.bash
[0.621s] -- Up-to-date: /home/marcus/ros2_ws/install/xacro/share/xacro/local_setup.sh
[0.621s] -- Up-to-date: /home/marcus/ros2_ws/install/xacro/share/xacro/local_setup.zsh
[0.621s] -- Up-to-date: /home/marcus/ros2_ws/install/xacro/share/xacro/local_setup.dsv
[0.622s] -- Up-to-date: /home/marcus/ros2_ws/install/xacro/share/xacro/package.dsv
[0.622s] -- Up-to-date: /home/marcus/ros2_ws/install/xacro/share/ament_index/resource_index/packages/xacro
[0.622s] -- Up-to-date: /home/marcus/ros2_ws/install/xacro/share/xacro/cmake/xacro-extras.cmake
[0.622s] -- Up-to-date: /home/marcus/ros2_ws/install/xacro/share/xacro/cmake/xacroConfig.cmake
[0.622s] -- Up-to-date: /home/marcus/ros2_ws/install/xacro/share/xacro/cmake/xacroConfig-version.cmake
[0.622s] -- Up-to-date: /home/marcus/ros2_ws/install/xacro/share/xacro/package.xml
[0.624s] Invoked command in '/home/marcus/ros2_ws/build/xacro' returned '0': CMAKE_PREFIX_PATH=/opt/ros/humble /usr/bin/cmake --install /home/marcus/ros2_ws/build/xacro
