[0.311s] DEBUG:colcon:Command line arguments: ['/usr/bin/colcon', 'build']
[0.311s] DEBUG:colcon:Parsed command line arguments: Namespace(log_base=None, log_level=None, verb_name='build', build_base='build', install_base='install', merge_install=False, symlink_install=False, test_result_base=None, continue_on_error=False, executor='parallel', parallel_workers=8, event_handlers=None, ignore_user_meta=False, metas=['./colcon.meta'], base_paths=['.'], packages_ignore=None, packages_ignore_regex=None, paths=None, packages_up_to=None, packages_up_to_regex=None, packages_above=None, packages_above_and_dependencies=None, packages_above_depth=None, packages_select_by_dep=None, packages_skip_by_dep=None, packages_skip_up_to=None, packages_select_build_failed=False, packages_skip_build_finished=False, packages_select_test_failures=False, packages_skip_test_passed=False, packages_select=None, packages_skip=None, packages_select_regex=None, packages_skip_regex=None, packages_start=None, packages_end=None, allow_overriding=[], cmake_args=None, cmake_target=None, cmake_target_skip_unavailable=False, cmake_clean_cache=False, cmake_clean_first=False, cmake_force_configure=False, ament_cmake_args=None, catkin_cmake_args=None, catkin_skip_building_tests=False, verb_parser=<colcon_defaults.argument_parser.defaults.DefaultArgumentsDecorator object at 0x7f4a66b56170>, verb_extension=<colcon_core.verb.build.BuildVerb object at 0x7f4a66b55c00>, main=<bound method BuildVerb.main of <colcon_core.verb.build.BuildVerb object at 0x7f4a66b55c00>>)
[0.333s] Level 1:colcon.colcon_core.package_discovery:discover_packages(colcon_meta) check parameters
[0.333s] Level 1:colcon.colcon_core.package_discovery:discover_packages(recursive) check parameters
[0.333s] Level 1:colcon.colcon_core.package_discovery:discover_packages(ignore) check parameters
[0.333s] Level 1:colcon.colcon_core.package_discovery:discover_packages(path) check parameters
[0.333s] Level 1:colcon.colcon_core.package_discovery:discover_packages(colcon_meta) discover
[0.333s] Level 1:colcon.colcon_core.package_discovery:discover_packages(recursive) discover
[0.333s] INFO:colcon.colcon_core.package_discovery:Crawling recursively for packages in '/home/marcus/ros2_ws/src/urdf_tutorial'
[0.333s] Level 1:colcon.colcon_core.package_identification:_identify(.) by extensions ['ignore', 'ignore_ament_install']
[0.333s] Level 1:colcon.colcon_core.package_identification:_identify(.) by extension 'ignore'
[0.333s] Level 1:colcon.colcon_core.package_identification:_identify(.) by extension 'ignore_ament_install'
[0.333s] Level 1:colcon.colcon_core.package_identification:_identify(.) by extensions ['colcon_pkg']
[0.333s] Level 1:colcon.colcon_core.package_identification:_identify(.) by extension 'colcon_pkg'
[0.333s] Level 1:colcon.colcon_core.package_identification:_identify(.) by extensions ['colcon_meta']
[0.333s] Level 1:colcon.colcon_core.package_identification:_identify(.) by extension 'colcon_meta'
[0.333s] Level 1:colcon.colcon_core.package_identification:_identify(.) by extensions ['ros']
[0.334s] Level 1:colcon.colcon_core.package_identification:_identify(.) by extension 'ros'
[0.346s] DEBUG:colcon.colcon_core.package_identification:Package '.' with type 'ros.ament_cmake' and name 'urdf_tutorial'
[0.346s] Level 1:colcon.colcon_core.package_discovery:discover_packages(recursive) using defaults
[0.346s] Level 1:colcon.colcon_core.package_discovery:discover_packages(ignore) discover
[0.346s] Level 1:colcon.colcon_core.package_discovery:discover_packages(ignore) using defaults
[0.346s] Level 1:colcon.colcon_core.package_discovery:discover_packages(path) discover
[0.346s] Level 1:colcon.colcon_core.package_discovery:discover_packages(path) using defaults
[0.367s] Level 1:colcon.colcon_core.package_discovery:discover_packages(prefix_path) check parameters
[0.367s] Level 1:colcon.colcon_core.package_discovery:discover_packages(prefix_path) discover
[0.369s] DEBUG:colcon.colcon_installed_package_information.package_discovery:Found 4 installed packages in /home/marcus/ros2_ws/install
[0.370s] DEBUG:colcon.colcon_installed_package_information.package_discovery:Found 186 installed packages in /opt/ros/humble
[0.371s] Level 1:colcon.colcon_core.package_discovery:discover_packages(prefix_path) using defaults
[0.412s] Level 5:colcon.colcon_core.verb:set package 'urdf_tutorial' build argument 'cmake_args' from command line to 'None'
[0.412s] Level 5:colcon.colcon_core.verb:set package 'urdf_tutorial' build argument 'cmake_target' from command line to 'None'
[0.412s] Level 5:colcon.colcon_core.verb:set package 'urdf_tutorial' build argument 'cmake_target_skip_unavailable' from command line to 'False'
[0.412s] Level 5:colcon.colcon_core.verb:set package 'urdf_tutorial' build argument 'cmake_clean_cache' from command line to 'False'
[0.412s] Level 5:colcon.colcon_core.verb:set package 'urdf_tutorial' build argument 'cmake_clean_first' from command line to 'False'
[0.412s] Level 5:colcon.colcon_core.verb:set package 'urdf_tutorial' build argument 'cmake_force_configure' from command line to 'False'
[0.412s] Level 5:colcon.colcon_core.verb:set package 'urdf_tutorial' build argument 'ament_cmake_args' from command line to 'None'
[0.412s] Level 5:colcon.colcon_core.verb:set package 'urdf_tutorial' build argument 'catkin_cmake_args' from command line to 'None'
[0.412s] Level 5:colcon.colcon_core.verb:set package 'urdf_tutorial' build argument 'catkin_skip_building_tests' from command line to 'False'
[0.412s] DEBUG:colcon.colcon_core.verb:Building package 'urdf_tutorial' with the following arguments: {'ament_cmake_args': None, 'build_base': '/home/marcus/ros2_ws/src/urdf_tutorial/build/urdf_tutorial', 'catkin_cmake_args': None, 'catkin_skip_building_tests': False, 'cmake_args': None, 'cmake_clean_cache': False, 'cmake_clean_first': False, 'cmake_force_configure': False, 'cmake_target': None, 'cmake_target_skip_unavailable': False, 'install_base': '/home/marcus/ros2_ws/src/urdf_tutorial/install/urdf_tutorial', 'merge_install': False, 'path': '/home/marcus/ros2_ws/src/urdf_tutorial', 'symlink_install': False, 'test_result_base': None}
[0.413s] INFO:colcon.colcon_core.executor:Executing jobs using 'parallel' executor
[0.416s] DEBUG:colcon.colcon_parallel_executor.executor.parallel:run_until_complete
[0.416s] INFO:colcon.colcon_ros.task.ament_cmake.build:Building ROS package in '/home/marcus/ros2_ws/src/urdf_tutorial' with build type 'ament_cmake'
[0.416s] INFO:colcon.colcon_cmake.task.cmake.build:Building CMake package in '/home/marcus/ros2_ws/src/urdf_tutorial'
[0.420s] INFO:colcon.colcon_core.plugin_system:Skipping extension 'colcon_core.shell.bat': Not used on non-Windows systems
[0.420s] INFO:colcon.colcon_core.shell:Skip shell extension 'powershell' for command environment: Not usable outside of PowerShell
[0.420s] DEBUG:colcon.colcon_core.shell:Skip shell extension 'dsv' for command environment
[0.428s] DEBUG:colcon.colcon_core.event_handler.log_command:Invoking command in '/home/marcus/ros2_ws/src/urdf_tutorial/build/urdf_tutorial': CMAKE_PREFIX_PATH=${CMAKE_PREFIX_PATH}:/home/marcus/ros2_ws/install/joint_state_publisher_gui:/home/marcus/ros2_ws/install/joint_state_publisher:/opt/ros/humble /usr/bin/cmake /home/marcus/ros2_ws/src/urdf_tutorial -DCMAKE_INSTALL_PREFIX=/home/marcus/ros2_ws/src/urdf_tutorial/install/urdf_tutorial
[0.973s] DEBUG:colcon.colcon_core.event_handler.log_command:Invoked command in '/home/marcus/ros2_ws/src/urdf_tutorial/build/urdf_tutorial' returned '0': CMAKE_PREFIX_PATH=${CMAKE_PREFIX_PATH}:/home/marcus/ros2_ws/install/joint_state_publisher_gui:/home/marcus/ros2_ws/install/joint_state_publisher:/opt/ros/humble /usr/bin/cmake /home/marcus/ros2_ws/src/urdf_tutorial -DCMAKE_INSTALL_PREFIX=/home/marcus/ros2_ws/src/urdf_tutorial/install/urdf_tutorial
[0.976s] DEBUG:colcon.colcon_core.event_handler.log_command:Invoking command in '/home/marcus/ros2_ws/src/urdf_tutorial/build/urdf_tutorial': CMAKE_PREFIX_PATH=${CMAKE_PREFIX_PATH}:/home/marcus/ros2_ws/install/joint_state_publisher_gui:/home/marcus/ros2_ws/install/joint_state_publisher:/opt/ros/humble /usr/bin/cmake --build /home/marcus/ros2_ws/src/urdf_tutorial/build/urdf_tutorial -- -j8 -l8
[1.005s] DEBUG:colcon.colcon_core.event_handler.log_command:Invoked command in '/home/marcus/ros2_ws/src/urdf_tutorial/build/urdf_tutorial' returned '0': CMAKE_PREFIX_PATH=${CMAKE_PREFIX_PATH}:/home/marcus/ros2_ws/install/joint_state_publisher_gui:/home/marcus/ros2_ws/install/joint_state_publisher:/opt/ros/humble /usr/bin/cmake --build /home/marcus/ros2_ws/src/urdf_tutorial/build/urdf_tutorial -- -j8 -l8
[1.034s] DEBUG:colcon.colcon_core.event_handler.log_command:Invoking command in '/home/marcus/ros2_ws/src/urdf_tutorial/build/urdf_tutorial': CMAKE_PREFIX_PATH=${CMAKE_PREFIX_PATH}:/home/marcus/ros2_ws/install/joint_state_publisher_gui:/home/marcus/ros2_ws/install/joint_state_publisher:/opt/ros/humble /usr/bin/cmake --install /home/marcus/ros2_ws/src/urdf_tutorial/build/urdf_tutorial
[1.046s] Level 1:colcon.colcon_core.environment:create_environment_scripts_only(urdf_tutorial)
[1.048s] DEBUG:colcon.colcon_core.event_handler.log_command:Invoked command in '/home/marcus/ros2_ws/src/urdf_tutorial/build/urdf_tutorial' returned '0': CMAKE_PREFIX_PATH=${CMAKE_PREFIX_PATH}:/home/marcus/ros2_ws/install/joint_state_publisher_gui:/home/marcus/ros2_ws/install/joint_state_publisher:/opt/ros/humble /usr/bin/cmake --install /home/marcus/ros2_ws/src/urdf_tutorial/build/urdf_tutorial
[1.051s] Level 1:colcon.colcon_core.environment:checking '/home/marcus/ros2_ws/src/urdf_tutorial/install/urdf_tutorial' for CMake module files
[1.051s] Level 1:colcon.colcon_core.environment:checking '/home/marcus/ros2_ws/src/urdf_tutorial/install/urdf_tutorial' for CMake config files
[1.052s] Level 1:colcon.colcon_core.shell:create_environment_hook('urdf_tutorial', 'cmake_prefix_path')
[1.053s] INFO:colcon.colcon_core.shell:Creating environment hook '/home/marcus/ros2_ws/src/urdf_tutorial/install/urdf_tutorial/share/urdf_tutorial/hook/cmake_prefix_path.ps1'
[1.054s] INFO:colcon.colcon_core.shell:Creating environment descriptor '/home/marcus/ros2_ws/src/urdf_tutorial/install/urdf_tutorial/share/urdf_tutorial/hook/cmake_prefix_path.dsv'
[1.054s] INFO:colcon.colcon_core.shell:Creating environment hook '/home/marcus/ros2_ws/src/urdf_tutorial/install/urdf_tutorial/share/urdf_tutorial/hook/cmake_prefix_path.sh'
[1.055s] Level 1:colcon.colcon_core.environment:checking '/home/marcus/ros2_ws/src/urdf_tutorial/install/urdf_tutorial/bin'
[1.055s] Level 1:colcon.colcon_core.environment:checking '/home/marcus/ros2_ws/src/urdf_tutorial/install/urdf_tutorial/lib/pkgconfig/urdf_tutorial.pc'
[1.055s] Level 1:colcon.colcon_core.environment:checking '/home/marcus/ros2_ws/src/urdf_tutorial/install/urdf_tutorial/lib/python3.10/site-packages'
[1.055s] Level 1:colcon.colcon_core.environment:checking '/home/marcus/ros2_ws/src/urdf_tutorial/install/urdf_tutorial/bin'
[1.056s] INFO:colcon.colcon_core.shell:Creating package script '/home/marcus/ros2_ws/src/urdf_tutorial/install/urdf_tutorial/share/urdf_tutorial/package.ps1'
[1.057s] INFO:colcon.colcon_core.shell:Creating package descriptor '/home/marcus/ros2_ws/src/urdf_tutorial/install/urdf_tutorial/share/urdf_tutorial/package.dsv'
[1.057s] INFO:colcon.colcon_core.shell:Creating package script '/home/marcus/ros2_ws/src/urdf_tutorial/install/urdf_tutorial/share/urdf_tutorial/package.sh'
[1.058s] INFO:colcon.colcon_core.shell:Creating package script '/home/marcus/ros2_ws/src/urdf_tutorial/install/urdf_tutorial/share/urdf_tutorial/package.bash'
[1.058s] INFO:colcon.colcon_core.shell:Creating package script '/home/marcus/ros2_ws/src/urdf_tutorial/install/urdf_tutorial/share/urdf_tutorial/package.zsh'
[1.059s] Level 1:colcon.colcon_core.environment:create_file_with_runtime_dependencies(/home/marcus/ros2_ws/src/urdf_tutorial/install/urdf_tutorial/share/colcon-core/packages/urdf_tutorial)
[1.078s] Level 1:colcon.colcon_core.environment:create_environment_scripts_only(urdf_tutorial)
[1.079s] Level 1:colcon.colcon_core.environment:checking '/home/marcus/ros2_ws/src/urdf_tutorial/install/urdf_tutorial' for CMake module files
[1.080s] Level 1:colcon.colcon_core.environment:checking '/home/marcus/ros2_ws/src/urdf_tutorial/install/urdf_tutorial' for CMake config files
[1.080s] Level 1:colcon.colcon_core.shell:create_environment_hook('urdf_tutorial', 'cmake_prefix_path')
[1.081s] INFO:colcon.colcon_core.shell:Creating environment hook '/home/marcus/ros2_ws/src/urdf_tutorial/install/urdf_tutorial/share/urdf_tutorial/hook/cmake_prefix_path.ps1'
[1.082s] INFO:colcon.colcon_core.shell:Creating environment descriptor '/home/marcus/ros2_ws/src/urdf_tutorial/install/urdf_tutorial/share/urdf_tutorial/hook/cmake_prefix_path.dsv'
[1.082s] INFO:colcon.colcon_core.shell:Creating environment hook '/home/marcus/ros2_ws/src/urdf_tutorial/install/urdf_tutorial/share/urdf_tutorial/hook/cmake_prefix_path.sh'
[1.082s] Level 1:colcon.colcon_core.environment:checking '/home/marcus/ros2_ws/src/urdf_tutorial/install/urdf_tutorial/bin'
[1.082s] Level 1:colcon.colcon_core.environment:checking '/home/marcus/ros2_ws/src/urdf_tutorial/install/urdf_tutorial/lib/pkgconfig/urdf_tutorial.pc'
[1.083s] Level 1:colcon.colcon_core.environment:checking '/home/marcus/ros2_ws/src/urdf_tutorial/install/urdf_tutorial/lib/python3.10/site-packages'
[1.083s] Level 1:colcon.colcon_core.environment:checking '/home/marcus/ros2_ws/src/urdf_tutorial/install/urdf_tutorial/bin'
[1.084s] INFO:colcon.colcon_core.shell:Creating package script '/home/marcus/ros2_ws/src/urdf_tutorial/install/urdf_tutorial/share/urdf_tutorial/package.ps1'
[1.084s] INFO:colcon.colcon_core.shell:Creating package descriptor '/home/marcus/ros2_ws/src/urdf_tutorial/install/urdf_tutorial/share/urdf_tutorial/package.dsv'
[1.085s] INFO:colcon.colcon_core.shell:Creating package script '/home/marcus/ros2_ws/src/urdf_tutorial/install/urdf_tutorial/share/urdf_tutorial/package.sh'
[1.085s] INFO:colcon.colcon_core.shell:Creating package script '/home/marcus/ros2_ws/src/urdf_tutorial/install/urdf_tutorial/share/urdf_tutorial/package.bash'
[1.086s] INFO:colcon.colcon_core.shell:Creating package script '/home/marcus/ros2_ws/src/urdf_tutorial/install/urdf_tutorial/share/urdf_tutorial/package.zsh'
[1.086s] Level 1:colcon.colcon_core.environment:create_file_with_runtime_dependencies(/home/marcus/ros2_ws/src/urdf_tutorial/install/urdf_tutorial/share/colcon-core/packages/urdf_tutorial)
[1.086s] DEBUG:colcon.colcon_parallel_executor.executor.parallel:closing loop
[1.086s] DEBUG:colcon.colcon_parallel_executor.executor.parallel:loop closed
[1.087s] DEBUG:colcon.colcon_parallel_executor.executor.parallel:run_until_complete finished with '0'
[1.087s] DEBUG:colcon.colcon_core.event_reactor:joining thread
[1.091s] INFO:colcon.colcon_core.plugin_system:Skipping extension 'colcon_notification.desktop_notification.terminal_notifier': Not used on non-Darwin systems
[1.091s] INFO:colcon.colcon_core.plugin_system:Skipping extension 'colcon_notification.desktop_notification.win32': Not used on non-Windows systems
[1.091s] INFO:colcon.colcon_notification.desktop_notification:Sending desktop notification using 'notify2'
[1.102s] DEBUG:colcon.colcon_core.event_reactor:joined thread
[1.105s] INFO:colcon.colcon_core.shell:Creating prefix script '/home/marcus/ros2_ws/src/urdf_tutorial/install/local_setup.ps1'
[1.106s] INFO:colcon.colcon_core.shell:Creating prefix util module '/home/marcus/ros2_ws/src/urdf_tutorial/install/_local_setup_util_ps1.py'
[1.108s] INFO:colcon.colcon_core.shell:Creating prefix chain script '/home/marcus/ros2_ws/src/urdf_tutorial/install/setup.ps1'
[1.111s] INFO:colcon.colcon_core.shell:Creating prefix script '/home/marcus/ros2_ws/src/urdf_tutorial/install/local_setup.sh'
[1.111s] INFO:colcon.colcon_core.shell:Creating prefix util module '/home/marcus/ros2_ws/src/urdf_tutorial/install/_local_setup_util_sh.py'
[1.111s] INFO:colcon.colcon_core.shell:Creating prefix chain script '/home/marcus/ros2_ws/src/urdf_tutorial/install/setup.sh'
[1.113s] INFO:colcon.colcon_core.shell:Creating prefix script '/home/marcus/ros2_ws/src/urdf_tutorial/install/local_setup.bash'
[1.113s] INFO:colcon.colcon_core.shell:Creating prefix chain script '/home/marcus/ros2_ws/src/urdf_tutorial/install/setup.bash'
[1.115s] INFO:colcon.colcon_core.shell:Creating prefix script '/home/marcus/ros2_ws/src/urdf_tutorial/install/local_setup.zsh'
[1.115s] INFO:colcon.colcon_core.shell:Creating prefix chain script '/home/marcus/ros2_ws/src/urdf_tutorial/install/setup.zsh'
